---------------------------------------------------------------
[ 2017-12-04T09:19:26+08:00 ] 121.42.77.167 116.54.93.251 GET /blog/home
[ info ] www.zhangheteng.com/blog/home [运行时间：0.032764s][吞吐率：30.52req/s] [内存消耗：2,366.22kb] [文件加载：45]
[ info ] [ LANG ] /data/home/qxu1141810136/htdocs/blog/thinkphp/lang/zh-cn.php
[ info ] [ ROUTE ] array (
  'type' => 'module',
  'module' => 
  array (
    0 => 'home',
    1 => NULL,
    2 => NULL,
  ),
)
[ info ] [ HEADER ] array (
  'accept' => 'text/html,application/xhtml+xml,application/xml;q=0.9,image/webp,image/apng,*/*;q=0.8',
  'accept-encoding' => 'gzip, deflate',
  'accept-language' => 'zh-CN,zh;q=0.8',
  'connection' => 'keep-alive',
  'cookie' => 'a7273_times=5; Hm_lvt_080836300300be57b7f34f4b3e97d911=1511745631,1511762962,1511832235,1512095283',
  'host' => 'www.zhangheteng.com',
  'upgrade-insecure-requests' => '1',
  'user-agent' => 'Mozilla/5.0 (Windows NT 10.0; Win64; x64) AppleWebKit/537.36 (KHTML, like Gecko) Chrome/61.0.3163.100 Safari/537.36',
)
[ info ] [ PARAM ] array (
)
[ info ] [ SESSION ] INIT array (
  'id' => '',
  'var_session_id' => '',
  'prefix' => 'think',
  'type' => '',
  'auto_start' => true,
  'SESSION_EXPIRE' => 60,
)
[ info ] [ LOG ] INIT File
---------------------------------------------------------------
[ 2017-12-04T09:19:26+08:00 ] 121.42.77.167 116.54.93.251 GET /blog/login.html
[ info ] www.zhangheteng.com/blog/login.html [运行时间：0.034255s][吞吐率：29.19req/s] [内存消耗：2,452.23kb] [文件加载：47]
[ info ] [ LANG ] /data/home/qxu1141810136/htdocs/blog/thinkphp/lang/zh-cn.php
[ info ] [ ROUTE ] array (
  'type' => 'module',
  'module' => 
  array (
    0 => 'login',
    1 => NULL,
    2 => NULL,
  ),
)
[ info ] [ HEADER ] array (
  'accept' => 'text/html,application/xhtml+xml,application/xml;q=0.9,image/webp,image/apng,*/*;q=0.8',
  'accept-encoding' => 'gzip, deflate',
  'accept-language' => 'zh-CN,zh;q=0.8',
  'connection' => 'keep-alive',
  'cookie' => 'a7273_times=5; Hm_lvt_080836300300be57b7f34f4b3e97d911=1511745631,1511762962,1511832235,1512095283; PHPSESSID=70kvoqj67fu13ivjkncuotpgt0',
  'host' => 'www.zhangheteng.com',
  'upgrade-insecure-requests' => '1',
  'user-agent' => 'Mozilla/5.0 (Windows NT 10.0; Win64; x64) AppleWebKit/537.36 (KHTML, like Gecko) Chrome/61.0.3163.100 Safari/537.36',
)
[ info ] [ PARAM ] array (
)
[ info ] [ RUN ] app\login\controller\Index->index[ /data/home/qxu1141810136/htdocs/blog/application/login/controller/Index.php ]
[ info ] [ VIEW ] /data/home/qxu1141810136/htdocs/blog/application/login/view/index/index.html [ array (
) ]
[ info ] [ LOG ] INIT File
---------------------------------------------------------------
[ 2017-12-04T09:19:27+08:00 ] 121.42.77.167 116.54.93.251 POST /blog/login/index/proving.html
[ info ] www.zhangheteng.com/blog/login/index/proving.html [运行时间：0.070880s][吞吐率：14.11req/s] [内存消耗：3,321.92kb] [文件加载：52]
[ info ] [ LANG ] /data/home/qxu1141810136/htdocs/blog/thinkphp/lang/zh-cn.php
[ info ] [ ROUTE ] array (
  'type' => 'module',
  'module' => 
  array (
    0 => 'login',
    1 => 'index',
    2 => 'proving',
  ),
)
[ info ] [ HEADER ] array (
  'content-length' => '19',
  'content-type' => 'application/x-www-form-urlencoded; charset=UTF-8',
  'accept' => 'application/json, text/javascript, */*; q=0.01',
  'accept-encoding' => 'gzip, deflate',
  'accept-language' => 'zh-CN,zh;q=0.8',
  'connection' => 'keep-alive',
  'cookie' => 'a7273_times=5; Hm_lvt_080836300300be57b7f34f4b3e97d911=1511745631,1511762962,1511832235,1512095283; PHPSESSID=70kvoqj67fu13ivjkncuotpgt0',
  'host' => 'www.zhangheteng.com',
  'origin' => 'http://www.zhangheteng.com',
  'referer' => 'http://www.zhangheteng.com/blog/login.html',
  'user-agent' => 'Mozilla/5.0 (Windows NT 10.0; Win64; x64) AppleWebKit/537.36 (KHTML, like Gecko) Chrome/61.0.3163.100 Safari/537.36',
  'x-requested-with' => 'XMLHttpRequest',
)
[ info ] [ PARAM ] array (
  'type' => '1',
  'data' => 'zhanght',
)
[ info ] [ RUN ] app\login\controller\Index->proving[ /data/home/qxu1141810136/htdocs/blog/application/login/controller/Index.php ]
[ info ] [ DB ] INIT mysql
[ info ] [ LOG ] INIT File
[ sql ] [ DB ] CONNECT:[ UseTime:0.022788s ] mysql:host=qdm191867626.my3w.com;port=3306;dbname=qdm191867626_db;charset=utf8
[ sql ] [ SQL ] SHOW COLUMNS FROM `summary_user` [ RunTime:0.002093s ]
[ sql ] [ SQL ] SELECT * FROM `summary_user` WHERE  `user_name` = 'zhanght' LIMIT 1 [ RunTime:0.001654s ]
---------------------------------------------------------------
[ 2017-12-04T09:19:27+08:00 ] 121.42.77.167 116.54.93.251 POST /blog/login/index/proving.html
[ info ] www.zhangheteng.com/blog/login/index/proving.html [运行时间：0.081259s][吞吐率：12.31req/s] [内存消耗：3,321.92kb] [文件加载：52]
[ info ] [ LANG ] /data/home/qxu1141810136/htdocs/blog/thinkphp/lang/zh-cn.php
[ info ] [ ROUTE ] array (
  'type' => 'module',
  'module' => 
  array (
    0 => 'login',
    1 => 'index',
    2 => 'proving',
  ),
)
[ info ] [ HEADER ] array (
  'content-length' => '19',
  'content-type' => 'application/x-www-form-urlencoded; charset=UTF-8',
  'accept' => 'application/json, text/javascript, */*; q=0.01',
  'accept-encoding' => 'gzip, deflate',
  'accept-language' => 'zh-CN,zh;q=0.8',
  'connection' => 'keep-alive',
  'cookie' => 'a7273_times=5; Hm_lvt_080836300300be57b7f34f4b3e97d911=1511745631,1511762962,1511832235,1512095283; PHPSESSID=70kvoqj67fu13ivjkncuotpgt0',
  'host' => 'www.zhangheteng.com',
  'origin' => 'http://www.zhangheteng.com',
  'referer' => 'http://www.zhangheteng.com/blog/login.html',
  'user-agent' => 'Mozilla/5.0 (Windows NT 10.0; Win64; x64) AppleWebKit/537.36 (KHTML, like Gecko) Chrome/61.0.3163.100 Safari/537.36',
  'x-requested-with' => 'XMLHttpRequest',
)
[ info ] [ PARAM ] array (
  'type' => '1',
  'data' => 'zhanght',
)
[ info ] [ RUN ] app\login\controller\Index->proving[ /data/home/qxu1141810136/htdocs/blog/application/login/controller/Index.php ]
[ info ] [ DB ] INIT mysql
[ info ] [ LOG ] INIT File
[ sql ] [ DB ] CONNECT:[ UseTime:0.032868s ] mysql:host=qdm191867626.my3w.com;port=3306;dbname=qdm191867626_db;charset=utf8
[ sql ] [ SQL ] SHOW COLUMNS FROM `summary_user` [ RunTime:0.001919s ]
[ sql ] [ SQL ] SELECT * FROM `summary_user` WHERE  `user_name` = 'zhanght' LIMIT 1 [ RunTime:0.001183s ]
---------------------------------------------------------------
[ 2017-12-04T09:19:32+08:00 ] 121.42.77.167 116.54.93.251 POST /blog/login/index/index.html
[ info ] www.zhangheteng.com/blog/login/index/index.html [运行时间：0.064959s][吞吐率：15.39req/s] [内存消耗：3,439.52kb] [文件加载：55]
[ info ] [ LANG ] /data/home/qxu1141810136/htdocs/blog/thinkphp/lang/zh-cn.php
[ info ] [ ROUTE ] array (
  'type' => 'module',
  'module' => 
  array (
    0 => 'login',
    1 => 'index',
    2 => 'index',
  ),
)
[ info ] [ HEADER ] array (
  'content-length' => '44',
  'content-type' => 'application/x-www-form-urlencoded; charset=UTF-8',
  'accept' => 'application/json, text/javascript, */*; q=0.01',
  'accept-encoding' => 'gzip, deflate',
  'accept-language' => 'zh-CN,zh;q=0.8',
  'connection' => 'keep-alive',
  'cookie' => 'a7273_times=5; Hm_lvt_080836300300be57b7f34f4b3e97d911=1511745631,1511762962,1511832235,1512095283; PHPSESSID=70kvoqj67fu13ivjkncuotpgt0',
  'host' => 'www.zhangheteng.com',
  'origin' => 'http://www.zhangheteng.com',
  'referer' => 'http://www.zhangheteng.com/blog/login.html',
  'user-agent' => 'Mozilla/5.0 (Windows NT 10.0; Win64; x64) AppleWebKit/537.36 (KHTML, like Gecko) Chrome/61.0.3163.100 Safari/537.36',
  'x-requested-with' => 'XMLHttpRequest',
)
[ info ] [ PARAM ] array (
  'user_name' => 'zhanght',
  'pass_word' => 'zhang13759427003',
)
[ info ] [ RUN ] app\login\controller\Index->index[ /data/home/qxu1141810136/htdocs/blog/application/login/controller/Index.php ]
[ info ] [ DB ] INIT mysql
[ info ] [ SESSION ] INIT array (
  'id' => '',
  'var_session_id' => '',
  'prefix' => 'think',
  'type' => '',
  'auto_start' => true,
  'SESSION_EXPIRE' => 60,
)
[ info ] [ CACHE ] INIT File
[ info ] [ LOG ] INIT File
[ sql ] [ DB ] CONNECT:[ UseTime:0.004176s ] mysql:host=qdm191867626.my3w.com;port=3306;dbname=qdm191867626_db;charset=utf8
[ sql ] [ SQL ] SHOW COLUMNS FROM `summary_user` [ RunTime:0.002055s ]
[ sql ] [ SQL ] SELECT * FROM `summary_user` WHERE  `user_name` = 'zhanght'  AND `pass_word` = '234d329c10672128cb194ea63b4e4d50' LIMIT 1 [ RunTime:0.001541s ]
[ sql ] [ SQL ] UPDATE `summary_user`  SET `land`=46,`ip_next`='116.54.93.251',`login_time`=1512350372  WHERE  `id` = 30 [ RunTime:0.009954s ]
---------------------------------------------------------------
[ 2017-12-04T09:19:34+08:00 ] 121.42.77.167 116.54.93.251 GET /blog/home
[ info ] www.zhangheteng.com/blog/home [运行时间：0.059306s][吞吐率：16.86req/s] [内存消耗：3,439.33kb] [文件加载：55]
[ info ] [ LANG ] /data/home/qxu1141810136/htdocs/blog/thinkphp/lang/zh-cn.php
[ info ] [ ROUTE ] array (
  'type' => 'module',
  'module' => 
  array (
    0 => 'home',
    1 => NULL,
    2 => NULL,
  ),
)
[ info ] [ HEADER ] array (
  'accept' => 'text/html,application/xhtml+xml,application/xml;q=0.9,image/webp,image/apng,*/*;q=0.8',
  'accept-encoding' => 'gzip, deflate',
  'accept-language' => 'zh-CN,zh;q=0.8',
  'connection' => 'keep-alive',
  'cookie' => 'a7273_times=5; Hm_lvt_080836300300be57b7f34f4b3e97d911=1511745631,1511762962,1511832235,1512095283; PHPSESSID=70kvoqj67fu13ivjkncuotpgt0',
  'host' => 'www.zhangheteng.com',
  'referer' => 'http://www.zhangheteng.com/blog/login.html',
  'upgrade-insecure-requests' => '1',
  'user-agent' => 'Mozilla/5.0 (Windows NT 10.0; Win64; x64) AppleWebKit/537.36 (KHTML, like Gecko) Chrome/61.0.3163.100 Safari/537.36',
)
[ info ] [ PARAM ] array (
)
[ info ] [ SESSION ] INIT array (
  'id' => '',
  'var_session_id' => '',
  'prefix' => 'think',
  'type' => '',
  'auto_start' => true,
  'SESSION_EXPIRE' => 60,
)
[ info ] [ RUN ] app\home\controller\Index->index[ /data/home/qxu1141810136/htdocs/blog/application/home/controller/Index.php ]
[ info ] [ DB ] INIT mysql
[ info ] [ VIEW ] /data/home/qxu1141810136/htdocs/blog/application/home/view/index/index.html [ array (
  0 => 'data_menu',
  1 => 'theme',
) ]
[ info ] [ LOG ] INIT File
[ sql ] [ DB ] CONNECT:[ UseTime:0.004035s ] mysql:host=qdm191867626.my3w.com;port=3306;dbname=qdm191867626_db;charset=utf8
[ sql ] [ SQL ] SHOW COLUMNS FROM `summary_menu` [ RunTime:0.002249s ]
[ sql ] [ SQL ] SELECT * FROM `summary_menu` WHERE  `type` = 0  AND `power` = 1 [ RunTime:0.001511s ]
[ sql ] [ SQL ] SELECT * FROM `summary_menu` WHERE  `type` = 1  AND `power` = 1 ORDER BY rank asc [ RunTime:0.001435s ]
[ sql ] [ SQL ] SHOW COLUMNS FROM `summary_user` [ RunTime:0.001698s ]
[ sql ] [ SQL ] SELECT `theme`,`set_time` FROM `summary_user` WHERE  `id` = 30 LIMIT 1 [ RunTime:0.001226s ]
---------------------------------------------------------------
[ 2017-12-04T09:19:35+08:00 ] 121.42.77.167 116.54.93.251 GET /blog/home/index/welcome.html
[ info ] www.zhangheteng.com/blog/home/index/welcome.html [运行时间：0.117885s][吞吐率：8.48req/s] [内存消耗：2,361.60kb] [文件加载：47]
[ info ] [ LANG ] /data/home/qxu1141810136/htdocs/blog/thinkphp/lang/zh-cn.php
[ info ] [ ROUTE ] array (
  'type' => 'module',
  'module' => 
  array (
    0 => 'home',
    1 => 'index',
    2 => 'welcome',
  ),
)
[ info ] [ HEADER ] array (
  'accept' => 'text/html,application/xhtml+xml,application/xml;q=0.9,image/webp,image/apng,*/*;q=0.8',
  'accept-encoding' => 'gzip, deflate',
  'accept-language' => 'zh-CN,zh;q=0.8',
  'connection' => 'keep-alive',
  'cookie' => 'a7273_times=5; Hm_lvt_080836300300be57b7f34f4b3e97d911=1511745631,1511762962,1511832235,1512095283; PHPSESSID=70kvoqj67fu13ivjkncuotpgt0',
  'host' => 'www.zhangheteng.com',
  'referer' => 'http://www.zhangheteng.com/blog/home',
  'upgrade-insecure-requests' => '1',
  'user-agent' => 'Mozilla/5.0 (Windows NT 10.0; Win64; x64) AppleWebKit/537.36 (KHTML, like Gecko) Chrome/61.0.3163.100 Safari/537.36',
)
[ info ] [ PARAM ] array (
)
[ info ] [ SESSION ] INIT array (
  'id' => '',
  'var_session_id' => '',
  'prefix' => 'think',
  'type' => '',
  'auto_start' => true,
  'SESSION_EXPIRE' => 60,
)
[ info ] [ RUN ] app\home\controller\Index->welcome[ /data/home/qxu1141810136/htdocs/blog/application/home/controller/Index.php ]
[ info ] [ VIEW ] /data/home/qxu1141810136/htdocs/blog/application/home/view/index/welcome.html [ array (
  0 => 'info',
  1 => 'ip_address',
) ]
[ info ] [ LOG ] INIT File
---------------------------------------------------------------
[ 2017-12-04T09:19:38+08:00 ] 121.42.77.167 116.54.93.251 GET /blog/home/editor/article
[ info ] www.zhangheteng.com/blog/home/editor/article [运行时间：0.058257s][吞吐率：17.17req/s] [内存消耗：4,558.08kb] [文件加载：57]
[ info ] [ LANG ] /data/home/qxu1141810136/htdocs/blog/thinkphp/lang/zh-cn.php
[ info ] [ ROUTE ] array (
  'type' => 'module',
  'module' => 
  array (
    0 => 'home',
    1 => 'editor',
    2 => 'article',
  ),
)
[ info ] [ HEADER ] array (
  'accept' => 'text/html,application/xhtml+xml,application/xml;q=0.9,image/webp,image/apng,*/*;q=0.8',
  'accept-encoding' => 'gzip, deflate',
  'accept-language' => 'zh-CN,zh;q=0.8',
  'connection' => 'keep-alive',
  'cookie' => 'a7273_times=5; PHPSESSID=70kvoqj67fu13ivjkncuotpgt0; Hm_lvt_080836300300be57b7f34f4b3e97d911=1511762962,1511832235,1512095283,1512350377; Hm_lpvt_080836300300be57b7f34f4b3e97d911=1512350377',
  'host' => 'www.zhangheteng.com',
  'referer' => 'http://www.zhangheteng.com/blog/home',
  'upgrade-insecure-requests' => '1',
  'user-agent' => 'Mozilla/5.0 (Windows NT 10.0; Win64; x64) AppleWebKit/537.36 (KHTML, like Gecko) Chrome/61.0.3163.100 Safari/537.36',
)
[ info ] [ PARAM ] array (
)
[ info ] [ RUN ] app\home\controller\Editor->article[ /data/home/qxu1141810136/htdocs/blog/application/home/controller/Editor.php ]
[ info ] [ SESSION ] INIT array (
  'id' => '',
  'var_session_id' => '',
  'prefix' => 'think',
  'type' => '',
  'auto_start' => true,
  'SESSION_EXPIRE' => 60,
)
[ info ] [ DB ] INIT mysql
[ info ] [ VIEW ] /data/home/qxu1141810136/htdocs/blog/application/home/view/editor/article.html [ array (
  0 => 'content',
  1 => 'list',
  2 => 'page_num',
) ]
[ info ] [ LOG ] INIT File
[ sql ] [ DB ] CONNECT:[ UseTime:0.004905s ] mysql:host=qdm191867626.my3w.com;port=3306;dbname=qdm191867626_db;charset=utf8
[ sql ] [ SQL ] SHOW COLUMNS FROM `summary_editor` [ RunTime:0.002230s ]
[ sql ] [ SQL ] SELECT COUNT(*) AS tp_count FROM `summary_editor` WHERE  `user_name` = 'zhanght'  AND `status` = 1 LIMIT 1 [ RunTime:0.001667s ]
[ sql ] [ SQL ] SELECT * FROM `summary_editor` WHERE  `user_name` = 'zhanght'  AND `status` = 1 ORDER BY set_time desc LIMIT 0,10 [ RunTime:0.001370s ]
---------------------------------------------------------------
[ 2017-12-04T09:19:39+08:00 ] 121.42.77.167 116.54.93.251 GET /blog/home/editor/publisher
[ info ] www.zhangheteng.com/blog/home/editor/publisher [运行时间：0.055883s][吞吐率：17.89req/s] [内存消耗：4,482.25kb] [文件加载：56]
[ info ] [ LANG ] /data/home/qxu1141810136/htdocs/blog/thinkphp/lang/zh-cn.php
[ info ] [ ROUTE ] array (
  'type' => 'module',
  'module' => 
  array (
    0 => 'home',
    1 => 'editor',
    2 => 'publisher',
  ),
)
[ info ] [ HEADER ] array (
  'accept' => 'text/html,application/xhtml+xml,application/xml;q=0.9,image/webp,image/apng,*/*;q=0.8',
  'accept-encoding' => 'gzip, deflate',
  'accept-language' => 'zh-CN,zh;q=0.8',
  'connection' => 'keep-alive',
  'cookie' => 'a7273_times=5; PHPSESSID=70kvoqj67fu13ivjkncuotpgt0; Hm_lvt_080836300300be57b7f34f4b3e97d911=1511762962,1511832235,1512095283,1512350377; Hm_lpvt_080836300300be57b7f34f4b3e97d911=1512350377',
  'host' => 'www.zhangheteng.com',
  'referer' => 'http://www.zhangheteng.com/blog/home',
  'upgrade-insecure-requests' => '1',
  'user-agent' => 'Mozilla/5.0 (Windows NT 10.0; Win64; x64) AppleWebKit/537.36 (KHTML, like Gecko) Chrome/61.0.3163.100 Safari/537.36',
)
[ info ] [ PARAM ] array (
)
[ info ] [ RUN ] app\home\controller\Editor->publisher[ /data/home/qxu1141810136/htdocs/blog/application/home/controller/Editor.php ]
[ info ] [ SESSION ] INIT array (
  'id' => '',
  'var_session_id' => '',
  'prefix' => 'think',
  'type' => '',
  'auto_start' => true,
  'SESSION_EXPIRE' => 60,
)
[ info ] [ DB ] INIT mysql
[ info ] [ VIEW ] /data/home/qxu1141810136/htdocs/blog/application/home/view/editor/publisher.html [ array (
  0 => 'content',
  1 => 'list',
  2 => 'page_num',
) ]
[ info ] [ LOG ] INIT File
[ sql ] [ DB ] CONNECT:[ UseTime:0.003876s ] mysql:host=qdm191867626.my3w.com;port=3306;dbname=qdm191867626_db;charset=utf8
[ sql ] [ SQL ] SHOW COLUMNS FROM `summary_editor` [ RunTime:0.001986s ]
[ sql ] [ SQL ] SELECT COUNT(*) AS tp_count FROM `summary_editor` WHERE  (  status <> 1 )  AND `user_name` = 'zhanght' LIMIT 1 [ RunTime:0.001358s ]
[ sql ] [ SQL ] SELECT * FROM `summary_editor` WHERE  (  status <> 1 )  AND `user_name` = 'zhanght' ORDER BY set_time desc LIMIT 0,10 [ RunTime:0.001570s ]
---------------------------------------------------------------
[ 2017-12-04T09:19:42+08:00 ] 121.42.77.167 116.54.93.251 GET /blog/home/editor
[ info ] www.zhangheteng.com/blog/home/editor [运行时间：0.035331s][吞吐率：28.30req/s] [内存消耗：2,404.33kb] [文件加载：47]
[ info ] [ LANG ] /data/home/qxu1141810136/htdocs/blog/thinkphp/lang/zh-cn.php
[ info ] [ ROUTE ] array (
  'type' => 'module',
  'module' => 
  array (
    0 => 'home',
    1 => 'editor',
    2 => NULL,
  ),
)
[ info ] [ HEADER ] array (
  'accept' => 'text/html,application/xhtml+xml,application/xml;q=0.9,image/webp,image/apng,*/*;q=0.8',
  'accept-encoding' => 'gzip, deflate',
  'accept-language' => 'zh-CN,zh;q=0.8',
  'connection' => 'keep-alive',
  'cookie' => 'a7273_times=5; PHPSESSID=70kvoqj67fu13ivjkncuotpgt0; Hm_lvt_080836300300be57b7f34f4b3e97d911=1511762962,1511832235,1512095283,1512350377; Hm_lpvt_080836300300be57b7f34f4b3e97d911=1512350377',
  'host' => 'www.zhangheteng.com',
  'referer' => 'http://www.zhangheteng.com/blog/home',
  'upgrade-insecure-requests' => '1',
  'user-agent' => 'Mozilla/5.0 (Windows NT 10.0; Win64; x64) AppleWebKit/537.36 (KHTML, like Gecko) Chrome/61.0.3163.100 Safari/537.36',
)
[ info ] [ PARAM ] array (
)
[ info ] [ RUN ] app\home\controller\Editor->index[ /data/home/qxu1141810136/htdocs/blog/application/home/controller/Editor.php ]
[ info ] [ SESSION ] INIT array (
  'id' => '',
  'var_session_id' => '',
  'prefix' => 'think',
  'type' => '',
  'auto_start' => true,
  'SESSION_EXPIRE' => 60,
)
[ info ] [ VIEW ] /data/home/qxu1141810136/htdocs/blog/application/home/view/editor/index.html [ array (
) ]
[ info ] [ LOG ] INIT File
---------------------------------------------------------------
[ 2017-12-04T09:19:44+08:00 ] 121.42.77.167 116.54.93.251 POST /blog/home/index/exit_login.html
[ info ] www.zhangheteng.com/blog/home/index/exit_login.html [运行时间：0.034327s][吞吐率：29.13req/s] [内存消耗：2,342.64kb] [文件加载：46]
[ info ] [ LANG ] /data/home/qxu1141810136/htdocs/blog/thinkphp/lang/zh-cn.php
[ info ] [ ROUTE ] array (
  'type' => 'module',
  'module' => 
  array (
    0 => 'home',
    1 => 'index',
    2 => 'exit_login',
  ),
)
[ info ] [ HEADER ] array (
  'content-length' => '0',
  'accept' => 'application/json, text/javascript, */*; q=0.01',
  'accept-encoding' => 'gzip, deflate',
  'accept-language' => 'zh-CN,zh;q=0.8',
  'connection' => 'keep-alive',
  'cookie' => 'a7273_times=5; PHPSESSID=70kvoqj67fu13ivjkncuotpgt0; Hm_lvt_080836300300be57b7f34f4b3e97d911=1511762962,1511832235,1512095283,1512350377; Hm_lpvt_080836300300be57b7f34f4b3e97d911=1512350377',
  'host' => 'www.zhangheteng.com',
  'origin' => 'http://www.zhangheteng.com',
  'referer' => 'http://www.zhangheteng.com/blog/home',
  'user-agent' => 'Mozilla/5.0 (Windows NT 10.0; Win64; x64) AppleWebKit/537.36 (KHTML, like Gecko) Chrome/61.0.3163.100 Safari/537.36',
  'x-requested-with' => 'XMLHttpRequest',
)
[ info ] [ PARAM ] array (
)
[ info ] [ SESSION ] INIT array (
  'id' => '',
  'var_session_id' => '',
  'prefix' => 'think',
  'type' => '',
  'auto_start' => true,
  'SESSION_EXPIRE' => 60,
)
[ info ] [ RUN ] app\home\controller\Index->exit_login[ /data/home/qxu1141810136/htdocs/blog/application/home/controller/Index.php ]
[ info ] [ LOG ] INIT File
---------------------------------------------------------------
[ 2017-12-04T09:19:47+08:00 ] 121.42.77.167 116.54.93.251 GET /blog/home
[ info ] www.zhangheteng.com/blog/home [运行时间：0.033037s][吞吐率：30.27req/s] [内存消耗：2,367.97kb] [文件加载：45]
[ info ] [ LANG ] /data/home/qxu1141810136/htdocs/blog/thinkphp/lang/zh-cn.php
[ info ] [ ROUTE ] array (
  'type' => 'module',
  'module' => 
  array (
    0 => 'home',
    1 => NULL,
    2 => NULL,
  ),
)
[ info ] [ HEADER ] array (
  'accept' => 'text/html,application/xhtml+xml,application/xml;q=0.9,image/webp,image/apng,*/*;q=0.8',
  'accept-encoding' => 'gzip, deflate',
  'accept-language' => 'zh-CN,zh;q=0.8',
  'cache-control' => 'max-age=0',
  'connection' => 'keep-alive',
  'cookie' => 'a7273_times=5; PHPSESSID=70kvoqj67fu13ivjkncuotpgt0; Hm_lvt_080836300300be57b7f34f4b3e97d911=1511762962,1511832235,1512095283,1512350377; Hm_lpvt_080836300300be57b7f34f4b3e97d911=1512350377',
  'host' => 'www.zhangheteng.com',
  'referer' => 'http://www.zhangheteng.com/blog/home',
  'upgrade-insecure-requests' => '1',
  'user-agent' => 'Mozilla/5.0 (Windows NT 10.0; Win64; x64) AppleWebKit/537.36 (KHTML, like Gecko) Chrome/61.0.3163.100 Safari/537.36',
)
[ info ] [ PARAM ] array (
)
[ info ] [ SESSION ] INIT array (
  'id' => '',
  'var_session_id' => '',
  'prefix' => 'think',
  'type' => '',
  'auto_start' => true,
  'SESSION_EXPIRE' => 60,
)
[ info ] [ LOG ] INIT File
---------------------------------------------------------------
[ 2017-12-04T09:19:47+08:00 ] 121.42.77.167 116.54.93.251 GET /blog/login.html
[ info ] www.zhangheteng.com/blog/login.html [运行时间：0.034938s][吞吐率：28.62req/s] [内存消耗：2,453.77kb] [文件加载：47]
[ info ] [ LANG ] /data/home/qxu1141810136/htdocs/blog/thinkphp/lang/zh-cn.php
[ info ] [ ROUTE ] array (
  'type' => 'module',
  'module' => 
  array (
    0 => 'login',
    1 => NULL,
    2 => NULL,
  ),
)
[ info ] [ HEADER ] array (
  'accept' => 'text/html,application/xhtml+xml,application/xml;q=0.9,image/webp,image/apng,*/*;q=0.8',
  'accept-encoding' => 'gzip, deflate',
  'accept-language' => 'zh-CN,zh;q=0.8',
  'cache-control' => 'max-age=0',
  'connection' => 'keep-alive',
  'cookie' => 'a7273_times=5; PHPSESSID=70kvoqj67fu13ivjkncuotpgt0; Hm_lvt_080836300300be57b7f34f4b3e97d911=1511762962,1511832235,1512095283,1512350377; Hm_lpvt_080836300300be57b7f34f4b3e97d911=1512350377',
  'host' => 'www.zhangheteng.com',
  'referer' => 'http://www.zhangheteng.com/blog/home',
  'upgrade-insecure-requests' => '1',
  'user-agent' => 'Mozilla/5.0 (Windows NT 10.0; Win64; x64) AppleWebKit/537.36 (KHTML, like Gecko) Chrome/61.0.3163.100 Safari/537.36',
)
[ info ] [ PARAM ] array (
)
[ info ] [ RUN ] app\login\controller\Index->index[ /data/home/qxu1141810136/htdocs/blog/application/login/controller/Index.php ]
[ info ] [ VIEW ] /data/home/qxu1141810136/htdocs/blog/application/login/view/index/index.html [ array (
) ]
[ info ] [ LOG ] INIT File
---------------------------------------------------------------
[ 2017-12-04T09:19:47+08:00 ] 121.42.77.167 116.54.93.251 POST /blog/login/index/proving.html
[ info ] www.zhangheteng.com/blog/login/index/proving.html [运行时间：0.052852s][吞吐率：18.92req/s] [内存消耗：3,322.23kb] [文件加载：52]
[ info ] [ LANG ] /data/home/qxu1141810136/htdocs/blog/thinkphp/lang/zh-cn.php
[ info ] [ ROUTE ] array (
  'type' => 'module',
  'module' => 
  array (
    0 => 'login',
    1 => 'index',
    2 => 'proving',
  ),
)
[ info ] [ HEADER ] array (
  'content-length' => '19',
  'content-type' => 'application/x-www-form-urlencoded; charset=UTF-8',
  'accept' => 'application/json, text/javascript, */*; q=0.01',
  'accept-encoding' => 'gzip, deflate',
  'accept-language' => 'zh-CN,zh;q=0.8',
  'connection' => 'keep-alive',
  'cookie' => 'a7273_times=5; PHPSESSID=70kvoqj67fu13ivjkncuotpgt0; Hm_lvt_080836300300be57b7f34f4b3e97d911=1511762962,1511832235,1512095283,1512350377; Hm_lpvt_080836300300be57b7f34f4b3e97d911=1512350377',
  'host' => 'www.zhangheteng.com',
  'origin' => 'http://www.zhangheteng.com',
  'referer' => 'http://www.zhangheteng.com/blog/login.html',
  'user-agent' => 'Mozilla/5.0 (Windows NT 10.0; Win64; x64) AppleWebKit/537.36 (KHTML, like Gecko) Chrome/61.0.3163.100 Safari/537.36',
  'x-requested-with' => 'XMLHttpRequest',
)
[ info ] [ PARAM ] array (
  'type' => '1',
  'data' => 'zhanght',
)
[ info ] [ RUN ] app\login\controller\Index->proving[ /data/home/qxu1141810136/htdocs/blog/application/login/controller/Index.php ]
[ info ] [ DB ] INIT mysql
[ info ] [ LOG ] INIT File
[ sql ] [ DB ] CONNECT:[ UseTime:0.004103s ] mysql:host=qdm191867626.my3w.com;port=3306;dbname=qdm191867626_db;charset=utf8
[ sql ] [ SQL ] SHOW COLUMNS FROM `summary_user` [ RunTime:0.002144s ]
[ sql ] [ SQL ] SELECT * FROM `summary_user` WHERE  `user_name` = 'zhanght' LIMIT 1 [ RunTime:0.002144s ]
---------------------------------------------------------------
[ 2017-12-04T09:19:47+08:00 ] 121.42.77.167 116.54.93.251 POST /blog/login/index/proving.html
[ info ] www.zhangheteng.com/blog/login/index/proving.html [运行时间：0.052878s][吞吐率：18.91req/s] [内存消耗：3,322.23kb] [文件加载：52]
[ info ] [ LANG ] /data/home/qxu1141810136/htdocs/blog/thinkphp/lang/zh-cn.php
[ info ] [ ROUTE ] array (
  'type' => 'module',
  'module' => 
  array (
    0 => 'login',
    1 => 'index',
    2 => 'proving',
  ),
)
[ info ] [ HEADER ] array (
  'content-length' => '19',
  'content-type' => 'application/x-www-form-urlencoded; charset=UTF-8',
  'accept' => 'application/json, text/javascript, */*; q=0.01',
  'accept-encoding' => 'gzip, deflate',
  'accept-language' => 'zh-CN,zh;q=0.8',
  'connection' => 'keep-alive',
  'cookie' => 'a7273_times=5; PHPSESSID=70kvoqj67fu13ivjkncuotpgt0; Hm_lvt_080836300300be57b7f34f4b3e97d911=1511762962,1511832235,1512095283,1512350377; Hm_lpvt_080836300300be57b7f34f4b3e97d911=1512350377',
  'host' => 'www.zhangheteng.com',
  'origin' => 'http://www.zhangheteng.com',
  'referer' => 'http://www.zhangheteng.com/blog/login.html',
  'user-agent' => 'Mozilla/5.0 (Windows NT 10.0; Win64; x64) AppleWebKit/537.36 (KHTML, like Gecko) Chrome/61.0.3163.100 Safari/537.36',
  'x-requested-with' => 'XMLHttpRequest',
)
[ info ] [ PARAM ] array (
  'type' => '1',
  'data' => 'zhanght',
)
[ info ] [ RUN ] app\login\controller\Index->proving[ /data/home/qxu1141810136/htdocs/blog/application/login/controller/Index.php ]
[ info ] [ DB ] INIT mysql
[ info ] [ LOG ] INIT File
[ sql ] [ DB ] CONNECT:[ UseTime:0.003818s ] mysql:host=qdm191867626.my3w.com;port=3306;dbname=qdm191867626_db;charset=utf8
[ sql ] [ SQL ] SHOW COLUMNS FROM `summary_user` [ RunTime:0.001898s ]
[ sql ] [ SQL ] SELECT * FROM `summary_user` WHERE  `user_name` = 'zhanght' LIMIT 1 [ RunTime:0.002302s ]
---------------------------------------------------------------
[ 2017-12-04T09:19:54+08:00 ] 121.42.77.167 116.54.93.251 POST /blog/login/index/index.html
[ info ] www.zhangheteng.com/blog/login/index/index.html [运行时间：0.518589s][吞吐率：1.93req/s] [内存消耗：3,439.63kb] [文件加载：55]
[ info ] [ LANG ] /data/home/qxu1141810136/htdocs/blog/thinkphp/lang/zh-cn.php
[ info ] [ ROUTE ] array (
  'type' => 'module',
  'module' => 
  array (
    0 => 'login',
    1 => 'index',
    2 => 'index',
  ),
)
[ info ] [ HEADER ] array (
  'content-length' => '32',
  'content-type' => 'application/x-www-form-urlencoded; charset=UTF-8',
  'accept' => 'application/json, text/javascript, */*; q=0.01',
  'accept-encoding' => 'gzip, deflate',
  'accept-language' => 'zh-CN,zh;q=0.8',
  'connection' => 'keep-alive',
  'cookie' => 'a7273_times=5; PHPSESSID=70kvoqj67fu13ivjkncuotpgt0; Hm_lvt_080836300300be57b7f34f4b3e97d911=1511762962,1511832235,1512095283,1512350377; Hm_lpvt_080836300300be57b7f34f4b3e97d911=1512350377',
  'host' => 'www.zhangheteng.com',
  'origin' => 'http://www.zhangheteng.com',
  'referer' => 'http://www.zhangheteng.com/blog/login.html',
  'user-agent' => 'Mozilla/5.0 (Windows NT 10.0; Win64; x64) AppleWebKit/537.36 (KHTML, like Gecko) Chrome/61.0.3163.100 Safari/537.36',
  'x-requested-with' => 'XMLHttpRequest',
)
[ info ] [ PARAM ] array (
  'user_name' => 'admin',
  'pass_word' => '123456',
)
[ info ] [ RUN ] app\login\controller\Index->index[ /data/home/qxu1141810136/htdocs/blog/application/login/controller/Index.php ]
[ info ] [ DB ] INIT mysql
[ info ] [ SESSION ] INIT array (
  'id' => '',
  'var_session_id' => '',
  'prefix' => 'think',
  'type' => '',
  'auto_start' => true,
  'SESSION_EXPIRE' => 60,
)
[ info ] [ CACHE ] INIT File
[ info ] [ LOG ] INIT File
[ sql ] [ DB ] CONNECT:[ UseTime:0.003956s ] mysql:host=qdm191867626.my3w.com;port=3306;dbname=qdm191867626_db;charset=utf8
[ sql ] [ SQL ] SHOW COLUMNS FROM `summary_user` [ RunTime:0.002085s ]
[ sql ] [ SQL ] SELECT * FROM `summary_user` WHERE  `user_name` = 'admin'  AND `pass_word` = 'e10adc3949ba59abbe56e057f20f883e' LIMIT 1 [ RunTime:0.001509s ]
[ sql ] [ SQL ] UPDATE `summary_user`  SET `land`=98,`ip_next`='116.54.93.251',`login_time`=1512350394  WHERE  `id` = 1 [ RunTime:0.464837s ]
---------------------------------------------------------------
[ 2017-12-04T09:19:57+08:00 ] 121.42.77.167 116.54.93.251 GET /blog/home
[ info ] www.zhangheteng.com/blog/home [运行时间：0.061246s][吞吐率：16.33req/s] [内存消耗：3,484.63kb] [文件加载：55]
[ info ] [ LANG ] /data/home/qxu1141810136/htdocs/blog/thinkphp/lang/zh-cn.php
[ info ] [ ROUTE ] array (
  'type' => 'module',
  'module' => 
  array (
    0 => 'home',
    1 => NULL,
    2 => NULL,
  ),
)
[ info ] [ HEADER ] array (
  'accept' => 'text/html,application/xhtml+xml,application/xml;q=0.9,image/webp,image/apng,*/*;q=0.8',
  'accept-encoding' => 'gzip, deflate',
  'accept-language' => 'zh-CN,zh;q=0.8',
  'connection' => 'keep-alive',
  'cookie' => 'a7273_times=5; PHPSESSID=70kvoqj67fu13ivjkncuotpgt0; Hm_lvt_080836300300be57b7f34f4b3e97d911=1511762962,1511832235,1512095283,1512350377; Hm_lpvt_080836300300be57b7f34f4b3e97d911=1512350377',
  'host' => 'www.zhangheteng.com',
  'referer' => 'http://www.zhangheteng.com/blog/login.html',
  'upgrade-insecure-requests' => '1',
  'user-agent' => 'Mozilla/5.0 (Windows NT 10.0; Win64; x64) AppleWebKit/537.36 (KHTML, like Gecko) Chrome/61.0.3163.100 Safari/537.36',
)
[ info ] [ PARAM ] array (
)
[ info ] [ SESSION ] INIT array (
  'id' => '',
  'var_session_id' => '',
  'prefix' => 'think',
  'type' => '',
  'auto_start' => true,
  'SESSION_EXPIRE' => 60,
)
[ info ] [ RUN ] app\home\controller\Index->index[ /data/home/qxu1141810136/htdocs/blog/application/home/controller/Index.php ]
[ info ] [ DB ] INIT mysql
[ info ] [ VIEW ] /data/home/qxu1141810136/htdocs/blog/application/home/view/index/index.html [ array (
  0 => 'data_menu',
  1 => 'theme',
) ]
[ info ] [ LOG ] INIT File
[ sql ] [ DB ] CONNECT:[ UseTime:0.003867s ] mysql:host=qdm191867626.my3w.com;port=3306;dbname=qdm191867626_db;charset=utf8
[ sql ] [ SQL ] SHOW COLUMNS FROM `summary_menu` [ RunTime:0.001970s ]
[ sql ] [ SQL ] SELECT * FROM `summary_menu` WHERE  `type` = 0 [ RunTime:0.001412s ]
[ sql ] [ SQL ] SELECT * FROM `summary_menu` WHERE  `type` = 1 ORDER BY rank asc [ RunTime:0.001529s ]
[ sql ] [ SQL ] SHOW COLUMNS FROM `summary_user` [ RunTime:0.002910s ]
[ sql ] [ SQL ] SELECT `theme`,`set_time` FROM `summary_user` WHERE  `id` = 1 LIMIT 1 [ RunTime:0.001186s ]
---------------------------------------------------------------
[ 2017-12-04T09:19:57+08:00 ] 121.42.77.167 116.54.93.251 GET /blog/home/index/welcome.html
[ info ] www.zhangheteng.com/blog/home/index/welcome.html [运行时间：0.101980s][吞吐率：9.81req/s] [内存消耗：2,361.63kb] [文件加载：47]
[ info ] [ LANG ] /data/home/qxu1141810136/htdocs/blog/thinkphp/lang/zh-cn.php
[ info ] [ ROUTE ] array (
  'type' => 'module',
  'module' => 
  array (
    0 => 'home',
    1 => 'index',
    2 => 'welcome',
  ),
)
[ info ] [ HEADER ] array (
  'accept' => 'text/html,application/xhtml+xml,application/xml;q=0.9,image/webp,image/apng,*/*;q=0.8',
  'accept-encoding' => 'gzip, deflate',
  'accept-language' => 'zh-CN,zh;q=0.8',
  'connection' => 'keep-alive',
  'cookie' => 'a7273_times=5; PHPSESSID=70kvoqj67fu13ivjkncuotpgt0; Hm_lvt_080836300300be57b7f34f4b3e97d911=1511762962,1511832235,1512095283,1512350377; Hm_lpvt_080836300300be57b7f34f4b3e97d911=1512350377',
  'host' => 'www.zhangheteng.com',
  'referer' => 'http://www.zhangheteng.com/blog/home',
  'upgrade-insecure-requests' => '1',
  'user-agent' => 'Mozilla/5.0 (Windows NT 10.0; Win64; x64) AppleWebKit/537.36 (KHTML, like Gecko) Chrome/61.0.3163.100 Safari/537.36',
)
[ info ] [ PARAM ] array (
)
[ info ] [ SESSION ] INIT array (
  'id' => '',
  'var_session_id' => '',
  'prefix' => 'think',
  'type' => '',
  'auto_start' => true,
  'SESSION_EXPIRE' => 60,
)
[ info ] [ RUN ] app\home\controller\Index->welcome[ /data/home/qxu1141810136/htdocs/blog/application/home/controller/Index.php ]
[ info ] [ VIEW ] /data/home/qxu1141810136/htdocs/blog/application/home/view/index/welcome.html [ array (
  0 => 'info',
  1 => 'ip_address',
) ]
[ info ] [ LOG ] INIT File
---------------------------------------------------------------
[ 2017-12-04T09:20:08+08:00 ] 121.42.77.167 116.54.93.251 GET /blog/home/editor/article
[ info ] www.zhangheteng.com/blog/home/editor/article [运行时间：0.067063s][吞吐率：14.91req/s] [内存消耗：4,796.74kb] [文件加载：57]
[ info ] [ LANG ] /data/home/qxu1141810136/htdocs/blog/thinkphp/lang/zh-cn.php
[ info ] [ ROUTE ] array (
  'type' => 'module',
  'module' => 
  array (
    0 => 'home',
    1 => 'editor',
    2 => 'article',
  ),
)
[ info ] [ HEADER ] array (
  'accept' => 'text/html,application/xhtml+xml,application/xml;q=0.9,image/webp,image/apng,*/*;q=0.8',
  'accept-encoding' => 'gzip, deflate',
  'accept-language' => 'zh-CN,zh;q=0.8',
  'connection' => 'keep-alive',
  'cookie' => 'a7273_times=5; PHPSESSID=70kvoqj67fu13ivjkncuotpgt0; Hm_lvt_080836300300be57b7f34f4b3e97d911=1511762962,1511832235,1512095283,1512350377; Hm_lpvt_080836300300be57b7f34f4b3e97d911=1512350399',
  'host' => 'www.zhangheteng.com',
  'referer' => 'http://www.zhangheteng.com/blog/home',
  'upgrade-insecure-requests' => '1',
  'user-agent' => 'Mozilla/5.0 (Windows NT 10.0; Win64; x64) AppleWebKit/537.36 (KHTML, like Gecko) Chrome/61.0.3163.100 Safari/537.36',
)
[ info ] [ PARAM ] array (
)
[ info ] [ RUN ] app\home\controller\Editor->article[ /data/home/qxu1141810136/htdocs/blog/application/home/controller/Editor.php ]
[ info ] [ SESSION ] INIT array (
  'id' => '',
  'var_session_id' => '',
  'prefix' => 'think',
  'type' => '',
  'auto_start' => true,
  'SESSION_EXPIRE' => 60,
)
[ info ] [ DB ] INIT mysql
[ info ] [ VIEW ] /data/home/qxu1141810136/htdocs/blog/application/home/view/editor/article.html [ array (
  0 => 'content',
  1 => 'list',
  2 => 'page_num',
) ]
[ info ] [ LOG ] INIT File
[ sql ] [ DB ] CONNECT:[ UseTime:0.003949s ] mysql:host=qdm191867626.my3w.com;port=3306;dbname=qdm191867626_db;charset=utf8
[ sql ] [ SQL ] SHOW COLUMNS FROM `summary_editor` [ RunTime:0.001905s ]
[ sql ] [ SQL ] SELECT COUNT(*) AS tp_count FROM `summary_editor` WHERE  `status` = 1 LIMIT 1 [ RunTime:0.001307s ]
[ sql ] [ SQL ] SELECT * FROM `summary_editor` WHERE  `status` = 1 ORDER BY set_time desc LIMIT 0,10 [ RunTime:0.008488s ]
---------------------------------------------------------------
[ 2017-12-04T09:20:17+08:00 ] 121.42.77.167 116.54.93.251 GET /blog/home/editor/article_list/id/19
[ info ] www.zhangheteng.com/blog/home/editor/article_list/id/19 [运行时间：0.071311s][吞吐率：14.02req/s] [内存消耗：3,820.29kb] [文件加载：56]
[ info ] [ LANG ] /data/home/qxu1141810136/htdocs/blog/thinkphp/lang/zh-cn.php
[ info ] [ ROUTE ] array (
  'type' => 'module',
  'module' => 
  array (
    0 => 'home',
    1 => 'editor',
    2 => 'article_list',
  ),
)
[ info ] [ HEADER ] array (
  'accept' => 'text/html,application/xhtml+xml,application/xml;q=0.9,image/webp,image/apng,*/*;q=0.8',
  'accept-encoding' => 'gzip, deflate',
  'accept-language' => 'zh-CN,zh;q=0.8',
  'connection' => 'keep-alive',
  'cookie' => 'a7273_times=5; PHPSESSID=70kvoqj67fu13ivjkncuotpgt0; Hm_lvt_080836300300be57b7f34f4b3e97d911=1511762962,1511832235,1512095283,1512350377; Hm_lpvt_080836300300be57b7f34f4b3e97d911=1512350399',
  'host' => 'www.zhangheteng.com',
  'referer' => 'http://www.zhangheteng.com/blog/home/editor/article',
  'upgrade-insecure-requests' => '1',
  'user-agent' => 'Mozilla/5.0 (Windows NT 10.0; Win64; x64) AppleWebKit/537.36 (KHTML, like Gecko) Chrome/61.0.3163.100 Safari/537.36',
)
[ info ] [ PARAM ] array (
  'id' => '19',
)
[ info ] [ RUN ] app\home\controller\Editor->article_list[ /data/home/qxu1141810136/htdocs/blog/application/home/controller/Editor.php ]
[ info ] [ DB ] INIT mysql
[ info ] [ CACHE ] INIT File
[ info ] [ VIEW ] /data/home/qxu1141810136/htdocs/blog/application/home/view/editor/article_list.html [ array (
  0 => 'list',
) ]
[ info ] [ LOG ] INIT File
[ sql ] [ DB ] CONNECT:[ UseTime:0.003990s ] mysql:host=qdm191867626.my3w.com;port=3306;dbname=qdm191867626_db;charset=utf8
[ sql ] [ SQL ] SHOW COLUMNS FROM `summary_editor` [ RunTime:0.002087s ]
[ sql ] [ SQL ] SELECT * FROM `summary_editor` WHERE  `id` = 19 LIMIT 1 [ RunTime:0.006902s ]
[ sql ] [ SQL ] UPDATE `summary_editor`  SET `page_view`=4  WHERE  `id` = 19 [ RunTime:0.010705s ]
---------------------------------------------------------------
[ 2017-12-04T10:12:43+08:00 ] 121.42.77.167 116.54.93.251 POST /blog/home/index/exit_login.html
[ info ] www.zhangheteng.com/blog/home/index/exit_login.html [运行时间：0.032849s][吞吐率：30.44req/s] [内存消耗：2,342.64kb] [文件加载：46]
[ info ] [ LANG ] /data/home/qxu1141810136/htdocs/blog/thinkphp/lang/zh-cn.php
[ info ] [ ROUTE ] array (
  'type' => 'module',
  'module' => 
  array (
    0 => 'home',
    1 => 'index',
    2 => 'exit_login',
  ),
)
[ info ] [ HEADER ] array (
  'content-length' => '0',
  'accept' => 'application/json, text/javascript, */*; q=0.01',
  'accept-encoding' => 'gzip, deflate',
  'accept-language' => 'zh-CN,zh;q=0.8',
  'connection' => 'keep-alive',
  'cookie' => 'a7273_times=5; PHPSESSID=70kvoqj67fu13ivjkncuotpgt0; Hm_lvt_080836300300be57b7f34f4b3e97d911=1511762962,1511832235,1512095283,1512350377; Hm_lpvt_080836300300be57b7f34f4b3e97d911=1512350399',
  'host' => 'www.zhangheteng.com',
  'origin' => 'http://www.zhangheteng.com',
  'referer' => 'http://www.zhangheteng.com/blog/home',
  'user-agent' => 'Mozilla/5.0 (Windows NT 10.0; Win64; x64) AppleWebKit/537.36 (KHTML, like Gecko) Chrome/61.0.3163.100 Safari/537.36',
  'x-requested-with' => 'XMLHttpRequest',
)
[ info ] [ PARAM ] array (
)
[ info ] [ SESSION ] INIT array (
  'id' => '',
  'var_session_id' => '',
  'prefix' => 'think',
  'type' => '',
  'auto_start' => true,
  'SESSION_EXPIRE' => 60,
)
[ info ] [ RUN ] app\home\controller\Index->exit_login[ /data/home/qxu1141810136/htdocs/blog/application/home/controller/Index.php ]
[ info ] [ LOG ] INIT File
---------------------------------------------------------------
[ 2017-12-04T10:12:46+08:00 ] 121.42.77.167 116.54.93.251 GET /blog/home
[ info ] www.zhangheteng.com/blog/home [运行时间：0.032279s][吞吐率：30.98req/s] [内存消耗：2,367.97kb] [文件加载：45]
[ info ] [ LANG ] /data/home/qxu1141810136/htdocs/blog/thinkphp/lang/zh-cn.php
[ info ] [ ROUTE ] array (
  'type' => 'module',
  'module' => 
  array (
    0 => 'home',
    1 => NULL,
    2 => NULL,
  ),
)
[ info ] [ HEADER ] array (
  'accept' => 'text/html,application/xhtml+xml,application/xml;q=0.9,image/webp,image/apng,*/*;q=0.8',
  'accept-encoding' => 'gzip, deflate',
  'accept-language' => 'zh-CN,zh;q=0.8',
  'cache-control' => 'max-age=0',
  'connection' => 'keep-alive',
  'cookie' => 'a7273_times=5; PHPSESSID=70kvoqj67fu13ivjkncuotpgt0; Hm_lvt_080836300300be57b7f34f4b3e97d911=1511762962,1511832235,1512095283,1512350377; Hm_lpvt_080836300300be57b7f34f4b3e97d911=1512350399',
  'host' => 'www.zhangheteng.com',
  'referer' => 'http://www.zhangheteng.com/blog/home',
  'upgrade-insecure-requests' => '1',
  'user-agent' => 'Mozilla/5.0 (Windows NT 10.0; Win64; x64) AppleWebKit/537.36 (KHTML, like Gecko) Chrome/61.0.3163.100 Safari/537.36',
)
[ info ] [ PARAM ] array (
)
[ info ] [ SESSION ] INIT array (
  'id' => '',
  'var_session_id' => '',
  'prefix' => 'think',
  'type' => '',
  'auto_start' => true,
  'SESSION_EXPIRE' => 60,
)
[ info ] [ LOG ] INIT File
---------------------------------------------------------------
[ 2017-12-04T10:12:46+08:00 ] 121.42.77.167 116.54.93.251 GET /blog/login.html
[ info ] www.zhangheteng.com/blog/login.html [运行时间：0.033648s][吞吐率：29.72req/s] [内存消耗：2,453.77kb] [文件加载：47]
[ info ] [ LANG ] /data/home/qxu1141810136/htdocs/blog/thinkphp/lang/zh-cn.php
[ info ] [ ROUTE ] array (
  'type' => 'module',
  'module' => 
  array (
    0 => 'login',
    1 => NULL,
    2 => NULL,
  ),
)
[ info ] [ HEADER ] array (
  'accept' => 'text/html,application/xhtml+xml,application/xml;q=0.9,image/webp,image/apng,*/*;q=0.8',
  'accept-encoding' => 'gzip, deflate',
  'accept-language' => 'zh-CN,zh;q=0.8',
  'cache-control' => 'max-age=0',
  'connection' => 'keep-alive',
  'cookie' => 'a7273_times=5; PHPSESSID=70kvoqj67fu13ivjkncuotpgt0; Hm_lvt_080836300300be57b7f34f4b3e97d911=1511762962,1511832235,1512095283,1512350377; Hm_lpvt_080836300300be57b7f34f4b3e97d911=1512350399',
  'host' => 'www.zhangheteng.com',
  'referer' => 'http://www.zhangheteng.com/blog/home',
  'upgrade-insecure-requests' => '1',
  'user-agent' => 'Mozilla/5.0 (Windows NT 10.0; Win64; x64) AppleWebKit/537.36 (KHTML, like Gecko) Chrome/61.0.3163.100 Safari/537.36',
)
[ info ] [ PARAM ] array (
)
[ info ] [ RUN ] app\login\controller\Index->index[ /data/home/qxu1141810136/htdocs/blog/application/login/controller/Index.php ]
[ info ] [ VIEW ] /data/home/qxu1141810136/htdocs/blog/application/login/view/index/index.html [ array (
) ]
[ info ] [ LOG ] INIT File
---------------------------------------------------------------
[ 2017-12-04T10:12:46+08:00 ] 121.42.77.167 116.54.93.251 POST /blog/login/index/proving.html
[ info ] www.zhangheteng.com/blog/login/index/proving.html [运行时间：0.052549s][吞吐率：19.03req/s] [内存消耗：3,322.23kb] [文件加载：52]
[ info ] [ LANG ] /data/home/qxu1141810136/htdocs/blog/thinkphp/lang/zh-cn.php
[ info ] [ ROUTE ] array (
  'type' => 'module',
  'module' => 
  array (
    0 => 'login',
    1 => 'index',
    2 => 'proving',
  ),
)
[ info ] [ HEADER ] array (
  'content-length' => '19',
  'content-type' => 'application/x-www-form-urlencoded; charset=UTF-8',
  'accept' => 'application/json, text/javascript, */*; q=0.01',
  'accept-encoding' => 'gzip, deflate',
  'accept-language' => 'zh-CN,zh;q=0.8',
  'connection' => 'keep-alive',
  'cookie' => 'a7273_times=5; PHPSESSID=70kvoqj67fu13ivjkncuotpgt0; Hm_lvt_080836300300be57b7f34f4b3e97d911=1511762962,1511832235,1512095283,1512350377; Hm_lpvt_080836300300be57b7f34f4b3e97d911=1512350399',
  'host' => 'www.zhangheteng.com',
  'origin' => 'http://www.zhangheteng.com',
  'referer' => 'http://www.zhangheteng.com/blog/login.html',
  'user-agent' => 'Mozilla/5.0 (Windows NT 10.0; Win64; x64) AppleWebKit/537.36 (KHTML, like Gecko) Chrome/61.0.3163.100 Safari/537.36',
  'x-requested-with' => 'XMLHttpRequest',
)
[ info ] [ PARAM ] array (
  'type' => '1',
  'data' => 'zhanght',
)
[ info ] [ RUN ] app\login\controller\Index->proving[ /data/home/qxu1141810136/htdocs/blog/application/login/controller/Index.php ]
[ info ] [ DB ] INIT mysql
[ info ] [ LOG ] INIT File
[ sql ] [ DB ] CONNECT:[ UseTime:0.004128s ] mysql:host=qdm191867626.my3w.com;port=3306;dbname=qdm191867626_db;charset=utf8
[ sql ] [ SQL ] SHOW COLUMNS FROM `summary_user` [ RunTime:0.002302s ]
[ sql ] [ SQL ] SELECT * FROM `summary_user` WHERE  `user_name` = 'zhanght' LIMIT 1 [ RunTime:0.001619s ]
---------------------------------------------------------------
[ 2017-12-04T10:12:46+08:00 ] 121.42.77.167 116.54.93.251 POST /blog/login/index/proving.html
[ info ] www.zhangheteng.com/blog/login/index/proving.html [运行时间：0.051735s][吞吐率：19.33req/s] [内存消耗：3,322.23kb] [文件加载：52]
[ info ] [ LANG ] /data/home/qxu1141810136/htdocs/blog/thinkphp/lang/zh-cn.php
[ info ] [ ROUTE ] array (
  'type' => 'module',
  'module' => 
  array (
    0 => 'login',
    1 => 'index',
    2 => 'proving',
  ),
)
[ info ] [ HEADER ] array (
  'content-length' => '19',
  'content-type' => 'application/x-www-form-urlencoded; charset=UTF-8',
  'accept' => 'application/json, text/javascript, */*; q=0.01',
  'accept-encoding' => 'gzip, deflate',
  'accept-language' => 'zh-CN,zh;q=0.8',
  'connection' => 'keep-alive',
  'cookie' => 'a7273_times=5; PHPSESSID=70kvoqj67fu13ivjkncuotpgt0; Hm_lvt_080836300300be57b7f34f4b3e97d911=1511762962,1511832235,1512095283,1512350377; Hm_lpvt_080836300300be57b7f34f4b3e97d911=1512350399',
  'host' => 'www.zhangheteng.com',
  'origin' => 'http://www.zhangheteng.com',
  'referer' => 'http://www.zhangheteng.com/blog/login.html',
  'user-agent' => 'Mozilla/5.0 (Windows NT 10.0; Win64; x64) AppleWebKit/537.36 (KHTML, like Gecko) Chrome/61.0.3163.100 Safari/537.36',
  'x-requested-with' => 'XMLHttpRequest',
)
[ info ] [ PARAM ] array (
  'type' => '1',
  'data' => 'zhanght',
)
[ info ] [ RUN ] app\login\controller\Index->proving[ /data/home/qxu1141810136/htdocs/blog/application/login/controller/Index.php ]
[ info ] [ DB ] INIT mysql
[ info ] [ LOG ] INIT File
[ sql ] [ DB ] CONNECT:[ UseTime:0.004158s ] mysql:host=qdm191867626.my3w.com;port=3306;dbname=qdm191867626_db;charset=utf8
[ sql ] [ SQL ] SHOW COLUMNS FROM `summary_user` [ RunTime:0.002190s ]
[ sql ] [ SQL ] SELECT * FROM `summary_user` WHERE  `user_name` = 'zhanght' LIMIT 1 [ RunTime:0.001305s ]
