---------------------------------------------------------------
[ 2017-12-14T09:30:04+08:00 ] 121.42.77.167 116.54.93.251 GET /blog/
[ info ] www.zhangheteng.com/blog/ [运行时间：0.086349s][吞吐率：11.58req/s] [内存消耗：3,324.31kb] [文件加载：53]
[ info ] [ LANG ] /data/home/qxu1141810136/htdocs/blog/thinkphp/lang/zh-cn.php
[ info ] [ ROUTE ] array (
  'type' => 'module',
  'module' => 
  array (
    0 => '',
    1 => NULL,
    2 => NULL,
  ),
)
[ info ] [ HEADER ] array (
  'accept' => 'text/html,application/xhtml+xml,application/xml;q=0.9,image/webp,image/apng,*/*;q=0.8',
  'accept-encoding' => 'gzip, deflate',
  'accept-language' => 'zh-CN,zh;q=0.8',
  'connection' => 'keep-alive',
  'cookie' => 'bdshare_firstime=1512720403272; Hm_lvt_080836300300be57b7f34f4b3e97d911=1513133087; opensns_OX_LOGGED_USER=91uBwY9jhznqHH8qwwoLty3eo3bt6XND9x-WrNTMTEk5qE%3DO62VMHYjQhx7ddJ8KdIsLxF8Kc3zqWIO5wHnm3CeCQYMqjKp8dDsKXA6HyCleHJTuHzhXV; a7273_times=1',
  'host' => 'www.zhangheteng.com',
  'upgrade-insecure-requests' => '1',
  'user-agent' => 'Mozilla/5.0 (Windows NT 10.0; Win64; x64) AppleWebKit/537.36 (KHTML, like Gecko) Chrome/61.0.3163.100 Safari/537.36',
)
[ info ] [ PARAM ] array (
)
[ info ] [ RUN ] app\index\controller\Index->index[ /data/home/qxu1141810136/htdocs/blog/application/index/controller/Index.php ]
[ info ] [ DB ] INIT mysql
[ info ] [ VIEW ] /data/home/qxu1141810136/htdocs/blog/application/index/view/index/index.html [ array (
  0 => 'banner',
  1 => 'changeTime',
  2 => 'propose',
  3 => 'new',
  4 => 'hot',
) ]
[ info ] [ SESSION ] INIT array (
  'id' => '',
  'var_session_id' => '',
  'prefix' => 'think',
  'type' => '',
  'auto_start' => true,
  'SESSION_EXPIRE' => 60,
)
[ info ] [ LOG ] INIT File
[ sql ] [ DB ] CONNECT:[ UseTime:0.025134s ] mysql:host=qdm191867626.my3w.com;port=3306;dbname=qdm191867626_db;charset=utf8
[ sql ] [ SQL ] SHOW COLUMNS FROM `summary_banner` [ RunTime:0.002506s ]
[ sql ] [ SQL ] SELECT * FROM `summary_banner` WHERE  `id` <> 1  AND `is_finish` = 1 ORDER BY sort desc [ RunTime:0.001853s ]
[ sql ] [ SQL ] SELECT `changeTime` FROM `summary_banner` WHERE  `id` = 1 LIMIT 1 [ RunTime:0.001402s ]
[ sql ] [ SQL ] SHOW COLUMNS FROM `summary_editor` [ RunTime:0.002164s ]
[ sql ] [ SQL ] SELECT `e`.`id`,`e`.`user_name`,`e`.`set_time`,`e`.`title`,`e`.`category`,`e`.`wrap`,`e`.`status`,`e`.`show` FROM `summary_editor` `e` LEFT JOIN `summary_propose` `p` ON `p`.`index_id`=`e`.`id` WHERE  `p`.`type` = 1 [ RunTime:0.001753s ]
[ sql ] [ SQL ] SELECT `id`,`user_name`,`set_time`,`title`,`category`,`wrap` FROM `summary_editor` WHERE  `status` = 1 ORDER BY set_time desc LIMIT 3 [ RunTime:0.001402s ]
[ sql ] [ SQL ] SELECT `id`,`user_name`,`set_time`,`title`,`category`,`wrap`,`page_view` FROM `summary_editor` WHERE  `status` = 1 ORDER BY page_view desc LIMIT 3 [ RunTime:0.001501s ]
---------------------------------------------------------------
[ 2017-12-14T09:30:40+08:00 ] 121.42.77.167 116.54.93.251 GET /blog/index/user
[ info ] www.zhangheteng.com/blog/index/user [运行时间：0.034388s][吞吐率：29.08req/s] [内存消耗：2,346.98kb] [文件加载：48]
[ info ] [ LANG ] /data/home/qxu1141810136/htdocs/blog/thinkphp/lang/zh-cn.php
[ info ] [ ROUTE ] array (
  'type' => 'module',
  'module' => 
  array (
    0 => 'index',
    1 => 'user',
    2 => NULL,
  ),
)
[ info ] [ HEADER ] array (
  'accept' => 'text/html,application/xhtml+xml,application/xml;q=0.9,image/webp,image/apng,*/*;q=0.8',
  'accept-encoding' => 'gzip, deflate',
  'accept-language' => 'zh-CN,zh;q=0.8',
  'connection' => 'keep-alive',
  'cookie' => 'bdshare_firstime=1512720403272; Hm_lvt_080836300300be57b7f34f4b3e97d911=1513133087; opensns_OX_LOGGED_USER=91uBwY9jhznqHH8qwwoLty3eo3bt6XND9x-WrNTMTEk5qE%3DO62VMHYjQhx7ddJ8KdIsLxF8Kc3zqWIO5wHnm3CeCQYMqjKp8dDsKXA6HyCleHJTuHzhXV; PHPSESSID=g2mts9h6njl8c4kqev8hivdkc6; a7273_pages=1; a7273_times=2; __tins__19217273=%7B%22sid%22%3A%201513215004423%2C%20%22vd%22%3A%201%2C%20%22expires%22%3A%201513216804423%7D; __51cke__=; __51laig__=1',
  'host' => 'www.zhangheteng.com',
  'upgrade-insecure-requests' => '1',
  'user-agent' => 'Mozilla/5.0 (Windows NT 10.0; Win64; x64) AppleWebKit/537.36 (KHTML, like Gecko) Chrome/61.0.3163.100 Safari/537.36',
)
[ info ] [ PARAM ] array (
)
[ info ] [ RUN ] app\index\controller\User->index[ /data/home/qxu1141810136/htdocs/blog/application/index/controller/User.php ]
[ info ] [ SESSION ] INIT array (
  'id' => '',
  'var_session_id' => '',
  'prefix' => 'think',
  'type' => '',
  'auto_start' => true,
  'SESSION_EXPIRE' => 60,
)
[ info ] [ LOG ] INIT File
[ error ] [8]未定义变量: list[/data/home/qxu1141810136/htdocs/blog/application/index/controller/User.php:32]
---------------------------------------------------------------
[ 2017-12-14T09:30:43+08:00 ] 121.42.77.167 116.54.93.251 GET /blog/login
[ info ] www.zhangheteng.com/blog/login [运行时间：0.036534s][吞吐率：27.37req/s] [内存消耗：2,469.86kb] [文件加载：47]
[ info ] [ LANG ] /data/home/qxu1141810136/htdocs/blog/thinkphp/lang/zh-cn.php
[ info ] [ ROUTE ] array (
  'type' => 'module',
  'module' => 
  array (
    0 => 'login',
    1 => NULL,
    2 => NULL,
  ),
)
[ info ] [ HEADER ] array (
  'accept' => 'text/html,application/xhtml+xml,application/xml;q=0.9,image/webp,image/apng,*/*;q=0.8',
  'accept-encoding' => 'gzip, deflate',
  'accept-language' => 'zh-CN,zh;q=0.8',
  'connection' => 'keep-alive',
  'cookie' => 'bdshare_firstime=1512720403272; Hm_lvt_080836300300be57b7f34f4b3e97d911=1513133087; opensns_OX_LOGGED_USER=91uBwY9jhznqHH8qwwoLty3eo3bt6XND9x-WrNTMTEk5qE%3DO62VMHYjQhx7ddJ8KdIsLxF8Kc3zqWIO5wHnm3CeCQYMqjKp8dDsKXA6HyCleHJTuHzhXV; PHPSESSID=g2mts9h6njl8c4kqev8hivdkc6; a7273_pages=1; a7273_times=2; __tins__19217273=%7B%22sid%22%3A%201513215004423%2C%20%22vd%22%3A%201%2C%20%22expires%22%3A%201513216804423%7D; __51cke__=; __51laig__=1',
  'host' => 'www.zhangheteng.com',
  'referer' => 'http://www.zhangheteng.com/blog/index/user',
  'upgrade-insecure-requests' => '1',
  'user-agent' => 'Mozilla/5.0 (Windows NT 10.0; Win64; x64) AppleWebKit/537.36 (KHTML, like Gecko) Chrome/61.0.3163.100 Safari/537.36',
)
[ info ] [ PARAM ] array (
)
[ info ] [ RUN ] app\login\controller\Index->index[ /data/home/qxu1141810136/htdocs/blog/application/login/controller/Index.php ]
[ info ] [ VIEW ] /data/home/qxu1141810136/htdocs/blog/application/login/view/index/index.html [ array (
  0 => 'href',
) ]
[ info ] [ LOG ] INIT File
---------------------------------------------------------------
[ 2017-12-14T09:30:53+08:00 ] 121.42.77.167 116.54.93.251 POST /blog/login/index/index.html
[ info ] www.zhangheteng.com/blog/login/index/index.html [运行时间：0.110510s][吞吐率：9.05req/s] [内存消耗：3,473.02kb] [文件加载：55]
[ info ] [ LANG ] /data/home/qxu1141810136/htdocs/blog/thinkphp/lang/zh-cn.php
[ info ] [ ROUTE ] array (
  'type' => 'module',
  'module' => 
  array (
    0 => 'login',
    1 => 'index',
    2 => 'index',
  ),
)
[ info ] [ HEADER ] array (
  'content-length' => '32',
  'content-type' => 'application/x-www-form-urlencoded; charset=UTF-8',
  'accept' => 'application/json, text/javascript, */*; q=0.01',
  'accept-encoding' => 'gzip, deflate',
  'accept-language' => 'zh-CN,zh;q=0.8',
  'connection' => 'keep-alive',
  'cookie' => 'bdshare_firstime=1512720403272; Hm_lvt_080836300300be57b7f34f4b3e97d911=1513133087; opensns_OX_LOGGED_USER=91uBwY9jhznqHH8qwwoLty3eo3bt6XND9x-WrNTMTEk5qE%3DO62VMHYjQhx7ddJ8KdIsLxF8Kc3zqWIO5wHnm3CeCQYMqjKp8dDsKXA6HyCleHJTuHzhXV; PHPSESSID=g2mts9h6njl8c4kqev8hivdkc6; a7273_pages=1; a7273_times=2; __tins__19217273=%7B%22sid%22%3A%201513215004423%2C%20%22vd%22%3A%201%2C%20%22expires%22%3A%201513216804423%7D; __51cke__=; __51laig__=1',
  'host' => 'www.zhangheteng.com',
  'origin' => 'http://www.zhangheteng.com',
  'referer' => 'http://www.zhangheteng.com/blog/login',
  'user-agent' => 'Mozilla/5.0 (Windows NT 10.0; Win64; x64) AppleWebKit/537.36 (KHTML, like Gecko) Chrome/61.0.3163.100 Safari/537.36',
  'x-requested-with' => 'XMLHttpRequest',
)
[ info ] [ PARAM ] array (
  'user_name' => 'admin',
  'pass_word' => '123456',
)
[ info ] [ RUN ] app\login\controller\Index->index[ /data/home/qxu1141810136/htdocs/blog/application/login/controller/Index.php ]
[ info ] [ DB ] INIT mysql
[ info ] [ SESSION ] INIT array (
  'id' => '',
  'var_session_id' => '',
  'prefix' => 'think',
  'type' => '',
  'auto_start' => true,
  'SESSION_EXPIRE' => 60,
)
[ info ] [ CACHE ] INIT File
[ info ] [ LOG ] INIT File
[ sql ] [ DB ] CONNECT:[ UseTime:0.004069s ] mysql:host=qdm191867626.my3w.com;port=3306;dbname=qdm191867626_db;charset=utf8
[ sql ] [ SQL ] SHOW COLUMNS FROM `summary_user` [ RunTime:0.002475s ]
[ sql ] [ SQL ] SELECT * FROM `summary_user` WHERE  `user_name` = 'admin'  AND `pass_word` = 'e10adc3949ba59abbe56e057f20f883e' LIMIT 1 [ RunTime:0.001670s ]
[ sql ] [ SQL ] SHOW COLUMNS FROM `summary_editor` [ RunTime:0.001647s ]
[ sql ] [ SQL ] SELECT * FROM `summary_editor` WHERE  `user_name` = 'admin' [ RunTime:0.008431s ]
[ sql ] [ SQL ] UPDATE `summary_user`  SET `land`=150,`ip_next`='116.54.93.251',`login_time`=1513215053,`experience`=2  WHERE  `id` = 1 [ RunTime:0.043211s ]
---------------------------------------------------------------
[ 2017-12-14T09:30:55+08:00 ] 121.42.77.167 116.54.93.251 GET /blog/index/user
[ info ] www.zhangheteng.com/blog/index/user [运行时间：0.052576s][吞吐率：19.02req/s] [内存消耗：3,300.55kb] [文件加载：53]
[ info ] [ LANG ] /data/home/qxu1141810136/htdocs/blog/thinkphp/lang/zh-cn.php
[ info ] [ ROUTE ] array (
  'type' => 'module',
  'module' => 
  array (
    0 => 'index',
    1 => 'user',
    2 => NULL,
  ),
)
[ info ] [ HEADER ] array (
  'accept' => 'text/html,application/xhtml+xml,application/xml;q=0.9,image/webp,image/apng,*/*;q=0.8',
  'accept-encoding' => 'gzip, deflate',
  'accept-language' => 'zh-CN,zh;q=0.8',
  'connection' => 'keep-alive',
  'cookie' => 'bdshare_firstime=1512720403272; Hm_lvt_080836300300be57b7f34f4b3e97d911=1513133087; opensns_OX_LOGGED_USER=91uBwY9jhznqHH8qwwoLty3eo3bt6XND9x-WrNTMTEk5qE%3DO62VMHYjQhx7ddJ8KdIsLxF8Kc3zqWIO5wHnm3CeCQYMqjKp8dDsKXA6HyCleHJTuHzhXV; PHPSESSID=g2mts9h6njl8c4kqev8hivdkc6; a7273_pages=1; a7273_times=2; __tins__19217273=%7B%22sid%22%3A%201513215004423%2C%20%22vd%22%3A%201%2C%20%22expires%22%3A%201513216804423%7D; __51cke__=; __51laig__=1',
  'host' => 'www.zhangheteng.com',
  'referer' => 'http://www.zhangheteng.com/blog/login',
  'upgrade-insecure-requests' => '1',
  'user-agent' => 'Mozilla/5.0 (Windows NT 10.0; Win64; x64) AppleWebKit/537.36 (KHTML, like Gecko) Chrome/61.0.3163.100 Safari/537.36',
)
[ info ] [ PARAM ] array (
)
[ info ] [ RUN ] app\index\controller\User->index[ /data/home/qxu1141810136/htdocs/blog/application/index/controller/User.php ]
[ info ] [ SESSION ] INIT array (
  'id' => '',
  'var_session_id' => '',
  'prefix' => 'think',
  'type' => '',
  'auto_start' => true,
  'SESSION_EXPIRE' => 60,
)
[ info ] [ DB ] INIT mysql
[ info ] [ VIEW ] /data/home/qxu1141810136/htdocs/blog/application/index/view/user/index.html [ array (
  0 => 'list',
  1 => 'follow',
) ]
[ info ] [ LOG ] INIT File
[ sql ] [ DB ] CONNECT:[ UseTime:0.003884s ] mysql:host=qdm191867626.my3w.com;port=3306;dbname=qdm191867626_db;charset=utf8
[ sql ] [ SQL ] SHOW COLUMNS FROM `summary_user` [ RunTime:0.002293s ]
[ sql ] [ SQL ] SELECT * FROM `summary_user` WHERE  `user_name` = 'admin' LIMIT 1 [ RunTime:0.001428s ]
---------------------------------------------------------------
[ 2017-12-14T09:31:16+08:00 ] 121.42.77.167 116.54.93.251 GET /blog/index/user/article/id/1
[ info ] www.zhangheteng.com/blog/index/user/article/id/1 [运行时间：0.032512s][吞吐率：30.76req/s] [内存消耗：2,211.98kb] [文件加载：43]
[ info ] [ LANG ] /data/home/qxu1141810136/htdocs/blog/thinkphp/lang/zh-cn.php
[ info ] [ ROUTE ] array (
  'type' => 'module',
  'module' => 
  array (
    0 => 'index',
    1 => 'user',
    2 => 'article',
  ),
)
[ info ] [ HEADER ] array (
  'accept' => 'text/html, */*; q=0.01',
  'accept-encoding' => 'gzip, deflate',
  'accept-language' => 'zh-CN,zh;q=0.8',
  'connection' => 'keep-alive',
  'cookie' => 'bdshare_firstime=1512720403272; Hm_lvt_080836300300be57b7f34f4b3e97d911=1513133087; opensns_OX_LOGGED_USER=91uBwY9jhznqHH8qwwoLty3eo3bt6XND9x-WrNTMTEk5qE%3DO62VMHYjQhx7ddJ8KdIsLxF8Kc3zqWIO5wHnm3CeCQYMqjKp8dDsKXA6HyCleHJTuHzhXV; PHPSESSID=g2mts9h6njl8c4kqev8hivdkc6; a7273_pages=2; a7273_times=2; __tins__19217273=%7B%22sid%22%3A%201513215004423%2C%20%22vd%22%3A%202%2C%20%22expires%22%3A%201513216854621%7D; __51cke__=; __51laig__=2',
  'host' => 'www.zhangheteng.com',
  'referer' => 'http://www.zhangheteng.com/blog/index/user',
  'user-agent' => 'Mozilla/5.0 (Windows NT 10.0; Win64; x64) AppleWebKit/537.36 (KHTML, like Gecko) Chrome/61.0.3163.100 Safari/537.36',
  'x-requested-with' => 'XMLHttpRequest',
)
[ info ] [ PARAM ] array (
  'id' => '1',
)
[ info ] [ RUN ] app\index\controller\User->article[ /data/home/qxu1141810136/htdocs/blog/application/index/controller/User.php ]
[ info ] [ LOG ] INIT File
---------------------------------------------------------------
[ 2017-12-14T09:32:19+08:00 ] 121.42.77.167 116.54.93.251 GET /blog/index/user/article/id/1
[ info ] www.zhangheteng.com/blog/index/user/article/id/1 [运行时间：0.064277s][吞吐率：15.56req/s] [内存消耗：4,661.78kb] [文件加载：58]
[ info ] [ LANG ] /data/home/qxu1141810136/htdocs/blog/thinkphp/lang/zh-cn.php
[ info ] [ ROUTE ] array (
  'type' => 'module',
  'module' => 
  array (
    0 => 'index',
    1 => 'user',
    2 => 'article',
  ),
)
[ info ] [ HEADER ] array (
  'accept' => 'text/html, */*; q=0.01',
  'accept-encoding' => 'gzip, deflate',
  'accept-language' => 'zh-CN,zh;q=0.8',
  'connection' => 'keep-alive',
  'cookie' => 'bdshare_firstime=1512720403272; Hm_lvt_080836300300be57b7f34f4b3e97d911=1513133087; opensns_OX_LOGGED_USER=91uBwY9jhznqHH8qwwoLty3eo3bt6XND9x-WrNTMTEk5qE%3DO62VMHYjQhx7ddJ8KdIsLxF8Kc3zqWIO5wHnm3CeCQYMqjKp8dDsKXA6HyCleHJTuHzhXV; PHPSESSID=g2mts9h6njl8c4kqev8hivdkc6; a7273_pages=2; a7273_times=2; __tins__19217273=%7B%22sid%22%3A%201513215004423%2C%20%22vd%22%3A%202%2C%20%22expires%22%3A%201513216854621%7D; __51cke__=; __51laig__=2',
  'host' => 'www.zhangheteng.com',
  'referer' => 'http://www.zhangheteng.com/blog/index/user',
  'user-agent' => 'Mozilla/5.0 (Windows NT 10.0; Win64; x64) AppleWebKit/537.36 (KHTML, like Gecko) Chrome/61.0.3163.100 Safari/537.36',
  'x-requested-with' => 'XMLHttpRequest',
)
[ info ] [ PARAM ] array (
  'id' => '1',
)
[ info ] [ RUN ] app\index\controller\User->article[ /data/home/qxu1141810136/htdocs/blog/application/index/controller/User.php ]
[ info ] [ DB ] INIT mysql
[ info ] [ VIEW ] /data/home/qxu1141810136/htdocs/blog/application/index/view/user/article.html [ array (
  0 => 'content',
  1 => 'list',
  2 => 'page_num',
) ]
[ info ] [ LOG ] INIT File
[ sql ] [ DB ] CONNECT:[ UseTime:0.004133s ] mysql:host=qdm191867626.my3w.com;port=3306;dbname=qdm191867626_db;charset=utf8
[ sql ] [ SQL ] SHOW COLUMNS FROM `summary_editor` [ RunTime:0.009518s ]
[ sql ] [ SQL ] SELECT COUNT(*) AS tp_count FROM `summary_editor` WHERE  `id` = 1  AND `status` = 1 LIMIT 1 [ RunTime:0.001330s ]
[ sql ] [ SQL ] SELECT * FROM `summary_editor` WHERE  `id` = 1  AND `status` = 1 ORDER BY set_time desc LIMIT 0,10 [ RunTime:0.001302s ]
---------------------------------------------------------------
[ 2017-12-14T09:39:09+08:00 ] 121.42.77.167 116.54.93.251 GET /blog/index/user
[ info ] www.zhangheteng.com/blog/index/user [运行时间：0.057339s][吞吐率：17.44req/s] [内存消耗：3,522.72kb] [文件加载：55]
[ info ] [ LANG ] /data/home/qxu1141810136/htdocs/blog/thinkphp/lang/zh-cn.php
[ info ] [ ROUTE ] array (
  'type' => 'module',
  'module' => 
  array (
    0 => 'index',
    1 => 'user',
    2 => NULL,
  ),
)
[ info ] [ HEADER ] array (
  'accept' => 'text/html,application/xhtml+xml,application/xml;q=0.9,image/webp,image/apng,*/*;q=0.8',
  'accept-encoding' => 'gzip, deflate',
  'accept-language' => 'zh-CN,zh;q=0.8',
  'cache-control' => 'max-age=0',
  'connection' => 'keep-alive',
  'cookie' => 'bdshare_firstime=1512720403272; Hm_lvt_080836300300be57b7f34f4b3e97d911=1513133087; opensns_OX_LOGGED_USER=91uBwY9jhznqHH8qwwoLty3eo3bt6XND9x-WrNTMTEk5qE%3DO62VMHYjQhx7ddJ8KdIsLxF8Kc3zqWIO5wHnm3CeCQYMqjKp8dDsKXA6HyCleHJTuHzhXV; PHPSESSID=g2mts9h6njl8c4kqev8hivdkc6; a7273_pages=2; a7273_times=2; __tins__19217273=%7B%22sid%22%3A%201513215004423%2C%20%22vd%22%3A%202%2C%20%22expires%22%3A%201513216854621%7D; __51cke__=; __51laig__=2',
  'host' => 'www.zhangheteng.com',
  'referer' => 'http://www.zhangheteng.com/blog/login',
  'upgrade-insecure-requests' => '1',
  'user-agent' => 'Mozilla/5.0 (Windows NT 10.0; Win64; x64) AppleWebKit/537.36 (KHTML, like Gecko) Chrome/61.0.3163.100 Safari/537.36',
)
[ info ] [ PARAM ] array (
)
[ info ] [ RUN ] app\index\controller\User->index[ /data/home/qxu1141810136/htdocs/blog/application/index/controller/User.php ]
[ info ] [ SESSION ] INIT array (
  'id' => '',
  'var_session_id' => '',
  'prefix' => 'think',
  'type' => '',
  'auto_start' => true,
  'SESSION_EXPIRE' => 60,
)
[ info ] [ DB ] INIT mysql
[ info ] [ VIEW ] /data/home/qxu1141810136/htdocs/blog/application/index/view/user/index.html [ array (
  0 => 'list',
  1 => 'follow',
) ]
[ info ] [ LOG ] INIT File
[ sql ] [ DB ] CONNECT:[ UseTime:0.004017s ] mysql:host=qdm191867626.my3w.com;port=3306;dbname=qdm191867626_db;charset=utf8
[ sql ] [ SQL ] SHOW COLUMNS FROM `summary_user` [ RunTime:0.002422s ]
[ sql ] [ SQL ] SELECT * FROM `summary_user` WHERE  `user_name` = 'admin' LIMIT 1 [ RunTime:0.001357s ]
---------------------------------------------------------------
[ 2017-12-14T09:39:20+08:00 ] 121.42.77.167 116.54.93.251 GET /blog/index/user/article/id/admin
[ info ] www.zhangheteng.com/blog/index/user/article/id/admin [运行时间：0.055691s][吞吐率：17.96req/s] [内存消耗：4,454.16kb] [文件加载：56]
[ info ] [ LANG ] /data/home/qxu1141810136/htdocs/blog/thinkphp/lang/zh-cn.php
[ info ] [ ROUTE ] array (
  'type' => 'module',
  'module' => 
  array (
    0 => 'index',
    1 => 'user',
    2 => 'article',
  ),
)
[ info ] [ HEADER ] array (
  'accept' => 'text/html, */*; q=0.01',
  'accept-encoding' => 'gzip, deflate',
  'accept-language' => 'zh-CN,zh;q=0.8',
  'connection' => 'keep-alive',
  'cookie' => 'bdshare_firstime=1512720403272; Hm_lvt_080836300300be57b7f34f4b3e97d911=1513133087; opensns_OX_LOGGED_USER=91uBwY9jhznqHH8qwwoLty3eo3bt6XND9x-WrNTMTEk5qE%3DO62VMHYjQhx7ddJ8KdIsLxF8Kc3zqWIO5wHnm3CeCQYMqjKp8dDsKXA6HyCleHJTuHzhXV; PHPSESSID=g2mts9h6njl8c4kqev8hivdkc6; a7273_pages=3; a7273_times=2; __tins__19217273=%7B%22sid%22%3A%201513215004423%2C%20%22vd%22%3A%203%2C%20%22expires%22%3A%201513217348198%7D; __51cke__=; __51laig__=3',
  'host' => 'www.zhangheteng.com',
  'referer' => 'http://www.zhangheteng.com/blog/index/user',
  'user-agent' => 'Mozilla/5.0 (Windows NT 10.0; Win64; x64) AppleWebKit/537.36 (KHTML, like Gecko) Chrome/61.0.3163.100 Safari/537.36',
  'x-requested-with' => 'XMLHttpRequest',
)
[ info ] [ PARAM ] array (
  'id' => 'admin',
)
[ info ] [ RUN ] app\index\controller\User->article[ /data/home/qxu1141810136/htdocs/blog/application/index/controller/User.php ]
[ info ] [ DB ] INIT mysql
[ info ] [ VIEW ] /data/home/qxu1141810136/htdocs/blog/application/index/view/user/article.html [ array (
  0 => 'content',
  1 => 'list',
  2 => 'page_num',
) ]
[ info ] [ LOG ] INIT File
[ sql ] [ DB ] CONNECT:[ UseTime:0.004116s ] mysql:host=qdm191867626.my3w.com;port=3306;dbname=qdm191867626_db;charset=utf8
[ sql ] [ SQL ] SHOW COLUMNS FROM `summary_editor` [ RunTime:0.002122s ]
[ sql ] [ SQL ] SELECT COUNT(*) AS tp_count FROM `summary_editor` WHERE  `user_name` IS NULL  AND `status` = 1 LIMIT 1 [ RunTime:0.001454s ]
[ sql ] [ SQL ] SELECT * FROM `summary_editor` WHERE  `user_name` IS NULL  AND `status` = 1 ORDER BY set_time desc LIMIT 0,10 [ RunTime:0.001272s ]
---------------------------------------------------------------
[ 2017-12-14T09:44:38+08:00 ] 121.42.77.167 116.54.93.251 GET /blog/index/user/article/id/admin
[ info ] www.zhangheteng.com/blog/index/user/article/id/admin [运行时间：0.057752s][吞吐率：17.32req/s] [内存消耗：4,456.11kb] [文件加载：56]
[ info ] [ LANG ] /data/home/qxu1141810136/htdocs/blog/thinkphp/lang/zh-cn.php
[ info ] [ ROUTE ] array (
  'type' => 'module',
  'module' => 
  array (
    0 => 'index',
    1 => 'user',
    2 => 'article',
  ),
)
[ info ] [ HEADER ] array (
  'accept' => 'text/html, */*; q=0.01',
  'accept-encoding' => 'gzip, deflate',
  'accept-language' => 'zh-CN,zh;q=0.8',
  'connection' => 'keep-alive',
  'cookie' => 'bdshare_firstime=1512720403272; Hm_lvt_080836300300be57b7f34f4b3e97d911=1513133087; opensns_OX_LOGGED_USER=91uBwY9jhznqHH8qwwoLty3eo3bt6XND9x-WrNTMTEk5qE%3DO62VMHYjQhx7ddJ8KdIsLxF8Kc3zqWIO5wHnm3CeCQYMqjKp8dDsKXA6HyCleHJTuHzhXV; PHPSESSID=g2mts9h6njl8c4kqev8hivdkc6; a7273_pages=3; a7273_times=2; __tins__19217273=%7B%22sid%22%3A%201513215004423%2C%20%22vd%22%3A%203%2C%20%22expires%22%3A%201513217348198%7D; __51cke__=; __51laig__=3',
  'host' => 'www.zhangheteng.com',
  'referer' => 'http://www.zhangheteng.com/blog/index/user',
  'user-agent' => 'Mozilla/5.0 (Windows NT 10.0; Win64; x64) AppleWebKit/537.36 (KHTML, like Gecko) Chrome/61.0.3163.100 Safari/537.36',
  'x-requested-with' => 'XMLHttpRequest',
)
[ info ] [ PARAM ] array (
  'id' => 'admin',
)
[ info ] [ RUN ] app\index\controller\User->article[ /data/home/qxu1141810136/htdocs/blog/application/index/controller/User.php ]
[ info ] [ DB ] INIT mysql
[ info ] [ VIEW ] /data/home/qxu1141810136/htdocs/blog/application/index/view/user/article.html [ array (
  0 => 'content',
  1 => 'list',
  2 => 'page_num',
) ]
[ info ] [ LOG ] INIT File
[ sql ] [ DB ] CONNECT:[ UseTime:0.005367s ] mysql:host=qdm191867626.my3w.com;port=3306;dbname=qdm191867626_db;charset=utf8
[ sql ] [ SQL ] SHOW COLUMNS FROM `summary_editor` [ RunTime:0.002493s ]
[ sql ] [ SQL ] SELECT COUNT(*) AS tp_count FROM `summary_editor` WHERE  `user_name` IS NULL  AND `status` = 1 LIMIT 1 [ RunTime:0.001200s ]
[ sql ] [ SQL ] SELECT * FROM `summary_editor` WHERE  `user_name` IS NULL  AND `status` = 1 ORDER BY set_time desc LIMIT 0,10 [ RunTime:0.001492s ]
---------------------------------------------------------------
[ 2017-12-14T09:45:20+08:00 ] 121.42.77.167 116.54.93.251 GET /blog/index/user/article/id/admin
[ info ] www.zhangheteng.com/blog/index/user/article/id/admin [运行时间：0.054697s][吞吐率：18.28req/s] [内存消耗：4,455.32kb] [文件加载：56]
[ info ] [ LANG ] /data/home/qxu1141810136/htdocs/blog/thinkphp/lang/zh-cn.php
[ info ] [ ROUTE ] array (
  'type' => 'module',
  'module' => 
  array (
    0 => 'index',
    1 => 'user',
    2 => 'article',
  ),
)
[ info ] [ HEADER ] array (
  'accept' => 'text/html, */*; q=0.01',
  'accept-encoding' => 'gzip, deflate',
  'accept-language' => 'zh-CN,zh;q=0.8',
  'connection' => 'keep-alive',
  'cookie' => 'bdshare_firstime=1512720403272; Hm_lvt_080836300300be57b7f34f4b3e97d911=1513133087; opensns_OX_LOGGED_USER=91uBwY9jhznqHH8qwwoLty3eo3bt6XND9x-WrNTMTEk5qE%3DO62VMHYjQhx7ddJ8KdIsLxF8Kc3zqWIO5wHnm3CeCQYMqjKp8dDsKXA6HyCleHJTuHzhXV',
  'host' => 'www.zhangheteng.com',
  'referer' => 'http://www.zhangheteng.com/blog/index/user',
  'user-agent' => 'Mozilla/5.0 (Windows NT 10.0; Win64; x64) AppleWebKit/537.36 (KHTML, like Gecko) Chrome/61.0.3163.100 Safari/537.36',
  'x-requested-with' => 'XMLHttpRequest',
)
[ info ] [ PARAM ] array (
  'id' => 'admin',
)
[ info ] [ RUN ] app\index\controller\User->article[ /data/home/qxu1141810136/htdocs/blog/application/index/controller/User.php ]
[ info ] [ DB ] INIT mysql
[ info ] [ VIEW ] /data/home/qxu1141810136/htdocs/blog/application/index/view/user/article.html [ array (
  0 => 'content',
  1 => 'list',
  2 => 'page_num',
) ]
[ info ] [ LOG ] INIT File
[ sql ] [ DB ] CONNECT:[ UseTime:0.004149s ] mysql:host=qdm191867626.my3w.com;port=3306;dbname=qdm191867626_db;charset=utf8
[ sql ] [ SQL ] SHOW COLUMNS FROM `summary_editor` [ RunTime:0.002136s ]
[ sql ] [ SQL ] SELECT COUNT(*) AS tp_count FROM `summary_editor` WHERE  `user_name` IS NULL  AND `status` = 1 LIMIT 1 [ RunTime:0.001167s ]
[ sql ] [ SQL ] SELECT * FROM `summary_editor` WHERE  `user_name` IS NULL  AND `status` = 1 ORDER BY set_time desc LIMIT 0,10 [ RunTime:0.001332s ]
---------------------------------------------------------------
[ 2017-12-14T09:45:30+08:00 ] 121.42.77.167 116.54.93.251 GET /blog/index/user
[ info ] www.zhangheteng.com/blog/index/user [运行时间：0.035808s][吞吐率：27.93req/s] [内存消耗：2,348.45kb] [文件加载：48]
[ info ] [ LANG ] /data/home/qxu1141810136/htdocs/blog/thinkphp/lang/zh-cn.php
[ info ] [ ROUTE ] array (
  'type' => 'module',
  'module' => 
  array (
    0 => 'index',
    1 => 'user',
    2 => NULL,
  ),
)
[ info ] [ HEADER ] array (
  'accept' => 'text/html,application/xhtml+xml,application/xml;q=0.9,image/webp,image/apng,*/*;q=0.8',
  'accept-encoding' => 'gzip, deflate',
  'accept-language' => 'zh-CN,zh;q=0.8',
  'cache-control' => 'max-age=0',
  'connection' => 'keep-alive',
  'cookie' => 'bdshare_firstime=1512720403272; Hm_lvt_080836300300be57b7f34f4b3e97d911=1513133087; opensns_OX_LOGGED_USER=91uBwY9jhznqHH8qwwoLty3eo3bt6XND9x-WrNTMTEk5qE%3DO62VMHYjQhx7ddJ8KdIsLxF8Kc3zqWIO5wHnm3CeCQYMqjKp8dDsKXA6HyCleHJTuHzhXV',
  'host' => 'www.zhangheteng.com',
  'referer' => 'http://www.zhangheteng.com/blog/login',
  'upgrade-insecure-requests' => '1',
  'user-agent' => 'Mozilla/5.0 (Windows NT 10.0; Win64; x64) AppleWebKit/537.36 (KHTML, like Gecko) Chrome/61.0.3163.100 Safari/537.36',
)
[ info ] [ PARAM ] array (
)
[ info ] [ RUN ] app\index\controller\User->index[ /data/home/qxu1141810136/htdocs/blog/application/index/controller/User.php ]
[ info ] [ SESSION ] INIT array (
  'id' => '',
  'var_session_id' => '',
  'prefix' => 'think',
  'type' => '',
  'auto_start' => true,
  'SESSION_EXPIRE' => 60,
)
[ info ] [ LOG ] INIT File
[ error ] [8]未定义变量: list[/data/home/qxu1141810136/htdocs/blog/application/index/controller/User.php:32]
---------------------------------------------------------------
[ 2017-12-14T09:45:31+08:00 ] 121.42.77.167 116.54.93.251 GET /blog/login
[ info ] www.zhangheteng.com/blog/login [运行时间：0.034595s][吞吐率：28.91req/s] [内存消耗：2,469.34kb] [文件加载：47]
[ info ] [ LANG ] /data/home/qxu1141810136/htdocs/blog/thinkphp/lang/zh-cn.php
[ info ] [ ROUTE ] array (
  'type' => 'module',
  'module' => 
  array (
    0 => 'login',
    1 => NULL,
    2 => NULL,
  ),
)
[ info ] [ HEADER ] array (
  'accept' => 'text/html,application/xhtml+xml,application/xml;q=0.9,image/webp,image/apng,*/*;q=0.8',
  'accept-encoding' => 'gzip, deflate',
  'accept-language' => 'zh-CN,zh;q=0.8',
  'connection' => 'keep-alive',
  'cookie' => 'bdshare_firstime=1512720403272; Hm_lvt_080836300300be57b7f34f4b3e97d911=1513133087; opensns_OX_LOGGED_USER=91uBwY9jhznqHH8qwwoLty3eo3bt6XND9x-WrNTMTEk5qE%3DO62VMHYjQhx7ddJ8KdIsLxF8Kc3zqWIO5wHnm3CeCQYMqjKp8dDsKXA6HyCleHJTuHzhXV; PHPSESSID=gd054ra0osubdfoh54dsndd811',
  'host' => 'www.zhangheteng.com',
  'referer' => 'http://www.zhangheteng.com/blog/index/user',
  'upgrade-insecure-requests' => '1',
  'user-agent' => 'Mozilla/5.0 (Windows NT 10.0; Win64; x64) AppleWebKit/537.36 (KHTML, like Gecko) Chrome/61.0.3163.100 Safari/537.36',
)
[ info ] [ PARAM ] array (
)
[ info ] [ RUN ] app\login\controller\Index->index[ /data/home/qxu1141810136/htdocs/blog/application/login/controller/Index.php ]
[ info ] [ VIEW ] /data/home/qxu1141810136/htdocs/blog/application/login/view/index/index.html [ array (
  0 => 'href',
) ]
[ info ] [ LOG ] INIT File
---------------------------------------------------------------
[ 2017-12-14T09:45:41+08:00 ] 121.42.77.167 116.54.93.251 POST /blog/login/index/index.html
[ info ] www.zhangheteng.com/blog/login/index/index.html [运行时间：0.419880s][吞吐率：2.38req/s] [内存消耗：3,471.55kb] [文件加载：55]
[ info ] [ LANG ] /data/home/qxu1141810136/htdocs/blog/thinkphp/lang/zh-cn.php
[ info ] [ ROUTE ] array (
  'type' => 'module',
  'module' => 
  array (
    0 => 'login',
    1 => 'index',
    2 => 'index',
  ),
)
[ info ] [ HEADER ] array (
  'content-length' => '32',
  'content-type' => 'application/x-www-form-urlencoded; charset=UTF-8',
  'accept' => 'application/json, text/javascript, */*; q=0.01',
  'accept-encoding' => 'gzip, deflate',
  'accept-language' => 'zh-CN,zh;q=0.8',
  'connection' => 'keep-alive',
  'cookie' => 'bdshare_firstime=1512720403272; Hm_lvt_080836300300be57b7f34f4b3e97d911=1513133087; opensns_OX_LOGGED_USER=91uBwY9jhznqHH8qwwoLty3eo3bt6XND9x-WrNTMTEk5qE%3DO62VMHYjQhx7ddJ8KdIsLxF8Kc3zqWIO5wHnm3CeCQYMqjKp8dDsKXA6HyCleHJTuHzhXV; PHPSESSID=gd054ra0osubdfoh54dsndd811',
  'host' => 'www.zhangheteng.com',
  'origin' => 'http://www.zhangheteng.com',
  'referer' => 'http://www.zhangheteng.com/blog/login',
  'user-agent' => 'Mozilla/5.0 (Windows NT 10.0; Win64; x64) AppleWebKit/537.36 (KHTML, like Gecko) Chrome/61.0.3163.100 Safari/537.36',
  'x-requested-with' => 'XMLHttpRequest',
)
[ info ] [ PARAM ] array (
  'user_name' => 'admin',
  'pass_word' => '123456',
)
[ info ] [ RUN ] app\login\controller\Index->index[ /data/home/qxu1141810136/htdocs/blog/application/login/controller/Index.php ]
[ info ] [ DB ] INIT mysql
[ info ] [ SESSION ] INIT array (
  'id' => '',
  'var_session_id' => '',
  'prefix' => 'think',
  'type' => '',
  'auto_start' => true,
  'SESSION_EXPIRE' => 60,
)
[ info ] [ CACHE ] INIT File
[ info ] [ LOG ] INIT File
[ sql ] [ DB ] CONNECT:[ UseTime:0.005367s ] mysql:host=qdm191867626.my3w.com;port=3306;dbname=qdm191867626_db;charset=utf8
[ sql ] [ SQL ] SHOW COLUMNS FROM `summary_user` [ RunTime:0.002461s ]
[ sql ] [ SQL ] SELECT * FROM `summary_user` WHERE  `user_name` = 'admin'  AND `pass_word` = 'e10adc3949ba59abbe56e057f20f883e' LIMIT 1 [ RunTime:0.001961s ]
[ sql ] [ SQL ] SHOW COLUMNS FROM `summary_editor` [ RunTime:0.001793s ]
[ sql ] [ SQL ] SELECT * FROM `summary_editor` WHERE  `user_name` = 'admin' [ RunTime:0.007640s ]
[ sql ] [ SQL ] UPDATE `summary_user`  SET `land`=151,`ip_next`='116.54.93.251',`login_time`=1513215940  WHERE  `id` = 1 [ RunTime:0.351527s ]
---------------------------------------------------------------
[ 2017-12-14T09:45:43+08:00 ] 121.42.77.167 116.54.93.251 GET /blog/index/user
[ info ] www.zhangheteng.com/blog/index/user [运行时间：0.057981s][吞吐率：17.25req/s] [内存消耗：3,299.93kb] [文件加载：53]
[ info ] [ LANG ] /data/home/qxu1141810136/htdocs/blog/thinkphp/lang/zh-cn.php
[ info ] [ ROUTE ] array (
  'type' => 'module',
  'module' => 
  array (
    0 => 'index',
    1 => 'user',
    2 => NULL,
  ),
)
[ info ] [ HEADER ] array (
  'accept' => 'text/html,application/xhtml+xml,application/xml;q=0.9,image/webp,image/apng,*/*;q=0.8',
  'accept-encoding' => 'gzip, deflate',
  'accept-language' => 'zh-CN,zh;q=0.8',
  'connection' => 'keep-alive',
  'cookie' => 'bdshare_firstime=1512720403272; Hm_lvt_080836300300be57b7f34f4b3e97d911=1513133087; opensns_OX_LOGGED_USER=91uBwY9jhznqHH8qwwoLty3eo3bt6XND9x-WrNTMTEk5qE%3DO62VMHYjQhx7ddJ8KdIsLxF8Kc3zqWIO5wHnm3CeCQYMqjKp8dDsKXA6HyCleHJTuHzhXV; PHPSESSID=gd054ra0osubdfoh54dsndd811',
  'host' => 'www.zhangheteng.com',
  'referer' => 'http://www.zhangheteng.com/blog/login',
  'upgrade-insecure-requests' => '1',
  'user-agent' => 'Mozilla/5.0 (Windows NT 10.0; Win64; x64) AppleWebKit/537.36 (KHTML, like Gecko) Chrome/61.0.3163.100 Safari/537.36',
)
[ info ] [ PARAM ] array (
)
[ info ] [ RUN ] app\index\controller\User->index[ /data/home/qxu1141810136/htdocs/blog/application/index/controller/User.php ]
[ info ] [ SESSION ] INIT array (
  'id' => '',
  'var_session_id' => '',
  'prefix' => 'think',
  'type' => '',
  'auto_start' => true,
  'SESSION_EXPIRE' => 60,
)
[ info ] [ DB ] INIT mysql
[ info ] [ VIEW ] /data/home/qxu1141810136/htdocs/blog/application/index/view/user/index.html [ array (
  0 => 'list',
  1 => 'follow',
) ]
[ info ] [ LOG ] INIT File
[ sql ] [ DB ] CONNECT:[ UseTime:0.004511s ] mysql:host=qdm191867626.my3w.com;port=3306;dbname=qdm191867626_db;charset=utf8
[ sql ] [ SQL ] SHOW COLUMNS FROM `summary_user` [ RunTime:0.007442s ]
[ sql ] [ SQL ] SELECT * FROM `summary_user` WHERE  `user_name` = 'admin' LIMIT 1 [ RunTime:0.001563s ]
---------------------------------------------------------------
[ 2017-12-14T09:45:46+08:00 ] 121.42.77.167 116.54.93.251 GET /blog/index/user/article/username/admin
[ info ] www.zhangheteng.com/blog/index/user/article/username/admin [运行时间：0.067769s][吞吐率：14.76req/s] [内存消耗：4,991.52kb] [文件加载：56]
[ info ] [ LANG ] /data/home/qxu1141810136/htdocs/blog/thinkphp/lang/zh-cn.php
[ info ] [ ROUTE ] array (
  'type' => 'module',
  'module' => 
  array (
    0 => 'index',
    1 => 'user',
    2 => 'article',
  ),
)
[ info ] [ HEADER ] array (
  'accept' => 'text/html, */*; q=0.01',
  'accept-encoding' => 'gzip, deflate',
  'accept-language' => 'zh-CN,zh;q=0.8',
  'connection' => 'keep-alive',
  'cookie' => 'bdshare_firstime=1512720403272; Hm_lvt_080836300300be57b7f34f4b3e97d911=1513133087; opensns_OX_LOGGED_USER=91uBwY9jhznqHH8qwwoLty3eo3bt6XND9x-WrNTMTEk5qE%3DO62VMHYjQhx7ddJ8KdIsLxF8Kc3zqWIO5wHnm3CeCQYMqjKp8dDsKXA6HyCleHJTuHzhXV; PHPSESSID=gd054ra0osubdfoh54dsndd811; a7273_pages=1; a7273_times=1; __tins__19217273=%7B%22sid%22%3A%201513215942709%2C%20%22vd%22%3A%201%2C%20%22expires%22%3A%201513217742709%7D; __51cke__=; __51laig__=1',
  'host' => 'www.zhangheteng.com',
  'referer' => 'http://www.zhangheteng.com/blog/index/user',
  'user-agent' => 'Mozilla/5.0 (Windows NT 10.0; Win64; x64) AppleWebKit/537.36 (KHTML, like Gecko) Chrome/61.0.3163.100 Safari/537.36',
  'x-requested-with' => 'XMLHttpRequest',
)
[ info ] [ PARAM ] array (
  'username' => 'admin',
)
[ info ] [ RUN ] app\index\controller\User->article[ /data/home/qxu1141810136/htdocs/blog/application/index/controller/User.php ]
[ info ] [ DB ] INIT mysql
[ info ] [ VIEW ] /data/home/qxu1141810136/htdocs/blog/application/index/view/user/article.html [ array (
  0 => 'content',
  1 => 'list',
  2 => 'page_num',
) ]
[ info ] [ LOG ] INIT File
[ sql ] [ DB ] CONNECT:[ UseTime:0.004220s ] mysql:host=qdm191867626.my3w.com;port=3306;dbname=qdm191867626_db;charset=utf8
[ sql ] [ SQL ] SHOW COLUMNS FROM `summary_editor` [ RunTime:0.002148s ]
[ sql ] [ SQL ] SELECT COUNT(*) AS tp_count FROM `summary_editor` WHERE  `user_name` = 'admin'  AND `status` = 1 LIMIT 1 [ RunTime:0.001364s ]
[ sql ] [ SQL ] SELECT * FROM `summary_editor` WHERE  `user_name` = 'admin'  AND `status` = 1 ORDER BY set_time desc LIMIT 0,10 [ RunTime:0.008567s ]
---------------------------------------------------------------
[ 2017-12-14T09:48:29+08:00 ] 121.42.77.167 116.54.93.251 GET /blog/index/user
[ info ] www.zhangheteng.com/blog/index/user [运行时间：0.055434s][吞吐率：18.04req/s] [内存消耗：3,300.91kb] [文件加载：53]
[ info ] [ LANG ] /data/home/qxu1141810136/htdocs/blog/thinkphp/lang/zh-cn.php
[ info ] [ ROUTE ] array (
  'type' => 'module',
  'module' => 
  array (
    0 => 'index',
    1 => 'user',
    2 => NULL,
  ),
)
[ info ] [ HEADER ] array (
  'accept' => 'text/html,application/xhtml+xml,application/xml;q=0.9,image/webp,image/apng,*/*;q=0.8',
  'accept-encoding' => 'gzip, deflate',
  'accept-language' => 'zh-CN,zh;q=0.8',
  'cache-control' => 'max-age=0',
  'connection' => 'keep-alive',
  'cookie' => 'bdshare_firstime=1512720403272; Hm_lvt_080836300300be57b7f34f4b3e97d911=1513133087; opensns_OX_LOGGED_USER=91uBwY9jhznqHH8qwwoLty3eo3bt6XND9x-WrNTMTEk5qE%3DO62VMHYjQhx7ddJ8KdIsLxF8Kc3zqWIO5wHnm3CeCQYMqjKp8dDsKXA6HyCleHJTuHzhXV; PHPSESSID=gd054ra0osubdfoh54dsndd811; a7273_pages=1; a7273_times=1; __tins__19217273=%7B%22sid%22%3A%201513215942709%2C%20%22vd%22%3A%201%2C%20%22expires%22%3A%201513217742709%7D; __51cke__=; __51laig__=1',
  'host' => 'www.zhangheteng.com',
  'referer' => 'http://www.zhangheteng.com/blog/login',
  'upgrade-insecure-requests' => '1',
  'user-agent' => 'Mozilla/5.0 (Windows NT 10.0; Win64; x64) AppleWebKit/537.36 (KHTML, like Gecko) Chrome/61.0.3163.100 Safari/537.36',
)
[ info ] [ PARAM ] array (
)
[ info ] [ RUN ] app\index\controller\User->index[ /data/home/qxu1141810136/htdocs/blog/application/index/controller/User.php ]
[ info ] [ SESSION ] INIT array (
  'id' => '',
  'var_session_id' => '',
  'prefix' => 'think',
  'type' => '',
  'auto_start' => true,
  'SESSION_EXPIRE' => 60,
)
[ info ] [ DB ] INIT mysql
[ info ] [ VIEW ] /data/home/qxu1141810136/htdocs/blog/application/index/view/user/index.html [ array (
  0 => 'list',
  1 => 'follow',
) ]
[ info ] [ LOG ] INIT File
[ sql ] [ DB ] CONNECT:[ UseTime:0.004290s ] mysql:host=qdm191867626.my3w.com;port=3306;dbname=qdm191867626_db;charset=utf8
[ sql ] [ SQL ] SHOW COLUMNS FROM `summary_user` [ RunTime:0.002410s ]
[ sql ] [ SQL ] SELECT * FROM `summary_user` WHERE  `user_name` = 'admin' LIMIT 1 [ RunTime:0.001395s ]
---------------------------------------------------------------
[ 2017-12-14T09:48:32+08:00 ] 121.42.77.167 116.54.93.251 GET /blog/index/user/article/username/admin
[ info ] www.zhangheteng.com/blog/index/user/article/username/admin [运行时间：0.065394s][吞吐率：15.29req/s] [内存消耗：3,505.70kb] [文件加载：60]
[ info ] [ LANG ] /data/home/qxu1141810136/htdocs/blog/thinkphp/lang/zh-cn.php
[ info ] [ ROUTE ] array (
  'type' => 'module',
  'module' => 
  array (
    0 => 'index',
    1 => 'user',
    2 => 'article',
  ),
)
[ info ] [ HEADER ] array (
  'accept' => 'text/html, */*; q=0.01',
  'accept-encoding' => 'gzip, deflate',
  'accept-language' => 'zh-CN,zh;q=0.8',
  'connection' => 'keep-alive',
  'cookie' => 'bdshare_firstime=1512720403272; Hm_lvt_080836300300be57b7f34f4b3e97d911=1513133087; opensns_OX_LOGGED_USER=91uBwY9jhznqHH8qwwoLty3eo3bt6XND9x-WrNTMTEk5qE%3DO62VMHYjQhx7ddJ8KdIsLxF8Kc3zqWIO5wHnm3CeCQYMqjKp8dDsKXA6HyCleHJTuHzhXV; PHPSESSID=gd054ra0osubdfoh54dsndd811; a7273_pages=2; a7273_times=1; __tins__19217273=%7B%22sid%22%3A%201513215942709%2C%20%22vd%22%3A%202%2C%20%22expires%22%3A%201513217908832%7D; __51cke__=; __51laig__=2',
  'host' => 'www.zhangheteng.com',
  'referer' => 'http://www.zhangheteng.com/blog/index/user',
  'user-agent' => 'Mozilla/5.0 (Windows NT 10.0; Win64; x64) AppleWebKit/537.36 (KHTML, like Gecko) Chrome/61.0.3163.100 Safari/537.36',
  'x-requested-with' => 'XMLHttpRequest',
)
[ info ] [ PARAM ] array (
  'username' => 'admin',
)
[ info ] [ RUN ] app\index\controller\User->article[ /data/home/qxu1141810136/htdocs/blog/application/index/controller/User.php ]
[ info ] [ DB ] INIT mysql
[ info ] [ VIEW ] /data/home/qxu1141810136/htdocs/blog/application/index/view/user/article.html [ array (
  0 => 'content',
  1 => 'list',
  2 => 'page_num',
) ]
[ info ] [ LOG ] INIT File
[ sql ] [ DB ] CONNECT:[ UseTime:0.004583s ] mysql:host=qdm191867626.my3w.com;port=3306;dbname=qdm191867626_db;charset=utf8
[ sql ] [ SQL ] SHOW COLUMNS FROM `summary_editor` [ RunTime:0.002038s ]
[ sql ] [ SQL ] SELECT COUNT(*) AS tp_count FROM `summary_editor` WHERE  `user_name` = 'admin'  AND `status` = 1 LIMIT 1 [ RunTime:0.001107s ]
[ sql ] [ SQL ] SELECT `id`,`user_name`,`set_time`,`title`,`category`,`wrap` FROM `summary_editor` WHERE  `user_name` = 'admin'  AND `status` = 1 ORDER BY set_time desc LIMIT 0,10 [ RunTime:0.001416s ]
[ error ] [8]未定义数组索引: page_view[/data/home/qxu1141810136/htdocs/blog/runtime/temp/78c1324a70173855c131ca1517075d2d.php:172]
---------------------------------------------------------------
[ 2017-12-14T09:48:44+08:00 ] 121.42.77.167 116.54.93.251 GET /blog/index/user/article/username/admin
[ info ] www.zhangheteng.com/blog/index/user/article/username/admin [运行时间：0.066509s][吞吐率：15.04req/s] [内存消耗：3,505.70kb] [文件加载：60]
[ info ] [ LANG ] /data/home/qxu1141810136/htdocs/blog/thinkphp/lang/zh-cn.php
[ info ] [ ROUTE ] array (
  'type' => 'module',
  'module' => 
  array (
    0 => 'index',
    1 => 'user',
    2 => 'article',
  ),
)
[ info ] [ HEADER ] array (
  'accept' => 'text/html, */*; q=0.01',
  'accept-encoding' => 'gzip, deflate',
  'accept-language' => 'zh-CN,zh;q=0.8',
  'connection' => 'keep-alive',
  'cookie' => 'bdshare_firstime=1512720403272; Hm_lvt_080836300300be57b7f34f4b3e97d911=1513133087; opensns_OX_LOGGED_USER=91uBwY9jhznqHH8qwwoLty3eo3bt6XND9x-WrNTMTEk5qE%3DO62VMHYjQhx7ddJ8KdIsLxF8Kc3zqWIO5wHnm3CeCQYMqjKp8dDsKXA6HyCleHJTuHzhXV; PHPSESSID=gd054ra0osubdfoh54dsndd811; a7273_pages=2; a7273_times=1; __tins__19217273=%7B%22sid%22%3A%201513215942709%2C%20%22vd%22%3A%202%2C%20%22expires%22%3A%201513217908832%7D; __51cke__=; __51laig__=2',
  'host' => 'www.zhangheteng.com',
  'referer' => 'http://www.zhangheteng.com/blog/index/user',
  'user-agent' => 'Mozilla/5.0 (Windows NT 10.0; Win64; x64) AppleWebKit/537.36 (KHTML, like Gecko) Chrome/61.0.3163.100 Safari/537.36',
  'x-requested-with' => 'XMLHttpRequest',
)
[ info ] [ PARAM ] array (
  'username' => 'admin',
)
[ info ] [ RUN ] app\index\controller\User->article[ /data/home/qxu1141810136/htdocs/blog/application/index/controller/User.php ]
[ info ] [ DB ] INIT mysql
[ info ] [ VIEW ] /data/home/qxu1141810136/htdocs/blog/application/index/view/user/article.html [ array (
  0 => 'content',
  1 => 'list',
  2 => 'page_num',
) ]
[ info ] [ LOG ] INIT File
[ sql ] [ DB ] CONNECT:[ UseTime:0.005561s ] mysql:host=qdm191867626.my3w.com;port=3306;dbname=qdm191867626_db;charset=utf8
[ sql ] [ SQL ] SHOW COLUMNS FROM `summary_editor` [ RunTime:0.002123s ]
[ sql ] [ SQL ] SELECT COUNT(*) AS tp_count FROM `summary_editor` WHERE  `user_name` = 'admin'  AND `status` = 1 LIMIT 1 [ RunTime:0.001263s ]
[ sql ] [ SQL ] SELECT `id`,`user_name`,`set_time`,`title`,`category`,`wrap` FROM `summary_editor` WHERE  `user_name` = 'admin'  AND `status` = 1 ORDER BY set_time desc LIMIT 0,10 [ RunTime:0.001299s ]
[ error ] [8]未定义数组索引: page_view[/data/home/qxu1141810136/htdocs/blog/runtime/temp/78c1324a70173855c131ca1517075d2d.php:172]
---------------------------------------------------------------
[ 2017-12-14T09:48:52+08:00 ] 121.42.77.167 116.54.93.251 GET /blog/index/user/article/username/admin
[ info ] www.zhangheteng.com/blog/index/user/article/username/admin [运行时间：0.061122s][吞吐率：16.36req/s] [内存消耗：3,505.70kb] [文件加载：60]
[ info ] [ LANG ] /data/home/qxu1141810136/htdocs/blog/thinkphp/lang/zh-cn.php
[ info ] [ ROUTE ] array (
  'type' => 'module',
  'module' => 
  array (
    0 => 'index',
    1 => 'user',
    2 => 'article',
  ),
)
[ info ] [ HEADER ] array (
  'accept' => 'text/html, */*; q=0.01',
  'accept-encoding' => 'gzip, deflate',
  'accept-language' => 'zh-CN,zh;q=0.8',
  'connection' => 'keep-alive',
  'cookie' => 'bdshare_firstime=1512720403272; Hm_lvt_080836300300be57b7f34f4b3e97d911=1513133087; opensns_OX_LOGGED_USER=91uBwY9jhznqHH8qwwoLty3eo3bt6XND9x-WrNTMTEk5qE%3DO62VMHYjQhx7ddJ8KdIsLxF8Kc3zqWIO5wHnm3CeCQYMqjKp8dDsKXA6HyCleHJTuHzhXV; PHPSESSID=gd054ra0osubdfoh54dsndd811; a7273_pages=2; a7273_times=1; __tins__19217273=%7B%22sid%22%3A%201513215942709%2C%20%22vd%22%3A%202%2C%20%22expires%22%3A%201513217908832%7D; __51cke__=; __51laig__=2',
  'host' => 'www.zhangheteng.com',
  'referer' => 'http://www.zhangheteng.com/blog/index/user',
  'user-agent' => 'Mozilla/5.0 (Windows NT 10.0; Win64; x64) AppleWebKit/537.36 (KHTML, like Gecko) Chrome/61.0.3163.100 Safari/537.36',
  'x-requested-with' => 'XMLHttpRequest',
)
[ info ] [ PARAM ] array (
  'username' => 'admin',
)
[ info ] [ RUN ] app\index\controller\User->article[ /data/home/qxu1141810136/htdocs/blog/application/index/controller/User.php ]
[ info ] [ DB ] INIT mysql
[ info ] [ VIEW ] /data/home/qxu1141810136/htdocs/blog/application/index/view/user/article.html [ array (
  0 => 'content',
  1 => 'list',
  2 => 'page_num',
) ]
[ info ] [ LOG ] INIT File
[ sql ] [ DB ] CONNECT:[ UseTime:0.004157s ] mysql:host=qdm191867626.my3w.com;port=3306;dbname=qdm191867626_db;charset=utf8
[ sql ] [ SQL ] SHOW COLUMNS FROM `summary_editor` [ RunTime:0.001993s ]
[ sql ] [ SQL ] SELECT COUNT(*) AS tp_count FROM `summary_editor` WHERE  `user_name` = 'admin'  AND `status` = 1 LIMIT 1 [ RunTime:0.001168s ]
[ sql ] [ SQL ] SELECT `id`,`user_name`,`set_time`,`title`,`category`,`wrap` FROM `summary_editor` WHERE  `user_name` = 'admin'  AND `status` = 1 ORDER BY set_time desc LIMIT 0,10 [ RunTime:0.001243s ]
[ error ] [8]未定义数组索引: page_view[/data/home/qxu1141810136/htdocs/blog/runtime/temp/78c1324a70173855c131ca1517075d2d.php:172]
---------------------------------------------------------------
[ 2017-12-14T09:49:11+08:00 ] 121.42.77.167 116.54.93.251 GET /blog/index/user/article/username/admin
[ info ] www.zhangheteng.com/blog/index/user/article/username/admin [运行时间：0.059752s][吞吐率：16.74req/s] [内存消耗：3,504.62kb] [文件加载：60]
[ info ] [ LANG ] /data/home/qxu1141810136/htdocs/blog/thinkphp/lang/zh-cn.php
[ info ] [ ROUTE ] array (
  'type' => 'module',
  'module' => 
  array (
    0 => 'index',
    1 => 'user',
    2 => 'article',
  ),
)
[ info ] [ HEADER ] array (
  'accept' => 'text/html,application/xhtml+xml,application/xml;q=0.9,image/webp,image/apng,*/*;q=0.8',
  'accept-encoding' => 'gzip, deflate',
  'accept-language' => 'zh-CN,zh;q=0.8',
  'connection' => 'keep-alive',
  'cookie' => 'bdshare_firstime=1512720403272; Hm_lvt_080836300300be57b7f34f4b3e97d911=1513133087; opensns_OX_LOGGED_USER=91uBwY9jhznqHH8qwwoLty3eo3bt6XND9x-WrNTMTEk5qE%3DO62VMHYjQhx7ddJ8KdIsLxF8Kc3zqWIO5wHnm3CeCQYMqjKp8dDsKXA6HyCleHJTuHzhXV; PHPSESSID=gd054ra0osubdfoh54dsndd811; a7273_pages=2; a7273_times=1; __tins__19217273=%7B%22sid%22%3A%201513215942709%2C%20%22vd%22%3A%202%2C%20%22expires%22%3A%201513217908832%7D; __51cke__=; __51laig__=2',
  'host' => 'www.zhangheteng.com',
  'upgrade-insecure-requests' => '1',
  'user-agent' => 'Mozilla/5.0 (Windows NT 10.0; Win64; x64) AppleWebKit/537.36 (KHTML, like Gecko) Chrome/61.0.3163.100 Safari/537.36',
)
[ info ] [ PARAM ] array (
  'username' => 'admin',
)
[ info ] [ RUN ] app\index\controller\User->article[ /data/home/qxu1141810136/htdocs/blog/application/index/controller/User.php ]
[ info ] [ DB ] INIT mysql
[ info ] [ VIEW ] /data/home/qxu1141810136/htdocs/blog/application/index/view/user/article.html [ array (
  0 => 'content',
  1 => 'list',
  2 => 'page_num',
) ]
[ info ] [ LOG ] INIT File
[ sql ] [ DB ] CONNECT:[ UseTime:0.003917s ] mysql:host=qdm191867626.my3w.com;port=3306;dbname=qdm191867626_db;charset=utf8
[ sql ] [ SQL ] SHOW COLUMNS FROM `summary_editor` [ RunTime:0.002063s ]
[ sql ] [ SQL ] SELECT COUNT(*) AS tp_count FROM `summary_editor` WHERE  `user_name` = 'admin'  AND `status` = 1 LIMIT 1 [ RunTime:0.001149s ]
[ sql ] [ SQL ] SELECT `id`,`user_name`,`set_time`,`title`,`category`,`wrap` FROM `summary_editor` WHERE  `user_name` = 'admin'  AND `status` = 1 ORDER BY set_time desc LIMIT 0,10 [ RunTime:0.001268s ]
[ error ] [8]未定义数组索引: page_view[/data/home/qxu1141810136/htdocs/blog/runtime/temp/78c1324a70173855c131ca1517075d2d.php:172]
---------------------------------------------------------------
[ 2017-12-14T09:49:41+08:00 ] 121.42.77.167 116.54.93.251 GET /blog/index/user
[ info ] www.zhangheteng.com/blog/index/user [运行时间：0.052165s][吞吐率：19.17req/s] [内存消耗：3,301.11kb] [文件加载：53]
[ info ] [ LANG ] /data/home/qxu1141810136/htdocs/blog/thinkphp/lang/zh-cn.php
[ info ] [ ROUTE ] array (
  'type' => 'module',
  'module' => 
  array (
    0 => 'index',
    1 => 'user',
    2 => NULL,
  ),
)
[ info ] [ HEADER ] array (
  'accept' => 'text/html,application/xhtml+xml,application/xml;q=0.9,image/webp,image/apng,*/*;q=0.8',
  'accept-encoding' => 'gzip, deflate',
  'accept-language' => 'zh-CN,zh;q=0.8',
  'cache-control' => 'max-age=0',
  'connection' => 'keep-alive',
  'cookie' => 'bdshare_firstime=1512720403272; Hm_lvt_080836300300be57b7f34f4b3e97d911=1513133087; opensns_OX_LOGGED_USER=91uBwY9jhznqHH8qwwoLty3eo3bt6XND9x-WrNTMTEk5qE%3DO62VMHYjQhx7ddJ8KdIsLxF8Kc3zqWIO5wHnm3CeCQYMqjKp8dDsKXA6HyCleHJTuHzhXV; PHPSESSID=gd054ra0osubdfoh54dsndd811; a7273_pages=2; a7273_times=1; __tins__19217273=%7B%22sid%22%3A%201513215942709%2C%20%22vd%22%3A%202%2C%20%22expires%22%3A%201513217908832%7D; __51cke__=; __51laig__=2',
  'host' => 'www.zhangheteng.com',
  'referer' => 'http://www.zhangheteng.com/blog/login',
  'upgrade-insecure-requests' => '1',
  'user-agent' => 'Mozilla/5.0 (Windows NT 10.0; Win64; x64) AppleWebKit/537.36 (KHTML, like Gecko) Chrome/61.0.3163.100 Safari/537.36',
)
[ info ] [ PARAM ] array (
)
[ info ] [ RUN ] app\index\controller\User->index[ /data/home/qxu1141810136/htdocs/blog/application/index/controller/User.php ]
[ info ] [ SESSION ] INIT array (
  'id' => '',
  'var_session_id' => '',
  'prefix' => 'think',
  'type' => '',
  'auto_start' => true,
  'SESSION_EXPIRE' => 60,
)
[ info ] [ DB ] INIT mysql
[ info ] [ VIEW ] /data/home/qxu1141810136/htdocs/blog/application/index/view/user/index.html [ array (
  0 => 'list',
  1 => 'follow',
) ]
[ info ] [ LOG ] INIT File
[ sql ] [ DB ] CONNECT:[ UseTime:0.004194s ] mysql:host=qdm191867626.my3w.com;port=3306;dbname=qdm191867626_db;charset=utf8
[ sql ] [ SQL ] SHOW COLUMNS FROM `summary_user` [ RunTime:0.002454s ]
[ sql ] [ SQL ] SELECT * FROM `summary_user` WHERE  `user_name` = 'admin' LIMIT 1 [ RunTime:0.001448s ]
---------------------------------------------------------------
[ 2017-12-14T09:49:42+08:00 ] 121.42.77.167 116.54.93.251 GET /blog/index/user/article/username/admin
[ info ] www.zhangheteng.com/blog/index/user/article/username/admin [运行时间：0.065208s][吞吐率：15.34req/s] [内存消耗：3,439.14kb] [文件加载：56]
[ info ] [ LANG ] /data/home/qxu1141810136/htdocs/blog/thinkphp/lang/zh-cn.php
[ info ] [ ROUTE ] array (
  'type' => 'module',
  'module' => 
  array (
    0 => 'index',
    1 => 'user',
    2 => 'article',
  ),
)
[ info ] [ HEADER ] array (
  'accept' => 'text/html, */*; q=0.01',
  'accept-encoding' => 'gzip, deflate',
  'accept-language' => 'zh-CN,zh;q=0.8',
  'connection' => 'keep-alive',
  'cookie' => 'bdshare_firstime=1512720403272; Hm_lvt_080836300300be57b7f34f4b3e97d911=1513133087; opensns_OX_LOGGED_USER=91uBwY9jhznqHH8qwwoLty3eo3bt6XND9x-WrNTMTEk5qE%3DO62VMHYjQhx7ddJ8KdIsLxF8Kc3zqWIO5wHnm3CeCQYMqjKp8dDsKXA6HyCleHJTuHzhXV; PHPSESSID=gd054ra0osubdfoh54dsndd811; a7273_pages=3; a7273_times=1; __tins__19217273=%7B%22sid%22%3A%201513215942709%2C%20%22vd%22%3A%203%2C%20%22expires%22%3A%201513217980060%7D; __51cke__=; __51laig__=3',
  'host' => 'www.zhangheteng.com',
  'referer' => 'http://www.zhangheteng.com/blog/index/user',
  'user-agent' => 'Mozilla/5.0 (Windows NT 10.0; Win64; x64) AppleWebKit/537.36 (KHTML, like Gecko) Chrome/61.0.3163.100 Safari/537.36',
  'x-requested-with' => 'XMLHttpRequest',
)
[ info ] [ PARAM ] array (
  'username' => 'admin',
)
[ info ] [ RUN ] app\index\controller\User->article[ /data/home/qxu1141810136/htdocs/blog/application/index/controller/User.php ]
[ info ] [ DB ] INIT mysql
[ info ] [ VIEW ] /data/home/qxu1141810136/htdocs/blog/application/index/view/user/article.html [ array (
  0 => 'content',
  1 => 'list',
  2 => 'page_num',
) ]
[ info ] [ LOG ] INIT File
[ sql ] [ DB ] CONNECT:[ UseTime:0.004902s ] mysql:host=qdm191867626.my3w.com;port=3306;dbname=qdm191867626_db;charset=utf8
[ sql ] [ SQL ] SHOW COLUMNS FROM `summary_editor` [ RunTime:0.002256s ]
[ sql ] [ SQL ] SELECT COUNT(*) AS tp_count FROM `summary_editor` WHERE  `user_name` = 'admin'  AND `status` = 1 LIMIT 1 [ RunTime:0.001506s ]
[ sql ] [ SQL ] SELECT `id`,`user_name`,`set_time`,`title`,`category`,`wrap`,`page_view` FROM `summary_editor` WHERE  `user_name` = 'admin'  AND `status` = 1 ORDER BY set_time desc LIMIT 0,10 [ RunTime:0.001638s ]
---------------------------------------------------------------
[ 2017-12-14T09:50:10+08:00 ] 121.42.77.167 116.54.93.251 GET /blog/index/user/article/username/admin
[ info ] www.zhangheteng.com/blog/index/user/article/username/admin [运行时间：0.054781s][吞吐率：18.25req/s] [内存消耗：3,436.84kb] [文件加载：56]
[ info ] [ LANG ] /data/home/qxu1141810136/htdocs/blog/thinkphp/lang/zh-cn.php
[ info ] [ ROUTE ] array (
  'type' => 'module',
  'module' => 
  array (
    0 => 'index',
    1 => 'user',
    2 => 'article',
  ),
)
[ info ] [ HEADER ] array (
  'accept' => 'text/html, */*; q=0.01',
  'accept-encoding' => 'gzip, deflate',
  'accept-language' => 'zh-CN,zh;q=0.8',
  'connection' => 'keep-alive',
  'cookie' => 'bdshare_firstime=1512720403272; Hm_lvt_080836300300be57b7f34f4b3e97d911=1513133087; opensns_OX_LOGGED_USER=91uBwY9jhznqHH8qwwoLty3eo3bt6XND9x-WrNTMTEk5qE%3DO62VMHYjQhx7ddJ8KdIsLxF8Kc3zqWIO5wHnm3CeCQYMqjKp8dDsKXA6HyCleHJTuHzhXV; PHPSESSID=gd054ra0osubdfoh54dsndd811; a7273_pages=3; a7273_times=1; __tins__19217273=%7B%22sid%22%3A%201513215942709%2C%20%22vd%22%3A%203%2C%20%22expires%22%3A%201513217980060%7D; __51cke__=; __51laig__=3',
  'host' => 'www.zhangheteng.com',
  'referer' => 'http://www.zhangheteng.com/blog/index/user',
  'user-agent' => 'Mozilla/5.0 (Windows NT 10.0; Win64; x64) AppleWebKit/537.36 (KHTML, like Gecko) Chrome/61.0.3163.100 Safari/537.36',
  'x-requested-with' => 'XMLHttpRequest',
)
[ info ] [ PARAM ] array (
  'username' => 'admin',
)
[ info ] [ RUN ] app\index\controller\User->article[ /data/home/qxu1141810136/htdocs/blog/application/index/controller/User.php ]
[ info ] [ DB ] INIT mysql
[ info ] [ VIEW ] /data/home/qxu1141810136/htdocs/blog/application/index/view/user/article.html [ array (
  0 => 'content',
  1 => 'list',
  2 => 'page_num',
) ]
[ info ] [ LOG ] INIT File
[ sql ] [ DB ] CONNECT:[ UseTime:0.004150s ] mysql:host=qdm191867626.my3w.com;port=3306;dbname=qdm191867626_db;charset=utf8
[ sql ] [ SQL ] SHOW COLUMNS FROM `summary_editor` [ RunTime:0.002184s ]
[ sql ] [ SQL ] SELECT COUNT(*) AS tp_count FROM `summary_editor` WHERE  `user_name` = 'admin'  AND `status` = 1 LIMIT 1 [ RunTime:0.001335s ]
[ sql ] [ SQL ] SELECT `id`,`user_name`,`set_time`,`title`,`category`,`wrap`,`page_view` FROM `summary_editor` WHERE  `user_name` = 'admin'  AND `status` = 1 ORDER BY set_time desc LIMIT 0,2 [ RunTime:0.001552s ]
---------------------------------------------------------------
[ 2017-12-14T09:50:14+08:00 ] 121.42.77.167 116.54.93.251 GET /blog/index/user/article/username/admin?page=2
[ info ] www.zhangheteng.com/blog/index/user/article/username/admin?page=2 [运行时间：0.054929s][吞吐率：18.21req/s] [内存消耗：3,434.86kb] [文件加载：56]
[ info ] [ LANG ] /data/home/qxu1141810136/htdocs/blog/thinkphp/lang/zh-cn.php
[ info ] [ ROUTE ] array (
  'type' => 'module',
  'module' => 
  array (
    0 => 'index',
    1 => 'user',
    2 => 'article',
  ),
)
[ info ] [ HEADER ] array (
  'accept' => 'text/html,application/xhtml+xml,application/xml;q=0.9,image/webp,image/apng,*/*;q=0.8',
  'accept-encoding' => 'gzip, deflate',
  'accept-language' => 'zh-CN,zh;q=0.8',
  'connection' => 'keep-alive',
  'cookie' => 'bdshare_firstime=1512720403272; Hm_lvt_080836300300be57b7f34f4b3e97d911=1513133087; opensns_OX_LOGGED_USER=91uBwY9jhznqHH8qwwoLty3eo3bt6XND9x-WrNTMTEk5qE%3DO62VMHYjQhx7ddJ8KdIsLxF8Kc3zqWIO5wHnm3CeCQYMqjKp8dDsKXA6HyCleHJTuHzhXV; PHPSESSID=gd054ra0osubdfoh54dsndd811; a7273_pages=3; a7273_times=1; __tins__19217273=%7B%22sid%22%3A%201513215942709%2C%20%22vd%22%3A%203%2C%20%22expires%22%3A%201513217980060%7D; __51cke__=; __51laig__=3',
  'host' => 'www.zhangheteng.com',
  'referer' => 'http://www.zhangheteng.com/blog/index/user',
  'upgrade-insecure-requests' => '1',
  'user-agent' => 'Mozilla/5.0 (Windows NT 10.0; Win64; x64) AppleWebKit/537.36 (KHTML, like Gecko) Chrome/61.0.3163.100 Safari/537.36',
)
[ info ] [ PARAM ] array (
  'page' => '2',
  'username' => 'admin',
)
[ info ] [ RUN ] app\index\controller\User->article[ /data/home/qxu1141810136/htdocs/blog/application/index/controller/User.php ]
[ info ] [ DB ] INIT mysql
[ info ] [ VIEW ] /data/home/qxu1141810136/htdocs/blog/application/index/view/user/article.html [ array (
  0 => 'content',
  1 => 'list',
  2 => 'page_num',
) ]
[ info ] [ LOG ] INIT File
[ sql ] [ DB ] CONNECT:[ UseTime:0.004187s ] mysql:host=qdm191867626.my3w.com;port=3306;dbname=qdm191867626_db;charset=utf8
[ sql ] [ SQL ] SHOW COLUMNS FROM `summary_editor` [ RunTime:0.002161s ]
[ sql ] [ SQL ] SELECT COUNT(*) AS tp_count FROM `summary_editor` WHERE  `user_name` = 'admin'  AND `status` = 1 LIMIT 1 [ RunTime:0.001197s ]
[ sql ] [ SQL ] SELECT `id`,`user_name`,`set_time`,`title`,`category`,`wrap`,`page_view` FROM `summary_editor` WHERE  `user_name` = 'admin'  AND `status` = 1 ORDER BY set_time desc LIMIT 2,2 [ RunTime:0.001459s ]
---------------------------------------------------------------
[ 2017-12-14T09:50:18+08:00 ] 121.42.77.167 116.54.93.251 GET /blog/index/user
[ info ] www.zhangheteng.com/blog/index/user [运行时间：0.103554s][吞吐率：9.66req/s] [内存消耗：3,300.67kb] [文件加载：53]
[ info ] [ LANG ] /data/home/qxu1141810136/htdocs/blog/thinkphp/lang/zh-cn.php
[ info ] [ ROUTE ] array (
  'type' => 'module',
  'module' => 
  array (
    0 => 'index',
    1 => 'user',
    2 => NULL,
  ),
)
[ info ] [ HEADER ] array (
  'accept' => 'text/html,application/xhtml+xml,application/xml;q=0.9,image/webp,image/apng,*/*;q=0.8',
  'accept-encoding' => 'gzip, deflate',
  'accept-language' => 'zh-CN,zh;q=0.8',
  'connection' => 'keep-alive',
  'cookie' => 'bdshare_firstime=1512720403272; Hm_lvt_080836300300be57b7f34f4b3e97d911=1513133087; opensns_OX_LOGGED_USER=91uBwY9jhznqHH8qwwoLty3eo3bt6XND9x-WrNTMTEk5qE%3DO62VMHYjQhx7ddJ8KdIsLxF8Kc3zqWIO5wHnm3CeCQYMqjKp8dDsKXA6HyCleHJTuHzhXV; PHPSESSID=gd054ra0osubdfoh54dsndd811; a7273_pages=3; a7273_times=1; __tins__19217273=%7B%22sid%22%3A%201513215942709%2C%20%22vd%22%3A%203%2C%20%22expires%22%3A%201513217980060%7D; __51cke__=; __51laig__=3',
  'host' => 'www.zhangheteng.com',
  'referer' => 'http://www.zhangheteng.com/blog/login',
  'upgrade-insecure-requests' => '1',
  'user-agent' => 'Mozilla/5.0 (Windows NT 10.0; Win64; x64) AppleWebKit/537.36 (KHTML, like Gecko) Chrome/61.0.3163.100 Safari/537.36',
)
[ info ] [ PARAM ] array (
)
[ info ] [ RUN ] app\index\controller\User->index[ /data/home/qxu1141810136/htdocs/blog/application/index/controller/User.php ]
[ info ] [ SESSION ] INIT array (
  'id' => '',
  'var_session_id' => '',
  'prefix' => 'think',
  'type' => '',
  'auto_start' => true,
  'SESSION_EXPIRE' => 60,
)
[ info ] [ DB ] INIT mysql
[ info ] [ VIEW ] /data/home/qxu1141810136/htdocs/blog/application/index/view/user/index.html [ array (
  0 => 'list',
  1 => 'follow',
) ]
[ info ] [ LOG ] INIT File
[ sql ] [ DB ] CONNECT:[ UseTime:0.004062s ] mysql:host=qdm191867626.my3w.com;port=3306;dbname=qdm191867626_db;charset=utf8
[ sql ] [ SQL ] SHOW COLUMNS FROM `summary_user` [ RunTime:0.002442s ]
[ sql ] [ SQL ] SELECT * FROM `summary_user` WHERE  `user_name` = 'admin' LIMIT 1 [ RunTime:0.001388s ]
---------------------------------------------------------------
[ 2017-12-14T09:50:20+08:00 ] 121.42.77.167 116.54.93.251 GET /blog/index/user/article/username/admin
[ info ] www.zhangheteng.com/blog/index/user/article/username/admin [运行时间：0.057809s][吞吐率：17.30req/s] [内存消耗：3,436.84kb] [文件加载：56]
[ info ] [ LANG ] /data/home/qxu1141810136/htdocs/blog/thinkphp/lang/zh-cn.php
[ info ] [ ROUTE ] array (
  'type' => 'module',
  'module' => 
  array (
    0 => 'index',
    1 => 'user',
    2 => 'article',
  ),
)
[ info ] [ HEADER ] array (
  'accept' => 'text/html, */*; q=0.01',
  'accept-encoding' => 'gzip, deflate',
  'accept-language' => 'zh-CN,zh;q=0.8',
  'connection' => 'keep-alive',
  'cookie' => 'bdshare_firstime=1512720403272; Hm_lvt_080836300300be57b7f34f4b3e97d911=1513133087; opensns_OX_LOGGED_USER=91uBwY9jhznqHH8qwwoLty3eo3bt6XND9x-WrNTMTEk5qE%3DO62VMHYjQhx7ddJ8KdIsLxF8Kc3zqWIO5wHnm3CeCQYMqjKp8dDsKXA6HyCleHJTuHzhXV; PHPSESSID=gd054ra0osubdfoh54dsndd811; a7273_pages=4; a7273_times=1; __tins__19217273=%7B%22sid%22%3A%201513215942709%2C%20%22vd%22%3A%204%2C%20%22expires%22%3A%201513218016764%7D; __51cke__=; __51laig__=4',
  'host' => 'www.zhangheteng.com',
  'referer' => 'http://www.zhangheteng.com/blog/index/user',
  'user-agent' => 'Mozilla/5.0 (Windows NT 10.0; Win64; x64) AppleWebKit/537.36 (KHTML, like Gecko) Chrome/61.0.3163.100 Safari/537.36',
  'x-requested-with' => 'XMLHttpRequest',
)
[ info ] [ PARAM ] array (
  'username' => 'admin',
)
[ info ] [ RUN ] app\index\controller\User->article[ /data/home/qxu1141810136/htdocs/blog/application/index/controller/User.php ]
[ info ] [ DB ] INIT mysql
[ info ] [ VIEW ] /data/home/qxu1141810136/htdocs/blog/application/index/view/user/article.html [ array (
  0 => 'content',
  1 => 'list',
  2 => 'page_num',
) ]
[ info ] [ LOG ] INIT File
[ sql ] [ DB ] CONNECT:[ UseTime:0.004061s ] mysql:host=qdm191867626.my3w.com;port=3306;dbname=qdm191867626_db;charset=utf8
[ sql ] [ SQL ] SHOW COLUMNS FROM `summary_editor` [ RunTime:0.002049s ]
[ sql ] [ SQL ] SELECT COUNT(*) AS tp_count FROM `summary_editor` WHERE  `user_name` = 'admin'  AND `status` = 1 LIMIT 1 [ RunTime:0.001195s ]
[ sql ] [ SQL ] SELECT `id`,`user_name`,`set_time`,`title`,`category`,`wrap`,`page_view` FROM `summary_editor` WHERE  `user_name` = 'admin'  AND `status` = 1 ORDER BY set_time desc LIMIT 0,2 [ RunTime:0.001318s ]
---------------------------------------------------------------
[ 2017-12-14T09:59:16+08:00 ] 121.42.77.167 116.54.93.251 GET /blog/index/user/article/username/admin?page=2
[ info ] www.zhangheteng.com/blog/index/user/article/username/admin?page=2 [运行时间：0.054536s][吞吐率：18.34req/s] [内存消耗：3,434.86kb] [文件加载：56]
[ info ] [ LANG ] /data/home/qxu1141810136/htdocs/blog/thinkphp/lang/zh-cn.php
[ info ] [ ROUTE ] array (
  'type' => 'module',
  'module' => 
  array (
    0 => 'index',
    1 => 'user',
    2 => 'article',
  ),
)
[ info ] [ HEADER ] array (
  'accept' => 'text/html,application/xhtml+xml,application/xml;q=0.9,image/webp,image/apng,*/*;q=0.8',
  'accept-encoding' => 'gzip, deflate',
  'accept-language' => 'zh-CN,zh;q=0.8',
  'connection' => 'keep-alive',
  'cookie' => 'bdshare_firstime=1512720403272; Hm_lvt_080836300300be57b7f34f4b3e97d911=1513133087; opensns_OX_LOGGED_USER=91uBwY9jhznqHH8qwwoLty3eo3bt6XND9x-WrNTMTEk5qE%3DO62VMHYjQhx7ddJ8KdIsLxF8Kc3zqWIO5wHnm3CeCQYMqjKp8dDsKXA6HyCleHJTuHzhXV; PHPSESSID=gd054ra0osubdfoh54dsndd811; a7273_pages=4; a7273_times=1; __tins__19217273=%7B%22sid%22%3A%201513215942709%2C%20%22vd%22%3A%204%2C%20%22expires%22%3A%201513218016764%7D; __51cke__=; __51laig__=4',
  'host' => 'www.zhangheteng.com',
  'referer' => 'http://www.zhangheteng.com/blog/index/user',
  'upgrade-insecure-requests' => '1',
  'user-agent' => 'Mozilla/5.0 (Windows NT 10.0; Win64; x64) AppleWebKit/537.36 (KHTML, like Gecko) Chrome/61.0.3163.100 Safari/537.36',
)
[ info ] [ PARAM ] array (
  'page' => '2',
  'username' => 'admin',
)
[ info ] [ RUN ] app\index\controller\User->article[ /data/home/qxu1141810136/htdocs/blog/application/index/controller/User.php ]
[ info ] [ DB ] INIT mysql
[ info ] [ VIEW ] /data/home/qxu1141810136/htdocs/blog/application/index/view/user/article.html [ array (
  0 => 'content',
  1 => 'list',
  2 => 'page_num',
) ]
[ info ] [ LOG ] INIT File
[ sql ] [ DB ] CONNECT:[ UseTime:0.004040s ] mysql:host=qdm191867626.my3w.com;port=3306;dbname=qdm191867626_db;charset=utf8
[ sql ] [ SQL ] SHOW COLUMNS FROM `summary_editor` [ RunTime:0.002138s ]
[ sql ] [ SQL ] SELECT COUNT(*) AS tp_count FROM `summary_editor` WHERE  `user_name` = 'admin'  AND `status` = 1 LIMIT 1 [ RunTime:0.001213s ]
[ sql ] [ SQL ] SELECT `id`,`user_name`,`set_time`,`title`,`category`,`wrap`,`page_view` FROM `summary_editor` WHERE  `user_name` = 'admin'  AND `status` = 1 ORDER BY set_time desc LIMIT 2,2 [ RunTime:0.001218s ]
---------------------------------------------------------------
[ 2017-12-14T09:59:26+08:00 ] 121.42.77.167 116.54.93.251 GET /blog/index/user
[ info ] www.zhangheteng.com/blog/index/user [运行时间：0.051646s][吞吐率：19.36req/s] [内存消耗：3,300.67kb] [文件加载：53]
[ info ] [ LANG ] /data/home/qxu1141810136/htdocs/blog/thinkphp/lang/zh-cn.php
[ info ] [ ROUTE ] array (
  'type' => 'module',
  'module' => 
  array (
    0 => 'index',
    1 => 'user',
    2 => NULL,
  ),
)
[ info ] [ HEADER ] array (
  'accept' => 'text/html,application/xhtml+xml,application/xml;q=0.9,image/webp,image/apng,*/*;q=0.8',
  'accept-encoding' => 'gzip, deflate',
  'accept-language' => 'zh-CN,zh;q=0.8',
  'connection' => 'keep-alive',
  'cookie' => 'bdshare_firstime=1512720403272; Hm_lvt_080836300300be57b7f34f4b3e97d911=1513133087; opensns_OX_LOGGED_USER=91uBwY9jhznqHH8qwwoLty3eo3bt6XND9x-WrNTMTEk5qE%3DO62VMHYjQhx7ddJ8KdIsLxF8Kc3zqWIO5wHnm3CeCQYMqjKp8dDsKXA6HyCleHJTuHzhXV; PHPSESSID=gd054ra0osubdfoh54dsndd811; a7273_pages=4; a7273_times=1; __tins__19217273=%7B%22sid%22%3A%201513215942709%2C%20%22vd%22%3A%204%2C%20%22expires%22%3A%201513218016764%7D; __51cke__=; __51laig__=4',
  'host' => 'www.zhangheteng.com',
  'referer' => 'http://www.zhangheteng.com/blog/login',
  'upgrade-insecure-requests' => '1',
  'user-agent' => 'Mozilla/5.0 (Windows NT 10.0; Win64; x64) AppleWebKit/537.36 (KHTML, like Gecko) Chrome/61.0.3163.100 Safari/537.36',
)
[ info ] [ PARAM ] array (
)
[ info ] [ RUN ] app\index\controller\User->index[ /data/home/qxu1141810136/htdocs/blog/application/index/controller/User.php ]
[ info ] [ SESSION ] INIT array (
  'id' => '',
  'var_session_id' => '',
  'prefix' => 'think',
  'type' => '',
  'auto_start' => true,
  'SESSION_EXPIRE' => 60,
)
[ info ] [ DB ] INIT mysql
[ info ] [ VIEW ] /data/home/qxu1141810136/htdocs/blog/application/index/view/user/index.html [ array (
  0 => 'list',
  1 => 'follow',
) ]
[ info ] [ LOG ] INIT File
[ sql ] [ DB ] CONNECT:[ UseTime:0.004210s ] mysql:host=qdm191867626.my3w.com;port=3306;dbname=qdm191867626_db;charset=utf8
[ sql ] [ SQL ] SHOW COLUMNS FROM `summary_user` [ RunTime:0.002511s ]
[ sql ] [ SQL ] SELECT * FROM `summary_user` WHERE  `user_name` = 'admin' LIMIT 1 [ RunTime:0.001667s ]
---------------------------------------------------------------
[ 2017-12-14T09:59:28+08:00 ] 121.42.77.167 116.54.93.251 GET /blog/index/user/article/username/admin
[ info ] www.zhangheteng.com/blog/index/user/article/username/admin [运行时间：0.054559s][吞吐率：18.33req/s] [内存消耗：3,436.84kb] [文件加载：56]
[ info ] [ LANG ] /data/home/qxu1141810136/htdocs/blog/thinkphp/lang/zh-cn.php
[ info ] [ ROUTE ] array (
  'type' => 'module',
  'module' => 
  array (
    0 => 'index',
    1 => 'user',
    2 => 'article',
  ),
)
[ info ] [ HEADER ] array (
  'accept' => 'text/html, */*; q=0.01',
  'accept-encoding' => 'gzip, deflate',
  'accept-language' => 'zh-CN,zh;q=0.8',
  'connection' => 'keep-alive',
  'cookie' => 'bdshare_firstime=1512720403272; Hm_lvt_080836300300be57b7f34f4b3e97d911=1513133087; opensns_OX_LOGGED_USER=91uBwY9jhznqHH8qwwoLty3eo3bt6XND9x-WrNTMTEk5qE%3DO62VMHYjQhx7ddJ8KdIsLxF8Kc3zqWIO5wHnm3CeCQYMqjKp8dDsKXA6HyCleHJTuHzhXV; PHPSESSID=gd054ra0osubdfoh54dsndd811; a7273_pages=5; a7273_times=1; __tins__19217273=%7B%22sid%22%3A%201513215942709%2C%20%22vd%22%3A%205%2C%20%22expires%22%3A%201513218564803%7D; __51cke__=; __51laig__=5',
  'host' => 'www.zhangheteng.com',
  'referer' => 'http://www.zhangheteng.com/blog/index/user',
  'user-agent' => 'Mozilla/5.0 (Windows NT 10.0; Win64; x64) AppleWebKit/537.36 (KHTML, like Gecko) Chrome/61.0.3163.100 Safari/537.36',
  'x-requested-with' => 'XMLHttpRequest',
)
[ info ] [ PARAM ] array (
  'username' => 'admin',
)
[ info ] [ RUN ] app\index\controller\User->article[ /data/home/qxu1141810136/htdocs/blog/application/index/controller/User.php ]
[ info ] [ DB ] INIT mysql
[ info ] [ VIEW ] /data/home/qxu1141810136/htdocs/blog/application/index/view/user/article.html [ array (
  0 => 'content',
  1 => 'list',
  2 => 'page_num',
) ]
[ info ] [ LOG ] INIT File
[ sql ] [ DB ] CONNECT:[ UseTime:0.004247s ] mysql:host=qdm191867626.my3w.com;port=3306;dbname=qdm191867626_db;charset=utf8
[ sql ] [ SQL ] SHOW COLUMNS FROM `summary_editor` [ RunTime:0.002107s ]
[ sql ] [ SQL ] SELECT COUNT(*) AS tp_count FROM `summary_editor` WHERE  `user_name` = 'admin'  AND `status` = 1 LIMIT 1 [ RunTime:0.001188s ]
[ sql ] [ SQL ] SELECT `id`,`user_name`,`set_time`,`title`,`category`,`wrap`,`page_view` FROM `summary_editor` WHERE  `user_name` = 'admin'  AND `status` = 1 ORDER BY set_time desc LIMIT 0,2 [ RunTime:0.001272s ]
---------------------------------------------------------------
[ 2017-12-14T11:50:49+08:00 ] 121.42.77.167 116.54.93.251 GET /blog/
[ info ] www.zhangheteng.com/blog/ [运行时间：0.082081s][吞吐率：12.18req/s] [内存消耗：3,327.74kb] [文件加载：53]
[ info ] [ LANG ] /data/home/qxu1141810136/htdocs/blog/thinkphp/lang/zh-cn.php
[ info ] [ ROUTE ] array (
  'type' => 'module',
  'module' => 
  array (
    0 => '',
    1 => NULL,
    2 => NULL,
  ),
)
[ info ] [ HEADER ] array (
  'accept' => 'text/html,application/xhtml+xml,application/xml;q=0.9,image/webp,image/apng,*/*;q=0.8',
  'accept-encoding' => 'gzip, deflate',
  'accept-language' => 'zh-CN,zh;q=0.8',
  'cache-control' => 'max-age=0',
  'connection' => 'keep-alive',
  'cookie' => 'bdshare_firstime=1512720403272; Hm_lvt_080836300300be57b7f34f4b3e97d911=1513133087; opensns_OX_LOGGED_USER=91uBwY9jhznqHH8qwwoLty3eo3bt6XND9x-WrNTMTEk5qE%3DO62VMHYjQhx7ddJ8KdIsLxF8Kc3zqWIO5wHnm3CeCQYMqjKp8dDsKXA6HyCleHJTuHzhXV; PHPSESSID=gd054ra0osubdfoh54dsndd811; a7273_times=1; __tins__19217273=%7B%22sid%22%3A%201513215942709%2C%20%22vd%22%3A%205%2C%20%22expires%22%3A%201513218564803%7D; __51cke__=; __51laig__=5',
  'host' => 'www.zhangheteng.com',
  'upgrade-insecure-requests' => '1',
  'user-agent' => 'Mozilla/5.0 (Windows NT 10.0; Win64; x64) AppleWebKit/537.36 (KHTML, like Gecko) Chrome/61.0.3163.100 Safari/537.36',
)
[ info ] [ PARAM ] array (
)
[ info ] [ RUN ] app\index\controller\Index->index[ /data/home/qxu1141810136/htdocs/blog/application/index/controller/Index.php ]
[ info ] [ DB ] INIT mysql
[ info ] [ VIEW ] /data/home/qxu1141810136/htdocs/blog/application/index/view/index/index.html [ array (
  0 => 'banner',
  1 => 'changeTime',
  2 => 'propose',
  3 => 'new',
  4 => 'hot',
) ]
[ info ] [ SESSION ] INIT array (
  'id' => '',
  'var_session_id' => '',
  'prefix' => 'think',
  'type' => '',
  'auto_start' => true,
  'SESSION_EXPIRE' => 60,
)
[ info ] [ LOG ] INIT File
[ sql ] [ DB ] CONNECT:[ UseTime:0.024112s ] mysql:host=qdm191867626.my3w.com;port=3306;dbname=qdm191867626_db;charset=utf8
[ sql ] [ SQL ] SHOW COLUMNS FROM `summary_banner` [ RunTime:0.002365s ]
[ sql ] [ SQL ] SELECT * FROM `summary_banner` WHERE  `id` <> 1  AND `is_finish` = 1 ORDER BY sort desc [ RunTime:0.001741s ]
[ sql ] [ SQL ] SELECT `changeTime` FROM `summary_banner` WHERE  `id` = 1 LIMIT 1 [ RunTime:0.001177s ]
[ sql ] [ SQL ] SHOW COLUMNS FROM `summary_editor` [ RunTime:0.002125s ]
[ sql ] [ SQL ] SELECT `e`.`id`,`e`.`user_name`,`e`.`set_time`,`e`.`title`,`e`.`category`,`e`.`wrap`,`e`.`status`,`e`.`show` FROM `summary_editor` `e` LEFT JOIN `summary_propose` `p` ON `p`.`index_id`=`e`.`id` WHERE  `p`.`type` = 1 [ RunTime:0.001634s ]
[ sql ] [ SQL ] SELECT `id`,`user_name`,`set_time`,`title`,`category`,`wrap` FROM `summary_editor` WHERE  `status` = 1 ORDER BY set_time desc LIMIT 3 [ RunTime:0.001374s ]
[ sql ] [ SQL ] SELECT `id`,`user_name`,`set_time`,`title`,`category`,`wrap`,`page_view` FROM `summary_editor` WHERE  `status` = 1 ORDER BY page_view desc LIMIT 3 [ RunTime:0.001364s ]
