---------------------------------------------------------------
[ 2017-12-24T07:40:03+08:00 ] 121.42.77.167 82.118.242.19 GET /blog/wp-admin/setup-config.php
[ info ] zhangheteng.com/blog/wp-admin/setup-config.php [运行时间：0.050879s][吞吐率：19.65req/s] [内存消耗：1,951.43kb] [文件加载：40]
[ info ] [ LANG ] /data/home/qxu1141810136/htdocs/blog/thinkphp/lang/zh-cn.php
[ info ] [ ROUTE ] array (
  'type' => 'module',
  'module' => 
  array (
    0 => 'wp-admin',
    1 => 'setup-config.php',
    2 => NULL,
  ),
)
[ info ] [ HEADER ] array (
  'content-type' => 'application/x-www-form-urlencoded',
  'accept' => '*/*',
  'accept-encoding' => 'gzip, deflate',
  'connection' => 'Keep-Alive',
  'host' => 'zhangheteng.com',
  'user-agent' => 'Mozilla/5.0 (Windows NT 6.1; Trident/7.0; rv:11.0) like Gecko',
)
[ info ] [ PARAM ] array (
)
[ info ] [ LOG ] INIT File
