---------------------------------------------------------------
[ 2017-12-25T17:25:40+08:00 ] 121.42.77.167 116.54.93.251 GET /blog/
[ info ] www.zhangheteng.com/blog/ [运行时间：0.081337s][吞吐率：12.29req/s] [内存消耗：3,328.07kb] [文件加载：53]
[ info ] [ LANG ] /data/home/qxu1141810136/htdocs/blog/thinkphp/lang/zh-cn.php
[ info ] [ ROUTE ] array (
  'type' => 'module',
  'module' => 
  array (
    0 => '',
    1 => NULL,
    2 => NULL,
  ),
)
[ info ] [ HEADER ] array (
  'accept' => 'text/html,application/xhtml+xml,application/xml;q=0.9,image/webp,*/*;q=0.8',
  'accept-encoding' => 'gzip, deflate, sdch',
  'accept-language' => 'zh-CN,zh;q=0.8',
  'connection' => 'keep-alive',
  'cookie' => '__guid=169591975.3854774526227394000.1511487073031.8398; UM_distinctid=1603541fd7c105b-08e734d199ec2e-5d4e211f-1fa400-1603541fd801392; CNZZDATA5791305=cnzz_eid%3D1100297339-1512716862-http%253A%252F%252Fwww.zhangheteng.com%252F%26ntime%3D1512716862; bdshare_firstime=1512722013004; Hm_lvt_244ff9d4fa95dcc8d7e59d2dfaf5b2c4=1512722015; Hm_lvt_080836300300be57b7f34f4b3e97d911=1512963789,1513043300,1513127039,1513835675; PHPSESSID=18421k6afqgf9bbal1pivkc5r2; a7273_pages=2; a7273_times=3; __tins__19217273=%7B%22sid%22%3A%201514193664361%2C%20%22vd%22%3A%202%2C%20%22expires%22%3A%201514195567707%7D; __51cke__=; __51laig__=2',
  'host' => 'www.zhangheteng.com',
  'upgrade-insecure-requests' => '1',
  'user-agent' => 'Mozilla/5.0 (Windows NT 10.0; WOW64) AppleWebKit/537.36 (KHTML, like Gecko) Chrome/55.0.2883.87 Safari/537.36',
)
[ info ] [ PARAM ] array (
)
[ info ] [ RUN ] app\index\controller\Index->index[ /data/home/qxu1141810136/htdocs/blog/application/index/controller/Index.php ]
[ info ] [ DB ] INIT mysql
[ info ] [ VIEW ] /data/home/qxu1141810136/htdocs/blog/application/index/view/index/index.html [ array (
  0 => 'banner',
  1 => 'changeTime',
  2 => 'propose',
  3 => 'new',
  4 => 'hot',
) ]
[ info ] [ SESSION ] INIT array (
  'id' => '',
  'var_session_id' => '',
  'prefix' => 'think',
  'type' => '',
  'auto_start' => true,
  'SESSION_EXPIRE' => 60,
)
[ info ] [ LOG ] INIT File
[ sql ] [ DB ] CONNECT:[ UseTime:0.023714s ] mysql:host=qdm191867626.my3w.com;port=3306;dbname=qdm191867626_db;charset=utf8
[ sql ] [ SQL ] SHOW COLUMNS FROM `summary_banner` [ RunTime:0.002349s ]
[ sql ] [ SQL ] SELECT * FROM `summary_banner` WHERE  `id` <> 1  AND `is_finish` = 1 ORDER BY sort desc [ RunTime:0.001583s ]
[ sql ] [ SQL ] SELECT `changeTime` FROM `summary_banner` WHERE  `id` = 1 LIMIT 1 [ RunTime:0.001387s ]
[ sql ] [ SQL ] SHOW COLUMNS FROM `summary_editor` [ RunTime:0.001781s ]
[ sql ] [ SQL ] SELECT `e`.`id`,`e`.`user_name`,`e`.`set_time`,`e`.`title`,`e`.`category`,`e`.`wrap`,`e`.`status`,`e`.`show` FROM `summary_editor` `e` LEFT JOIN `summary_propose` `p` ON `p`.`index_id`=`e`.`id` WHERE  `p`.`type` = 1 [ RunTime:0.001670s ]
[ sql ] [ SQL ] SELECT `id`,`user_name`,`set_time`,`title`,`category`,`wrap` FROM `summary_editor` WHERE  `status` = 1 ORDER BY set_time desc LIMIT 3 [ RunTime:0.001445s ]
[ sql ] [ SQL ] SELECT `id`,`user_name`,`set_time`,`title`,`category`,`wrap`,`page_view` FROM `summary_editor` WHERE  `status` = 1 ORDER BY page_view desc LIMIT 3 [ RunTime:0.001312s ]
---------------------------------------------------------------
[ 2017-12-25T18:57:28+08:00 ] 121.42.77.167 207.46.13.136 GET /blog/home/editor/article_list/sign/20
[ info ] www.zhangheteng.com/blog/home/editor/article_list/sign/20 [运行时间：0.108538s][吞吐率：9.21req/s] [内存消耗：3,441.23kb] [文件加载：56]
[ info ] [ LANG ] /data/home/qxu1141810136/htdocs/blog/thinkphp/lang/zh-cn.php
[ info ] [ ROUTE ] array (
  'type' => 'module',
  'module' => 
  array (
    0 => 'home',
    1 => 'editor',
    2 => 'article_list',
  ),
)
[ info ] [ HEADER ] array (
  'accept' => '*/*',
  'accept-encoding' => 'gzip, deflate',
  'cache-control' => 'no-cache',
  'connection' => 'Keep-Alive',
  'host' => 'www.zhangheteng.com',
  'pragma' => 'no-cache',
  'user-agent' => 'Mozilla/5.0 (compatible; bingbot/2.0; +http://www.bing.com/bingbot.htm)',
)
[ info ] [ PARAM ] array (
  'sign' => '20',
)
[ info ] [ RUN ] app\home\controller\Editor->article_list[ /data/home/qxu1141810136/htdocs/blog/application/home/controller/Editor.php ]
[ info ] [ DB ] INIT mysql
[ info ] [ CACHE ] INIT File
[ info ] [ VIEW ] /data/home/qxu1141810136/htdocs/blog/application/home/view/editor/article_list.html [ array (
  0 => 'list',
) ]
[ info ] [ LOG ] INIT File
[ sql ] [ DB ] CONNECT:[ UseTime:0.023956s ] mysql:host=qdm191867626.my3w.com;port=3306;dbname=qdm191867626_db;charset=utf8
[ sql ] [ SQL ] SHOW COLUMNS FROM `summary_editor` [ RunTime:0.002368s ]
[ sql ] [ SQL ] SELECT * FROM `summary_editor` WHERE  `id` = 20 LIMIT 1 [ RunTime:0.002625s ]
[ sql ] [ SQL ] UPDATE `summary_editor`  SET `page_view`=223  WHERE  `id` = 20 [ RunTime:0.031558s ]
