---------------------------------------------------------------
[ 2017-10-22T22:21:28+08:00 ] ::1 ::1 POST /think_web/index.php/login/index/add.html
[ info ] localhost/think_web/index.php/login/index/add.html [运行时间：0.038175s][吞吐率：26.20req/s] [内存消耗：2,036.88kb] [文件加载：54]
[ info ] [ LANG ] E:\xampp\htdocs\think_web\thinkphp\lang\zh-cn.php
[ info ] [ ROUTE ] array (
  'type' => 'module',
  'module' => 
  array (
    0 => 'login',
    1 => 'index',
    2 => 'add',
  ),
)
[ info ] [ HEADER ] array (
  'host' => 'localhost',
  'connection' => 'keep-alive',
  'content-length' => '362',
  'cache-control' => 'max-age=0',
  'origin' => 'http://localhost',
  'upgrade-insecure-requests' => '1',
  'content-type' => 'multipart/form-data; boundary=----WebKitFormBoundarym3ipD03mw5UV5RMs',
  'user-agent' => 'Mozilla/5.0 (Windows NT 10.0; Win64; x64) AppleWebKit/537.36 (KHTML, like Gecko) Chrome/61.0.3163.100 Safari/537.36',
  'accept' => 'text/html,application/xhtml+xml,application/xml;q=0.9,image/webp,image/apng,*/*;q=0.8',
  'referer' => 'http://localhost/think_web/index.php/login/index/register',
  'accept-encoding' => 'gzip, deflate, br',
  'accept-language' => 'zh-CN,zh;q=0.8',
  'cookie' => 'thinkphp_show_page_trace=0|5; thinkphp_show_page_trace=0|0; thinkphp_show_page_trace=0|0; thinkphp_show_page_trace=0|0; PHPSESSID=l25pm5slf28bet9qicdvggnki0; Hm_lvt_080836300300be57b7f34f4b3e97d911=1508670495; Hm_lpvt_080836300300be57b7f34f4b3e97d911=1508679058',
)
[ info ] [ PARAM ] array (
  'mail' => '983033995@qq.com',
  'title' => 'cdksgwvwythj',
  'content' => 'lhsdyfguwhidc',
)
[ info ] [ RUN ] app\login\controller\Index->add[ E:\xampp\htdocs\think_web\application\login\controller\Index.php ]
[ info ] [ LOG ] INIT File
[ error ] [0]致命错误: Call to undefined function C()[E:\xampp\htdocs\think_web\application\common.php:21]
---------------------------------------------------------------
[ 2017-10-22T22:23:44+08:00 ] ::1 ::1 POST /think_web/index.php/login/index/add.html
[ info ] localhost/think_web/index.php/login/index/add.html [运行时间：0.135553s][吞吐率：7.38req/s] [内存消耗：1,443.54kb] [文件加载：47]
[ info ] [ LANG ] E:\xampp\htdocs\think_web\thinkphp\lang\zh-cn.php
[ info ] [ ROUTE ] array (
  'type' => 'module',
  'module' => 
  array (
    0 => 'login',
    1 => 'index',
    2 => 'add',
  ),
)
[ info ] [ HEADER ] array (
  'host' => 'localhost',
  'connection' => 'keep-alive',
  'content-length' => '362',
  'cache-control' => 'max-age=0',
  'origin' => 'http://localhost',
  'upgrade-insecure-requests' => '1',
  'content-type' => 'multipart/form-data; boundary=----WebKitFormBoundarywFa9D8misjyeA6AC',
  'user-agent' => 'Mozilla/5.0 (Windows NT 10.0; Win64; x64) AppleWebKit/537.36 (KHTML, like Gecko) Chrome/61.0.3163.100 Safari/537.36',
  'accept' => 'text/html,application/xhtml+xml,application/xml;q=0.9,image/webp,image/apng,*/*;q=0.8',
  'referer' => 'http://localhost/think_web/index.php/login/index/register',
  'accept-encoding' => 'gzip, deflate, br',
  'accept-language' => 'zh-CN,zh;q=0.8',
  'cookie' => 'thinkphp_show_page_trace=0|5; thinkphp_show_page_trace=0|0; thinkphp_show_page_trace=0|0; thinkphp_show_page_trace=0|0; PHPSESSID=l25pm5slf28bet9qicdvggnki0; Hm_lvt_080836300300be57b7f34f4b3e97d911=1508670495; Hm_lpvt_080836300300be57b7f34f4b3e97d911=1508679058',
)
[ info ] [ PARAM ] array (
  'mail' => '983033995@qq.com',
  'title' => 'cdksgwvwythj',
  'content' => 'lhsdyfguwhidc',
)
[ info ] [ LOG ] INIT File
[ error ] [1]Class 'app\base\controller\Base' not found[E:\xampp\htdocs\think_web\application\login\controller\Index.php:16]
---------------------------------------------------------------
[ 2017-10-22T22:25:34+08:00 ] ::1 ::1 POST /think_web/index.php/login/index/add.html
[ info ] localhost/think_web/index.php/login/index/add.html [运行时间：0.030057s][吞吐率：33.27req/s] [内存消耗：1,676.99kb] [文件加载：52]
[ info ] [ LANG ] E:\xampp\htdocs\think_web\thinkphp\lang\zh-cn.php
[ info ] [ ROUTE ] array (
  'type' => 'module',
  'module' => 
  array (
    0 => 'login',
    1 => 'index',
    2 => 'add',
  ),
)
[ info ] [ HEADER ] array (
  'host' => 'localhost',
  'connection' => 'keep-alive',
  'content-length' => '362',
  'cache-control' => 'max-age=0',
  'origin' => 'http://localhost',
  'upgrade-insecure-requests' => '1',
  'content-type' => 'multipart/form-data; boundary=----WebKitFormBoundaryU1oZ2qd38FGrN9rA',
  'user-agent' => 'Mozilla/5.0 (Windows NT 10.0; Win64; x64) AppleWebKit/537.36 (KHTML, like Gecko) Chrome/61.0.3163.100 Safari/537.36',
  'accept' => 'text/html,application/xhtml+xml,application/xml;q=0.9,image/webp,image/apng,*/*;q=0.8',
  'referer' => 'http://localhost/think_web/index.php/login/index/register',
  'accept-encoding' => 'gzip, deflate, br',
  'accept-language' => 'zh-CN,zh;q=0.8',
  'cookie' => 'thinkphp_show_page_trace=0|5; thinkphp_show_page_trace=0|0; thinkphp_show_page_trace=0|0; thinkphp_show_page_trace=0|0; PHPSESSID=l25pm5slf28bet9qicdvggnki0; Hm_lvt_080836300300be57b7f34f4b3e97d911=1508670495; Hm_lpvt_080836300300be57b7f34f4b3e97d911=1508679058',
)
[ info ] [ PARAM ] array (
  'mail' => '983033995@qq.com',
  'title' => 'cdksgwvwythj',
  'content' => 'lhsdyfguwhidc',
)
[ info ] [ RUN ] app\login\controller\Index->add[ E:\xampp\htdocs\think_web\application\login\controller\Index.php ]
[ info ] [ LOG ] INIT File
[ error ] [0]致命错误: Call to undefined function app\login\controller\SendMail()[E:\xampp\htdocs\think_web\application\login\controller\Index.php:57]
---------------------------------------------------------------
[ 2017-10-22T22:25:48+08:00 ] ::1 ::1 POST /think_web/index.php/login/index/add.html
[ info ] localhost/think_web/index.php/login/index/add.html [运行时间：0.034617s][吞吐率：28.89req/s] [内存消耗：1,676.99kb] [文件加载：52]
[ info ] [ LANG ] E:\xampp\htdocs\think_web\thinkphp\lang\zh-cn.php
[ info ] [ ROUTE ] array (
  'type' => 'module',
  'module' => 
  array (
    0 => 'login',
    1 => 'index',
    2 => 'add',
  ),
)
[ info ] [ HEADER ] array (
  'host' => 'localhost',
  'connection' => 'keep-alive',
  'content-length' => '362',
  'cache-control' => 'max-age=0',
  'user-agent' => 'Mozilla/5.0 (Windows NT 10.0; Win64; x64) AppleWebKit/537.36 (KHTML, like Gecko) Chrome/61.0.3163.100 Safari/537.36',
  'upgrade-insecure-requests' => '1',
  'origin' => 'http://localhost',
  'content-type' => 'multipart/form-data; boundary=----WebKitFormBoundaryU1oZ2qd38FGrN9rA',
  'accept' => 'text/html,application/xhtml+xml,application/xml;q=0.9,image/webp,image/apng,*/*;q=0.8',
  'referer' => 'http://localhost/think_web/index.php/login/index/register',
  'accept-encoding' => 'gzip, deflate, br',
  'accept-language' => 'zh-CN,zh;q=0.8',
  'cookie' => 'thinkphp_show_page_trace=0|5; thinkphp_show_page_trace=0|0; thinkphp_show_page_trace=0|0; thinkphp_show_page_trace=0|0; PHPSESSID=l25pm5slf28bet9qicdvggnki0; Hm_lvt_080836300300be57b7f34f4b3e97d911=1508670495; Hm_lpvt_080836300300be57b7f34f4b3e97d911=1508679058',
)
[ info ] [ PARAM ] array (
  'mail' => '983033995@qq.com',
  'title' => 'cdksgwvwythj',
  'content' => 'lhsdyfguwhidc',
)
[ info ] [ RUN ] app\login\controller\Index->add[ E:\xampp\htdocs\think_web\application\login\controller\Index.php ]
[ info ] [ LOG ] INIT File
[ error ] [0]致命错误: Call to undefined function app\login\controller\SendMail()[E:\xampp\htdocs\think_web\application\login\controller\Index.php:56]
