---------------------------------------------------------------
[ 2018-03-01T03:26:48+08:00 ] 121.42.77.167 203.208.60.168 GET /blog/login/index/proving.html
[ info ] www.zhangheteng.com/blog/login/index/proving.html [运行时间：0.056175s][吞吐率：17.80req/s] [内存消耗：2,419.08kb] [文件加载：48]
[ info ] [ LANG ] /data/home/qxu1141810136/htdocs/blog/thinkphp/lang/zh-cn.php
[ info ] [ ROUTE ] array (
  'type' => 'module',
  'module' => 
  array (
    0 => 'login',
    1 => 'index',
    2 => 'proving',
  ),
)
[ info ] [ HEADER ] array (
  'accept' => 'text/html,application/xhtml+xml,application/xml;q=0.9,*/*;q=0.8',
  'accept-encoding' => 'gzip,deflate,br',
  'connection' => 'keep-alive',
  'from' => 'googlebot(at)googlebot.com',
  'host' => 'www.zhangheteng.com',
  'user-agent' => 'Mozilla/5.0 (compatible; Googlebot/2.1; +http://www.google.com/bot.html)',
)
[ info ] [ PARAM ] array (
)
[ info ] [ RUN ] app\login\controller\Index->proving[ /data/home/qxu1141810136/htdocs/blog/application/login/controller/Index.php ]
[ info ] [ LOG ] INIT File
[ error ] [8]未定义数组索引: type[/data/home/qxu1141810136/htdocs/blog/application/login/controller/Index.php:296]
---------------------------------------------------------------
[ 2018-03-01T03:26:58+08:00 ] 121.42.77.167 203.208.60.237 GET /blog/index/user/index/id/1
[ info ] www.zhangheteng.com/blog/index/user/index/id/1 [运行时间：0.034718s][吞吐率：28.80req/s] [内存消耗：2,410.80kb] [文件加载：49]
[ info ] [ LANG ] /data/home/qxu1141810136/htdocs/blog/thinkphp/lang/zh-cn.php
[ info ] [ ROUTE ] array (
  'type' => 'module',
  'module' => 
  array (
    0 => 'index',
    1 => 'user',
    2 => 'index',
  ),
)
[ info ] [ HEADER ] array (
  'accept' => 'text/html,application/xhtml+xml,application/xml;q=0.9,*/*;q=0.8',
  'accept-encoding' => 'gzip,deflate,br',
  'connection' => 'keep-alive',
  'from' => 'googlebot(at)googlebot.com',
  'host' => 'www.zhangheteng.com',
  'user-agent' => 'Mozilla/5.0 (compatible; Googlebot/2.1; +http://www.google.com/bot.html)',
)
[ info ] [ PARAM ] array (
  'id' => '1',
)
[ info ] [ RUN ] app\index\controller\User->index[ /data/home/qxu1141810136/htdocs/blog/application/index/controller/User.php ]
[ info ] [ SESSION ] INIT array (
  'id' => '',
  'var_session_id' => '',
  'prefix' => 'think',
  'type' => '',
  'auto_start' => true,
  'SESSION_EXPIRE' => 60,
)
[ info ] [ LOG ] INIT File
[ error ] [8]未定义变量: list[/data/home/qxu1141810136/htdocs/blog/application/index/controller/User.php:39]
---------------------------------------------------------------
[ 2018-03-01T03:27:09+08:00 ] 121.42.77.167 203.208.60.221 GET /blog/login/index/add.html
[ info ] www.zhangheteng.com/blog/login/index/add.html [运行时间：0.036475s][吞吐率：27.42req/s] [内存消耗：2,422.48kb] [文件加载：48]
[ info ] [ LANG ] /data/home/qxu1141810136/htdocs/blog/thinkphp/lang/zh-cn.php
[ info ] [ ROUTE ] array (
  'type' => 'module',
  'module' => 
  array (
    0 => 'login',
    1 => 'index',
    2 => 'add',
  ),
)
[ info ] [ HEADER ] array (
  'accept' => 'text/html,application/xhtml+xml,application/xml;q=0.9,*/*;q=0.8',
  'accept-encoding' => 'gzip,deflate,br',
  'connection' => 'keep-alive',
  'from' => 'googlebot(at)googlebot.com',
  'host' => 'www.zhangheteng.com',
  'user-agent' => 'Mozilla/5.0 (compatible; Googlebot/2.1; +http://www.google.com/bot.html)',
)
[ info ] [ PARAM ] array (
)
[ info ] [ RUN ] app\login\controller\Index->add[ /data/home/qxu1141810136/htdocs/blog/application/login/controller/Index.php ]
[ info ] [ LOG ] INIT File
[ error ] [8]未定义数组索引: user_name[/data/home/qxu1141810136/htdocs/blog/application/login/controller/Index.php:208]
---------------------------------------------------------------
[ 2018-03-01T07:06:05+08:00 ] 121.42.77.167 47.92.22.210 GET /blog/home/editor/article_show/sign/20
[ info ] www.zhangheteng.com/blog/home/editor/article_show/sign/20 [运行时间：0.110769s][吞吐率：9.03req/s] [内存消耗：3,502.27kb] [文件加载：56]
[ info ] [ LANG ] /data/home/qxu1141810136/htdocs/blog/thinkphp/lang/zh-cn.php
[ info ] [ ROUTE ] array (
  'type' => 'module',
  'module' => 
  array (
    0 => 'home',
    1 => 'editor',
    2 => 'article_show',
  ),
)
[ info ] [ HEADER ] array (
  'accept' => 'text/html, image/gif, image/jpeg, *; q=.2, */*; q=.2',
  'cache-control' => 'no-cache',
  'connection' => 'keep-alive',
  'host' => 'www.zhangheteng.com',
  'pragma' => 'no-cache',
  'user-agent' => 'Mozilla/5.0 (X11; Ubuntu; Linux x86_64; rv:36.0) Gecko/20100101 Firefox/36.0',
)
[ info ] [ PARAM ] array (
  'sign' => '20',
)
[ info ] [ RUN ] app\home\controller\Editor->article_show[ /data/home/qxu1141810136/htdocs/blog/application/home/controller/Editor.php ]
[ info ] [ DB ] INIT mysql
[ info ] [ CACHE ] INIT File
[ info ] [ VIEW ] /data/home/qxu1141810136/htdocs/blog/application/home/view/editor/article_show.html [ array (
  0 => 'list',
  1 => 'user_info',
  2 => 'title',
) ]
[ info ] [ SESSION ] INIT array (
  'id' => '',
  'var_session_id' => '',
  'prefix' => 'think',
  'type' => '',
  'auto_start' => true,
  'SESSION_EXPIRE' => 60,
)
[ info ] [ LOG ] INIT File
[ sql ] [ DB ] CONNECT:[ UseTime:0.004340s ] mysql:host=qdm191867626.my3w.com;port=3306;dbname=qdm191867626_db;charset=utf8
[ sql ] [ SQL ] SHOW COLUMNS FROM `summary_editor` [ RunTime:0.002217s ]
[ sql ] [ SQL ] SELECT * FROM `summary_editor` WHERE  `id` = 20 LIMIT 1 [ RunTime:0.002850s ]
[ sql ] [ SQL ] UPDATE `summary_editor`  SET `page_view`=328  WHERE  `id` = 20 [ RunTime:0.042585s ]
[ sql ] [ SQL ] SHOW COLUMNS FROM `summary_user` [ RunTime:0.002553s ]
[ sql ] [ SQL ] SELECT `u`.*,COUNT(e.user_id) as editor_num FROM `summary_user` `u` LEFT JOIN `summary_editor` `e` ON `u`.`id`=`e`.`user_id` WHERE  `u`.`id` = '1' LIMIT 1 [ RunTime:0.001820s ]
[ sql ] [ SQL ] SHOW COLUMNS FROM `summary_follow` [ RunTime:0.001759s ]
[ sql ] [ SQL ] SELECT COUNT(*) AS tp_count FROM `summary_follow` WHERE  `who_floow` = 1 LIMIT 1 [ RunTime:0.001288s ]
[ sql ] [ SQL ] SELECT COUNT(*) AS tp_count FROM `summary_follow` WHERE  `floow_who` = 1 LIMIT 1 [ RunTime:0.001295s ]
---------------------------------------------------------------
[ 2018-03-01T09:10:37+08:00 ] 121.42.77.167 39.104.29.35 GET /blog/home/editor/article_show/sign/www.zhangheteng.com
[ info ] www.zhangheteng.com/blog/home/editor/article_show/sign/www.zhangheteng.com [运行时间：0.085492s][吞吐率：11.70req/s] [内存消耗：3,357.48kb] [文件加载：53]
[ info ] [ LANG ] /data/home/qxu1141810136/htdocs/blog/thinkphp/lang/zh-cn.php
[ info ] [ ROUTE ] array (
  'type' => 'module',
  'module' => 
  array (
    0 => 'home',
    1 => 'editor',
    2 => 'article_show',
  ),
)
[ info ] [ HEADER ] array (
  'accept' => 'text/html, image/gif, image/jpeg, *; q=.2, */*; q=.2',
  'cache-control' => 'no-cache',
  'connection' => 'keep-alive',
  'host' => 'www.zhangheteng.com',
  'pragma' => 'no-cache',
  'user-agent' => 'Mozilla/5.0 (X11; Ubuntu; Linux x86_64; rv:36.0) Gecko/20100101 Firefox/36.0',
)
[ info ] [ PARAM ] array (
  'sign' => 'www.zhangheteng.com',
)
[ info ] [ RUN ] app\home\controller\Editor->article_show[ /data/home/qxu1141810136/htdocs/blog/application/home/controller/Editor.php ]
[ info ] [ DB ] INIT mysql
[ info ] [ VIEW ] /data/home/qxu1141810136/htdocs/blog/application/home/view/editor/article_show.html [ array (
  0 => 'list',
  1 => 'user_info',
  2 => 'title',
) ]
[ info ] [ SESSION ] INIT array (
  'id' => '',
  'var_session_id' => '',
  'prefix' => 'think',
  'type' => '',
  'auto_start' => true,
  'SESSION_EXPIRE' => 60,
)
[ info ] [ LOG ] INIT File
[ sql ] [ DB ] CONNECT:[ UseTime:0.025234s ] mysql:host=qdm191867626.my3w.com;port=3306;dbname=qdm191867626_db;charset=utf8
[ sql ] [ SQL ] SHOW COLUMNS FROM `summary_editor` [ RunTime:0.002328s ]
[ sql ] [ SQL ] SELECT * FROM `summary_editor` WHERE  `id` = 0 LIMIT 1 [ RunTime:0.001529s ]
[ sql ] [ SQL ] SHOW COLUMNS FROM `summary_user` [ RunTime:0.002002s ]
[ sql ] [ SQL ] SELECT `u`.*,COUNT(e.user_id) as editor_num FROM `summary_user` `u` LEFT JOIN `summary_editor` `e` ON `u`.`id`=`e`.`user_id` WHERE  `u`.`id` IS NULL LIMIT 1 [ RunTime:0.001437s ]
[ sql ] [ SQL ] SHOW COLUMNS FROM `summary_follow` [ RunTime:0.001664s ]
[ sql ] [ SQL ] SELECT COUNT(*) AS tp_count FROM `summary_follow` WHERE  `who_floow` IS NULL LIMIT 1 [ RunTime:0.001381s ]
[ sql ] [ SQL ] SELECT COUNT(*) AS tp_count FROM `summary_follow` WHERE  `floow_who` IS NULL LIMIT 1 [ RunTime:0.001125s ]
---------------------------------------------------------------
[ 2018-03-01T10:15:26+08:00 ] 121.42.77.167 203.208.60.248 GET /blog/index/user/index/id/1
[ info ] www.zhangheteng.com/blog/index/user/index/id/1 [运行时间：0.038212s][吞吐率：26.17req/s] [内存消耗：2,410.80kb] [文件加载：49]
[ info ] [ LANG ] /data/home/qxu1141810136/htdocs/blog/thinkphp/lang/zh-cn.php
[ info ] [ ROUTE ] array (
  'type' => 'module',
  'module' => 
  array (
    0 => 'index',
    1 => 'user',
    2 => 'index',
  ),
)
[ info ] [ HEADER ] array (
  'accept' => 'text/html,application/xhtml+xml,application/xml;q=0.9,*/*;q=0.8',
  'accept-encoding' => 'gzip,deflate,br',
  'connection' => 'keep-alive',
  'from' => 'googlebot(at)googlebot.com',
  'host' => 'www.zhangheteng.com',
  'user-agent' => 'Mozilla/5.0 (compatible; Googlebot/2.1; +http://www.google.com/bot.html)',
)
[ info ] [ PARAM ] array (
  'id' => '1',
)
[ info ] [ RUN ] app\index\controller\User->index[ /data/home/qxu1141810136/htdocs/blog/application/index/controller/User.php ]
[ info ] [ SESSION ] INIT array (
  'id' => '',
  'var_session_id' => '',
  'prefix' => 'think',
  'type' => '',
  'auto_start' => true,
  'SESSION_EXPIRE' => 60,
)
[ info ] [ LOG ] INIT File
[ error ] [8]未定义变量: list[/data/home/qxu1141810136/htdocs/blog/application/index/controller/User.php:39]
---------------------------------------------------------------
[ 2018-03-01T10:15:36+08:00 ] 121.42.77.167 203.208.60.151 GET /blog/login/index/add.html
[ info ] www.zhangheteng.com/blog/login/index/add.html [运行时间：0.035015s][吞吐率：28.56req/s] [内存消耗：2,422.48kb] [文件加载：48]
[ info ] [ LANG ] /data/home/qxu1141810136/htdocs/blog/thinkphp/lang/zh-cn.php
[ info ] [ ROUTE ] array (
  'type' => 'module',
  'module' => 
  array (
    0 => 'login',
    1 => 'index',
    2 => 'add',
  ),
)
[ info ] [ HEADER ] array (
  'accept' => 'text/html,application/xhtml+xml,application/xml;q=0.9,*/*;q=0.8',
  'accept-encoding' => 'gzip,deflate,br',
  'connection' => 'keep-alive',
  'from' => 'googlebot(at)googlebot.com',
  'host' => 'www.zhangheteng.com',
  'user-agent' => 'Mozilla/5.0 (compatible; Googlebot/2.1; +http://www.google.com/bot.html)',
)
[ info ] [ PARAM ] array (
)
[ info ] [ RUN ] app\login\controller\Index->add[ /data/home/qxu1141810136/htdocs/blog/application/login/controller/Index.php ]
[ info ] [ LOG ] INIT File
[ error ] [8]未定义数组索引: user_name[/data/home/qxu1141810136/htdocs/blog/application/login/controller/Index.php:208]
---------------------------------------------------------------
[ 2018-03-01T10:15:47+08:00 ] 121.42.77.167 203.208.60.222 GET /blog/login/index/proving.html
[ info ] www.zhangheteng.com/blog/login/index/proving.html [运行时间：0.034320s][吞吐率：29.14req/s] [内存消耗：2,419.07kb] [文件加载：48]
[ info ] [ LANG ] /data/home/qxu1141810136/htdocs/blog/thinkphp/lang/zh-cn.php
[ info ] [ ROUTE ] array (
  'type' => 'module',
  'module' => 
  array (
    0 => 'login',
    1 => 'index',
    2 => 'proving',
  ),
)
[ info ] [ HEADER ] array (
  'accept' => 'text/html,application/xhtml+xml,application/xml;q=0.9,*/*;q=0.8',
  'accept-encoding' => 'gzip,deflate,br',
  'connection' => 'keep-alive',
  'from' => 'googlebot(at)googlebot.com',
  'host' => 'www.zhangheteng.com',
  'user-agent' => 'Mozilla/5.0 (compatible; Googlebot/2.1; +http://www.google.com/bot.html)',
)
[ info ] [ PARAM ] array (
)
[ info ] [ RUN ] app\login\controller\Index->proving[ /data/home/qxu1141810136/htdocs/blog/application/login/controller/Index.php ]
[ info ] [ LOG ] INIT File
[ error ] [8]未定义数组索引: type[/data/home/qxu1141810136/htdocs/blog/application/login/controller/Index.php:296]
---------------------------------------------------------------
[ 2018-03-01T14:55:39+08:00 ] 121.42.77.167 121.42.241.1 GET /blog/login/index/index.html
[ info ] www.zhangheteng.com/blog/login/index/index.html [运行时间：0.033751s][吞吐率：29.63req/s] [内存消耗：2,473.41kb] [文件加载：47]
[ info ] [ LANG ] /data/home/qxu1141810136/htdocs/blog/thinkphp/lang/zh-cn.php
[ info ] [ ROUTE ] array (
  'type' => 'module',
  'module' => 
  array (
    0 => 'login',
    1 => 'index',
    2 => 'index',
  ),
)
[ info ] [ HEADER ] array (
  'accept' => 'text/html, image/gif, image/jpeg, *; q=.2, */*; q=.2',
  'cache-control' => 'no-cache',
  'connection' => 'keep-alive',
  'host' => 'www.zhangheteng.com',
  'pragma' => 'no-cache',
  'user-agent' => 'Mozilla/5.0 (X11; Ubuntu; Linux x86_64; rv:36.0) Gecko/20100101 Firefox/36.0',
)
[ info ] [ PARAM ] array (
)
[ info ] [ RUN ] app\login\controller\Index->index[ /data/home/qxu1141810136/htdocs/blog/application/login/controller/Index.php ]
[ info ] [ VIEW ] /data/home/qxu1141810136/htdocs/blog/application/login/view/index/index.html [ array (
  0 => 'href',
) ]
[ info ] [ LOG ] INIT File
---------------------------------------------------------------
[ 2018-03-01T15:50:07+08:00 ] 121.42.77.167 203.208.60.202 GET /blog/login/index/add.html
[ info ] www.zhangheteng.com/blog/login/index/add.html [运行时间：0.035248s][吞吐率：28.37req/s] [内存消耗：2,422.48kb] [文件加载：48]
[ info ] [ LANG ] /data/home/qxu1141810136/htdocs/blog/thinkphp/lang/zh-cn.php
[ info ] [ ROUTE ] array (
  'type' => 'module',
  'module' => 
  array (
    0 => 'login',
    1 => 'index',
    2 => 'add',
  ),
)
[ info ] [ HEADER ] array (
  'accept' => 'text/html,application/xhtml+xml,application/xml;q=0.9,*/*;q=0.8',
  'accept-encoding' => 'gzip,deflate,br',
  'connection' => 'keep-alive',
  'from' => 'googlebot(at)googlebot.com',
  'host' => 'www.zhangheteng.com',
  'user-agent' => 'Mozilla/5.0 (compatible; Googlebot/2.1; +http://www.google.com/bot.html)',
)
[ info ] [ PARAM ] array (
)
[ info ] [ RUN ] app\login\controller\Index->add[ /data/home/qxu1141810136/htdocs/blog/application/login/controller/Index.php ]
[ info ] [ LOG ] INIT File
[ error ] [8]未定义数组索引: user_name[/data/home/qxu1141810136/htdocs/blog/application/login/controller/Index.php:208]
---------------------------------------------------------------
[ 2018-03-01T15:50:17+08:00 ] 121.42.77.167 203.208.60.201 GET /blog/index/user/index/id/1
[ info ] www.zhangheteng.com/blog/index/user/index/id/1 [运行时间：0.036144s][吞吐率：27.67req/s] [内存消耗：2,410.80kb] [文件加载：49]
[ info ] [ LANG ] /data/home/qxu1141810136/htdocs/blog/thinkphp/lang/zh-cn.php
[ info ] [ ROUTE ] array (
  'type' => 'module',
  'module' => 
  array (
    0 => 'index',
    1 => 'user',
    2 => 'index',
  ),
)
[ info ] [ HEADER ] array (
  'accept' => 'text/html,application/xhtml+xml,application/xml;q=0.9,*/*;q=0.8',
  'accept-encoding' => 'gzip,deflate,br',
  'connection' => 'keep-alive',
  'from' => 'googlebot(at)googlebot.com',
  'host' => 'www.zhangheteng.com',
  'user-agent' => 'Mozilla/5.0 (compatible; Googlebot/2.1; +http://www.google.com/bot.html)',
)
[ info ] [ PARAM ] array (
  'id' => '1',
)
[ info ] [ RUN ] app\index\controller\User->index[ /data/home/qxu1141810136/htdocs/blog/application/index/controller/User.php ]
[ info ] [ SESSION ] INIT array (
  'id' => '',
  'var_session_id' => '',
  'prefix' => 'think',
  'type' => '',
  'auto_start' => true,
  'SESSION_EXPIRE' => 60,
)
[ info ] [ LOG ] INIT File
[ error ] [8]未定义变量: list[/data/home/qxu1141810136/htdocs/blog/application/index/controller/User.php:39]
---------------------------------------------------------------
[ 2018-03-01T15:50:27+08:00 ] 121.42.77.167 203.208.60.202 GET /blog/login/index/proving.html
[ info ] www.zhangheteng.com/blog/login/index/proving.html [运行时间：0.036648s][吞吐率：27.29req/s] [内存消耗：2,419.07kb] [文件加载：48]
[ info ] [ LANG ] /data/home/qxu1141810136/htdocs/blog/thinkphp/lang/zh-cn.php
[ info ] [ ROUTE ] array (
  'type' => 'module',
  'module' => 
  array (
    0 => 'login',
    1 => 'index',
    2 => 'proving',
  ),
)
[ info ] [ HEADER ] array (
  'accept' => 'text/html,application/xhtml+xml,application/xml;q=0.9,*/*;q=0.8',
  'accept-encoding' => 'gzip,deflate,br',
  'connection' => 'keep-alive',
  'from' => 'googlebot(at)googlebot.com',
  'host' => 'www.zhangheteng.com',
  'user-agent' => 'Mozilla/5.0 (compatible; Googlebot/2.1; +http://www.google.com/bot.html)',
)
[ info ] [ PARAM ] array (
)
[ info ] [ RUN ] app\login\controller\Index->proving[ /data/home/qxu1141810136/htdocs/blog/application/login/controller/Index.php ]
[ info ] [ LOG ] INIT File
[ error ] [8]未定义数组索引: type[/data/home/qxu1141810136/htdocs/blog/application/login/controller/Index.php:296]
---------------------------------------------------------------
[ 2018-03-01T15:57:16+08:00 ] 121.42.77.167 39.104.29.35 GET /blog/home/editor/article_show/sign/19
[ info ] www.zhangheteng.com/blog/home/editor/article_show/sign/19 [运行时间：0.117907s][吞吐率：8.48req/s] [内存消耗：3,892.72kb] [文件加载：56]
[ info ] [ LANG ] /data/home/qxu1141810136/htdocs/blog/thinkphp/lang/zh-cn.php
[ info ] [ ROUTE ] array (
  'type' => 'module',
  'module' => 
  array (
    0 => 'home',
    1 => 'editor',
    2 => 'article_show',
  ),
)
[ info ] [ HEADER ] array (
  'accept' => 'text/html, image/gif, image/jpeg, *; q=.2, */*; q=.2',
  'cache-control' => 'no-cache',
  'connection' => 'keep-alive',
  'host' => 'www.zhangheteng.com',
  'pragma' => 'no-cache',
  'user-agent' => 'Mozilla/5.0 (X11; Ubuntu; Linux x86_64; rv:36.0) Gecko/20100101 Firefox/36.0',
)
[ info ] [ PARAM ] array (
  'sign' => '19',
)
[ info ] [ RUN ] app\home\controller\Editor->article_show[ /data/home/qxu1141810136/htdocs/blog/application/home/controller/Editor.php ]
[ info ] [ DB ] INIT mysql
[ info ] [ CACHE ] INIT File
[ info ] [ VIEW ] /data/home/qxu1141810136/htdocs/blog/application/home/view/editor/article_show.html [ array (
  0 => 'list',
  1 => 'user_info',
  2 => 'title',
) ]
[ info ] [ SESSION ] INIT array (
  'id' => '',
  'var_session_id' => '',
  'prefix' => 'think',
  'type' => '',
  'auto_start' => true,
  'SESSION_EXPIRE' => 60,
)
[ info ] [ LOG ] INIT File
[ sql ] [ DB ] CONNECT:[ UseTime:0.032338s ] mysql:host=qdm191867626.my3w.com;port=3306;dbname=qdm191867626_db;charset=utf8
[ sql ] [ SQL ] SHOW COLUMNS FROM `summary_editor` [ RunTime:0.002466s ]
[ sql ] [ SQL ] SELECT * FROM `summary_editor` WHERE  `id` = 19 LIMIT 1 [ RunTime:0.010677s ]
[ sql ] [ SQL ] UPDATE `summary_editor`  SET `page_view`=117  WHERE  `id` = 19 [ RunTime:0.010796s ]
[ sql ] [ SQL ] SHOW COLUMNS FROM `summary_user` [ RunTime:0.002338s ]
[ sql ] [ SQL ] SELECT `u`.*,COUNT(e.user_id) as editor_num FROM `summary_user` `u` LEFT JOIN `summary_editor` `e` ON `u`.`id`=`e`.`user_id` WHERE  `u`.`id` = '1' LIMIT 1 [ RunTime:0.001833s ]
[ sql ] [ SQL ] SHOW COLUMNS FROM `summary_follow` [ RunTime:0.001654s ]
[ sql ] [ SQL ] SELECT COUNT(*) AS tp_count FROM `summary_follow` WHERE  `who_floow` = 1 LIMIT 1 [ RunTime:0.001161s ]
[ sql ] [ SQL ] SELECT COUNT(*) AS tp_count FROM `summary_follow` WHERE  `floow_who` = 1 LIMIT 1 [ RunTime:0.001197s ]
---------------------------------------------------------------
[ 2018-03-01T16:49:54+08:00 ] 121.42.77.167 120.78.45.96 GET /blog/login.html
[ info ] www.zhangheteng.com/blog/login.html [运行时间：0.035032s][吞吐率：28.55req/s] [内存消耗：2,472.88kb] [文件加载：47]
[ info ] [ LANG ] /data/home/qxu1141810136/htdocs/blog/thinkphp/lang/zh-cn.php
[ info ] [ ROUTE ] array (
  'type' => 'module',
  'module' => 
  array (
    0 => 'login',
    1 => NULL,
    2 => NULL,
  ),
)
[ info ] [ HEADER ] array (
  'accept' => 'text/html, image/gif, image/jpeg, *; q=.2, */*; q=.2',
  'cache-control' => 'no-cache',
  'connection' => 'keep-alive',
  'host' => 'www.zhangheteng.com',
  'pragma' => 'no-cache',
  'user-agent' => 'Mozilla/5.0 (X11; Ubuntu; Linux x86_64; rv:36.0) Gecko/20100101 Firefox/36.0',
)
[ info ] [ PARAM ] array (
)
[ info ] [ RUN ] app\login\controller\Index->index[ /data/home/qxu1141810136/htdocs/blog/application/login/controller/Index.php ]
[ info ] [ VIEW ] /data/home/qxu1141810136/htdocs/blog/application/login/view/index/index.html [ array (
  0 => 'href',
) ]
[ info ] [ LOG ] INIT File
---------------------------------------------------------------
[ 2018-03-01T21:49:11+08:00 ] 121.42.77.167 203.208.60.202 GET /blog/
[ info ] www.zhangheteng.com/blog/ [运行时间：0.086826s][吞吐率：11.52req/s] [内存消耗：3,336.48kb] [文件加载：53]
[ info ] [ LANG ] /data/home/qxu1141810136/htdocs/blog/thinkphp/lang/zh-cn.php
[ info ] [ ROUTE ] array (
  'type' => 'module',
  'module' => 
  array (
    0 => '',
    1 => NULL,
    2 => NULL,
  ),
)
[ info ] [ HEADER ] array (
  'accept' => 'text/html,application/xhtml+xml,application/xml;q=0.9,*/*;q=0.8',
  'accept-encoding' => 'gzip,deflate,br',
  'connection' => 'keep-alive',
  'from' => 'googlebot(at)googlebot.com',
  'host' => 'www.zhangheteng.com',
  'user-agent' => 'Mozilla/5.0 (Linux; Android 6.0.1; Nexus 5X Build/MMB29P) AppleWebKit/537.36 (KHTML, like Gecko) Chrome/41.0.2272.96 Mobile Safari/537.36 (compatible; Googlebot/2.1; +http://www.google.com/bot.html)',
)
[ info ] [ PARAM ] array (
)
[ info ] [ RUN ] app\index\controller\Index->index[ /data/home/qxu1141810136/htdocs/blog/application/index/controller/Index.php ]
[ info ] [ DB ] INIT mysql
[ info ] [ VIEW ] /data/home/qxu1141810136/htdocs/blog/application/index/view/index/index.html [ array (
  0 => 'banner',
  1 => 'changeTime',
  2 => 'propose',
  3 => 'new',
  4 => 'hot',
) ]
[ info ] [ SESSION ] INIT array (
  'id' => '',
  'var_session_id' => '',
  'prefix' => 'think',
  'type' => '',
  'auto_start' => true,
  'SESSION_EXPIRE' => 60,
)
[ info ] [ LOG ] INIT File
[ sql ] [ DB ] CONNECT:[ UseTime:0.023692s ] mysql:host=qdm191867626.my3w.com;port=3306;dbname=qdm191867626_db;charset=utf8
[ sql ] [ SQL ] SHOW COLUMNS FROM `summary_banner` [ RunTime:0.002333s ]
[ sql ] [ SQL ] SELECT * FROM `summary_banner` WHERE  `id` <> 1  AND `is_finish` = 1 ORDER BY sort desc [ RunTime:0.001644s ]
[ sql ] [ SQL ] SELECT `changeTime` FROM `summary_banner` WHERE  `id` = 1 LIMIT 1 [ RunTime:0.001242s ]
[ sql ] [ SQL ] SHOW COLUMNS FROM `summary_editor` [ RunTime:0.001818s ]
[ sql ] [ SQL ] SELECT `e`.`id`,`e`.`user_name`,`e`.`set_time`,`e`.`title`,`e`.`category`,`e`.`wrap`,`e`.`status`,`e`.`show`,`u`.`head_portrait` FROM `summary_editor` `e` LEFT JOIN `summary_propose` `p` ON `p`.`index_id`=`e`.`id` LEFT JOIN `summary_user` `u` ON `u`.`id`=`e`.`user_id` WHERE  `p`.`type` = 1 [ RunTime:0.001896s ]
[ sql ] [ SQL ] SELECT `e`.`id`,`e`.`user_name`,`e`.`set_time`,`e`.`title`,`e`.`category`,`e`.`wrap`,`u`.`head_portrait` FROM `summary_editor` `e` LEFT JOIN `summary_user` `u` ON `u`.`id`=`e`.`user_id` WHERE  `status` = 1 ORDER BY set_time desc LIMIT 3 [ RunTime:0.001580s ]
[ sql ] [ SQL ] SELECT `e`.`id`,`e`.`user_name`,`e`.`set_time`,`e`.`title`,`e`.`category`,`e`.`wrap`,`e`.`page_view`,`u`.`head_portrait` FROM `summary_editor` `e` LEFT JOIN `summary_user` `u` ON `u`.`id`=`e`.`user_id` WHERE  `status` = 1 ORDER BY page_view desc LIMIT 3 [ RunTime:0.001449s ]
