---------------------------------------------------------------
[ 2018-01-10T08:54:53+08:00 ] 121.42.77.167 123.125.71.94 GET /blog/home/editor/article_list/sign/20
[ info ] www.zhangheteng.com/blog/home/editor/article_list/sign/20 [运行时间：0.154927s][吞吐率：6.45req/s] [内存消耗：3,444.42kb] [文件加载：56]
[ info ] [ LANG ] /data/home/qxu1141810136/htdocs/blog/thinkphp/lang/zh-cn.php
[ info ] [ ROUTE ] array (
  'type' => 'module',
  'module' => 
  array (
    0 => 'home',
    1 => 'editor',
    2 => 'article_list',
  ),
)
[ info ] [ HEADER ] array (
  'accept' => '*/*',
  'accept-encoding' => 'gzip',
  'accept-language' => 'zh-cn,zh-tw',
  'connection' => 'close',
  'host' => 'www.zhangheteng.com',
  'user-agent' => 'Mozilla/5.0 (compatible; Baiduspider/2.0; +http://www.baidu.com/search/spider.html)',
)
[ info ] [ PARAM ] array (
  'sign' => '20',
)
[ info ] [ RUN ] app\home\controller\Editor->article_list[ /data/home/qxu1141810136/htdocs/blog/application/home/controller/Editor.php ]
[ info ] [ DB ] INIT mysql
[ info ] [ CACHE ] INIT File
[ info ] [ VIEW ] /data/home/qxu1141810136/htdocs/blog/application/home/view/editor/article_list.html [ array (
  0 => 'list',
) ]
[ info ] [ LOG ] INIT File
[ sql ] [ DB ] CONNECT:[ UseTime:0.024013s ] mysql:host=qdm191867626.my3w.com;port=3306;dbname=qdm191867626_db;charset=utf8
[ sql ] [ SQL ] SHOW COLUMNS FROM `summary_editor` [ RunTime:0.002208s ]
[ sql ] [ SQL ] SELECT * FROM `summary_editor` WHERE  `id` = 20 LIMIT 1 [ RunTime:0.003476s ]
[ sql ] [ SQL ] UPDATE `summary_editor`  SET `page_view`=229  WHERE  `id` = 20 [ RunTime:0.043562s ]
---------------------------------------------------------------
[ 2018-01-10T16:45:12+08:00 ] 121.42.77.167 116.54.93.251 GET /blog/index/user/chart
[ info ] www.zhangheteng.com/blog/index/user/chart [运行时间：0.032680s][吞吐率：30.60req/s] [内存消耗：2,331.77kb] [文件加载：46]
[ info ] [ LANG ] /data/home/qxu1141810136/htdocs/blog/thinkphp/lang/zh-cn.php
[ info ] [ ROUTE ] array (
  'type' => 'module',
  'module' => 
  array (
    0 => 'index',
    1 => 'user',
    2 => 'chart',
  ),
)
[ info ] [ HEADER ] array (
  'accept' => 'text/html,application/xhtml+xml,application/xml;q=0.9,image/webp,image/apng,*/*;q=0.8',
  'accept-encoding' => 'gzip, deflate',
  'accept-language' => 'zh-CN,zh;q=0.9',
  'connection' => 'keep-alive',
  'cookie' => 'opensns_OX_LOGGED_USER=WOc-ASSR%3D5duBmThg7cCd7b0ZNhcTQh%3DYpaJkdEA1pTVXbgWRv0guObyRnBJhzo%3DvtZS5GeVQhcSquDGGuGVHR%3DZfwxA%3D8kIpHdlh-VIP8gKFxY6t; a7273_times=1',
  'host' => 'www.zhangheteng.com',
  'upgrade-insecure-requests' => '1',
  'user-agent' => 'Mozilla/5.0 (Windows NT 6.1; Win64; x64) AppleWebKit/537.36 (KHTML, like Gecko) Chrome/63.0.3239.132 Safari/537.36',
)
[ info ] [ PARAM ] array (
)
[ info ] [ RUN ] app\index\controller\User->chart[ /data/home/qxu1141810136/htdocs/blog/application/index/controller/User.php ]
[ info ] [ VIEW ] /data/home/qxu1141810136/htdocs/blog/application/index/view/user/chart.html [ array (
) ]
[ info ] [ SESSION ] INIT array (
  'id' => '',
  'var_session_id' => '',
  'prefix' => 'think',
  'type' => '',
  'auto_start' => true,
  'SESSION_EXPIRE' => 60,
)
[ info ] [ LOG ] INIT File
---------------------------------------------------------------
[ 2018-01-10T16:45:22+08:00 ] 121.42.77.167 116.54.93.251 GET /blog/login/
[ info ] www.zhangheteng.com/blog/login/ [运行时间：0.036255s][吞吐率：27.58req/s] [内存消耗：2,476.45kb] [文件加载：47]
[ info ] [ LANG ] /data/home/qxu1141810136/htdocs/blog/thinkphp/lang/zh-cn.php
[ info ] [ ROUTE ] array (
  'type' => 'module',
  'module' => 
  array (
    0 => 'login',
    1 => NULL,
    2 => NULL,
  ),
)
[ info ] [ HEADER ] array (
  'accept' => 'text/html,application/xhtml+xml,application/xml;q=0.9,image/webp,image/apng,*/*;q=0.8',
  'accept-encoding' => 'gzip, deflate',
  'accept-language' => 'zh-CN,zh;q=0.9',
  'connection' => 'keep-alive',
  'cookie' => 'opensns_OX_LOGGED_USER=WOc-ASSR%3D5duBmThg7cCd7b0ZNhcTQh%3DYpaJkdEA1pTVXbgWRv0guObyRnBJhzo%3DvtZS5GeVQhcSquDGGuGVHR%3DZfwxA%3D8kIpHdlh-VIP8gKFxY6t; PHPSESSID=q0rppv97k6am29o2a286a8ugk7; a7273_pages=1; a7273_times=2; __tins__19217273=%7B%22sid%22%3A%201515574020528%2C%20%22vd%22%3A%201%2C%20%22expires%22%3A%201515575820528%7D; __51cke__=; __51laig__=1',
  'host' => 'www.zhangheteng.com',
  'referer' => 'http://www.zhangheteng.com/blog/index/user/chart',
  'upgrade-insecure-requests' => '1',
  'user-agent' => 'Mozilla/5.0 (Windows NT 6.1; Win64; x64) AppleWebKit/537.36 (KHTML, like Gecko) Chrome/63.0.3239.132 Safari/537.36',
)
[ info ] [ PARAM ] array (
)
[ info ] [ RUN ] app\login\controller\Index->index[ /data/home/qxu1141810136/htdocs/blog/application/login/controller/Index.php ]
[ info ] [ VIEW ] /data/home/qxu1141810136/htdocs/blog/application/login/view/index/index.html [ array (
  0 => 'href',
) ]
[ info ] [ LOG ] INIT File
---------------------------------------------------------------
[ 2018-01-10T16:45:22+08:00 ] 121.42.77.167 116.54.93.251 POST /blog/login/index/proving.html
[ info ] www.zhangheteng.com/blog/login/index/proving.html [运行时间：0.071034s][吞吐率：14.08req/s] [内存消耗：3,357.39kb] [文件加载：52]
[ info ] [ LANG ] /data/home/qxu1141810136/htdocs/blog/thinkphp/lang/zh-cn.php
[ info ] [ ROUTE ] array (
  'type' => 'module',
  'module' => 
  array (
    0 => 'login',
    1 => 'index',
    2 => 'proving',
  ),
)
[ info ] [ HEADER ] array (
  'content-length' => '17',
  'content-type' => 'application/x-www-form-urlencoded; charset=UTF-8',
  'accept' => 'application/json, text/javascript, */*; q=0.01',
  'accept-encoding' => 'gzip, deflate',
  'accept-language' => 'zh-CN,zh;q=0.9',
  'connection' => 'keep-alive',
  'cookie' => 'opensns_OX_LOGGED_USER=WOc-ASSR%3D5duBmThg7cCd7b0ZNhcTQh%3DYpaJkdEA1pTVXbgWRv0guObyRnBJhzo%3DvtZS5GeVQhcSquDGGuGVHR%3DZfwxA%3D8kIpHdlh-VIP8gKFxY6t; PHPSESSID=q0rppv97k6am29o2a286a8ugk7; a7273_pages=1; a7273_times=2; __tins__19217273=%7B%22sid%22%3A%201515574020528%2C%20%22vd%22%3A%201%2C%20%22expires%22%3A%201515575820528%7D; __51cke__=; __51laig__=1',
  'host' => 'www.zhangheteng.com',
  'origin' => 'http://www.zhangheteng.com',
  'referer' => 'http://www.zhangheteng.com/blog/login/',
  'user-agent' => 'Mozilla/5.0 (Windows NT 6.1; Win64; x64) AppleWebKit/537.36 (KHTML, like Gecko) Chrome/63.0.3239.132 Safari/537.36',
  'x-requested-with' => 'XMLHttpRequest',
)
[ info ] [ PARAM ] array (
  'type' => '1',
  'data' => 'admin',
)
[ info ] [ RUN ] app\login\controller\Index->proving[ /data/home/qxu1141810136/htdocs/blog/application/login/controller/Index.php ]
[ info ] [ DB ] INIT mysql
[ info ] [ LOG ] INIT File
[ sql ] [ DB ] CONNECT:[ UseTime:0.023224s ] mysql:host=qdm191867626.my3w.com;port=3306;dbname=qdm191867626_db;charset=utf8
[ sql ] [ SQL ] SHOW COLUMNS FROM `summary_user` [ RunTime:0.002529s ]
[ sql ] [ SQL ] SELECT * FROM `summary_user` WHERE  `user_name` = 'admin' LIMIT 1 [ RunTime:0.001761s ]
---------------------------------------------------------------
[ 2018-01-10T16:45:22+08:00 ] 121.42.77.167 116.54.93.251 POST /blog/login/index/proving.html
[ info ] www.zhangheteng.com/blog/login/index/proving.html [运行时间：0.052936s][吞吐率：18.89req/s] [内存消耗：3,357.39kb] [文件加载：52]
[ info ] [ LANG ] /data/home/qxu1141810136/htdocs/blog/thinkphp/lang/zh-cn.php
[ info ] [ ROUTE ] array (
  'type' => 'module',
  'module' => 
  array (
    0 => 'login',
    1 => 'index',
    2 => 'proving',
  ),
)
[ info ] [ HEADER ] array (
  'content-length' => '17',
  'content-type' => 'application/x-www-form-urlencoded; charset=UTF-8',
  'accept' => 'application/json, text/javascript, */*; q=0.01',
  'accept-encoding' => 'gzip, deflate',
  'accept-language' => 'zh-CN,zh;q=0.9',
  'connection' => 'keep-alive',
  'cookie' => 'opensns_OX_LOGGED_USER=WOc-ASSR%3D5duBmThg7cCd7b0ZNhcTQh%3DYpaJkdEA1pTVXbgWRv0guObyRnBJhzo%3DvtZS5GeVQhcSquDGGuGVHR%3DZfwxA%3D8kIpHdlh-VIP8gKFxY6t; PHPSESSID=q0rppv97k6am29o2a286a8ugk7; a7273_pages=1; a7273_times=2; __tins__19217273=%7B%22sid%22%3A%201515574020528%2C%20%22vd%22%3A%201%2C%20%22expires%22%3A%201515575820528%7D; __51cke__=; __51laig__=1',
  'host' => 'www.zhangheteng.com',
  'origin' => 'http://www.zhangheteng.com',
  'referer' => 'http://www.zhangheteng.com/blog/login/',
  'user-agent' => 'Mozilla/5.0 (Windows NT 6.1; Win64; x64) AppleWebKit/537.36 (KHTML, like Gecko) Chrome/63.0.3239.132 Safari/537.36',
  'x-requested-with' => 'XMLHttpRequest',
)
[ info ] [ PARAM ] array (
  'type' => '1',
  'data' => 'admin',
)
[ info ] [ RUN ] app\login\controller\Index->proving[ /data/home/qxu1141810136/htdocs/blog/application/login/controller/Index.php ]
[ info ] [ DB ] INIT mysql
[ info ] [ LOG ] INIT File
[ sql ] [ DB ] CONNECT:[ UseTime:0.004596s ] mysql:host=qdm191867626.my3w.com;port=3306;dbname=qdm191867626_db;charset=utf8
[ sql ] [ SQL ] SHOW COLUMNS FROM `summary_user` [ RunTime:0.002106s ]
[ sql ] [ SQL ] SELECT * FROM `summary_user` WHERE  `user_name` = 'admin' LIMIT 1 [ RunTime:0.001355s ]
---------------------------------------------------------------
[ 2018-01-10T16:45:23+08:00 ] 121.42.77.167 116.54.93.251 POST /blog/login/index/proving.html
[ info ] www.zhangheteng.com/blog/login/index/proving.html [运行时间：0.053646s][吞吐率：18.64req/s] [内存消耗：3,357.39kb] [文件加载：52]
[ info ] [ LANG ] /data/home/qxu1141810136/htdocs/blog/thinkphp/lang/zh-cn.php
[ info ] [ ROUTE ] array (
  'type' => 'module',
  'module' => 
  array (
    0 => 'login',
    1 => 'index',
    2 => 'proving',
  ),
)
[ info ] [ HEADER ] array (
  'content-length' => '17',
  'content-type' => 'application/x-www-form-urlencoded; charset=UTF-8',
  'accept' => 'application/json, text/javascript, */*; q=0.01',
  'accept-encoding' => 'gzip, deflate',
  'accept-language' => 'zh-CN,zh;q=0.9',
  'connection' => 'keep-alive',
  'cookie' => 'opensns_OX_LOGGED_USER=WOc-ASSR%3D5duBmThg7cCd7b0ZNhcTQh%3DYpaJkdEA1pTVXbgWRv0guObyRnBJhzo%3DvtZS5GeVQhcSquDGGuGVHR%3DZfwxA%3D8kIpHdlh-VIP8gKFxY6t; PHPSESSID=q0rppv97k6am29o2a286a8ugk7; a7273_pages=1; a7273_times=2; __tins__19217273=%7B%22sid%22%3A%201515574020528%2C%20%22vd%22%3A%201%2C%20%22expires%22%3A%201515575820528%7D; __51cke__=; __51laig__=1',
  'host' => 'www.zhangheteng.com',
  'origin' => 'http://www.zhangheteng.com',
  'referer' => 'http://www.zhangheteng.com/blog/login/',
  'user-agent' => 'Mozilla/5.0 (Windows NT 6.1; Win64; x64) AppleWebKit/537.36 (KHTML, like Gecko) Chrome/63.0.3239.132 Safari/537.36',
  'x-requested-with' => 'XMLHttpRequest',
)
[ info ] [ PARAM ] array (
  'type' => '1',
  'data' => 'admin',
)
[ info ] [ RUN ] app\login\controller\Index->proving[ /data/home/qxu1141810136/htdocs/blog/application/login/controller/Index.php ]
[ info ] [ DB ] INIT mysql
[ info ] [ LOG ] INIT File
[ sql ] [ DB ] CONNECT:[ UseTime:0.004128s ] mysql:host=qdm191867626.my3w.com;port=3306;dbname=qdm191867626_db;charset=utf8
[ sql ] [ SQL ] SHOW COLUMNS FROM `summary_user` [ RunTime:0.002374s ]
[ sql ] [ SQL ] SELECT * FROM `summary_user` WHERE  `user_name` = 'admin' LIMIT 1 [ RunTime:0.001405s ]
---------------------------------------------------------------
[ 2018-01-10T16:45:24+08:00 ] 121.42.77.167 116.54.93.251 POST /blog/login/index/index.html
[ info ] www.zhangheteng.com/blog/login/index/index.html [运行时间：0.284686s][吞吐率：3.51req/s] [内存消耗：3,486.84kb] [文件加载：55]
[ info ] [ LANG ] /data/home/qxu1141810136/htdocs/blog/thinkphp/lang/zh-cn.php
[ info ] [ ROUTE ] array (
  'type' => 'module',
  'module' => 
  array (
    0 => 'login',
    1 => 'index',
    2 => 'index',
  ),
)
[ info ] [ HEADER ] array (
  'content-length' => '32',
  'content-type' => 'application/x-www-form-urlencoded; charset=UTF-8',
  'accept' => 'application/json, text/javascript, */*; q=0.01',
  'accept-encoding' => 'gzip, deflate',
  'accept-language' => 'zh-CN,zh;q=0.9',
  'connection' => 'keep-alive',
  'cookie' => 'opensns_OX_LOGGED_USER=WOc-ASSR%3D5duBmThg7cCd7b0ZNhcTQh%3DYpaJkdEA1pTVXbgWRv0guObyRnBJhzo%3DvtZS5GeVQhcSquDGGuGVHR%3DZfwxA%3D8kIpHdlh-VIP8gKFxY6t; PHPSESSID=q0rppv97k6am29o2a286a8ugk7; a7273_pages=1; a7273_times=2; __tins__19217273=%7B%22sid%22%3A%201515574020528%2C%20%22vd%22%3A%201%2C%20%22expires%22%3A%201515575820528%7D; __51cke__=; __51laig__=1',
  'host' => 'www.zhangheteng.com',
  'origin' => 'http://www.zhangheteng.com',
  'referer' => 'http://www.zhangheteng.com/blog/login/',
  'user-agent' => 'Mozilla/5.0 (Windows NT 6.1; Win64; x64) AppleWebKit/537.36 (KHTML, like Gecko) Chrome/63.0.3239.132 Safari/537.36',
  'x-requested-with' => 'XMLHttpRequest',
)
[ info ] [ PARAM ] array (
  'user_name' => 'admin',
  'pass_word' => '123456',
)
[ info ] [ RUN ] app\login\controller\Index->index[ /data/home/qxu1141810136/htdocs/blog/application/login/controller/Index.php ]
[ info ] [ DB ] INIT mysql
[ info ] [ SESSION ] INIT array (
  'id' => '',
  'var_session_id' => '',
  'prefix' => 'think',
  'type' => '',
  'auto_start' => true,
  'SESSION_EXPIRE' => 60,
)
[ info ] [ CACHE ] INIT File
[ info ] [ LOG ] INIT File
[ sql ] [ DB ] CONNECT:[ UseTime:0.003955s ] mysql:host=qdm191867626.my3w.com;port=3306;dbname=qdm191867626_db;charset=utf8
[ sql ] [ SQL ] SHOW COLUMNS FROM `summary_user` [ RunTime:0.002387s ]
[ sql ] [ SQL ] SELECT * FROM `summary_user` WHERE  `user_name` = 'admin'  AND `pass_word` = 'e10adc3949ba59abbe56e057f20f883e' LIMIT 1 [ RunTime:0.001612s ]
[ sql ] [ SQL ] SHOW COLUMNS FROM `summary_editor` [ RunTime:0.001825s ]
[ sql ] [ SQL ] SELECT * FROM `summary_editor` WHERE  `user_name` = 'admin' [ RunTime:0.010057s ]
[ sql ] [ SQL ] SHOW COLUMNS FROM `summary_follow` [ RunTime:0.001792s ]
[ sql ] [ SQL ] SELECT COUNT(*) AS tp_count FROM `summary_follow` WHERE  `floow_who` = 1 LIMIT 1 [ RunTime:0.001239s ]
[ sql ] [ SQL ] SELECT COUNT(*) AS tp_count FROM `summary_follow` WHERE  `who_floow` = 1 LIMIT 1 [ RunTime:0.001169s ]
[ sql ] [ SQL ] UPDATE `summary_user`  SET `land`=170,`ip_next`='116.54.93.251',`login_time`=1515573923,`experience`=11  WHERE  `id` = 1 [ RunTime:0.211676s ]
---------------------------------------------------------------
[ 2018-01-10T16:45:26+08:00 ] 121.42.77.167 116.54.93.251 GET /blog/index/user/chart
[ info ] www.zhangheteng.com/blog/index/user/chart [运行时间：0.033928s][吞吐率：29.47req/s] [内存消耗：2,336.90kb] [文件加载：46]
[ info ] [ LANG ] /data/home/qxu1141810136/htdocs/blog/thinkphp/lang/zh-cn.php
[ info ] [ ROUTE ] array (
  'type' => 'module',
  'module' => 
  array (
    0 => 'index',
    1 => 'user',
    2 => 'chart',
  ),
)
[ info ] [ HEADER ] array (
  'accept' => 'text/html,application/xhtml+xml,application/xml;q=0.9,image/webp,image/apng,*/*;q=0.8',
  'accept-encoding' => 'gzip, deflate',
  'accept-language' => 'zh-CN,zh;q=0.9',
  'connection' => 'keep-alive',
  'cookie' => 'opensns_OX_LOGGED_USER=WOc-ASSR%3D5duBmThg7cCd7b0ZNhcTQh%3DYpaJkdEA1pTVXbgWRv0guObyRnBJhzo%3DvtZS5GeVQhcSquDGGuGVHR%3DZfwxA%3D8kIpHdlh-VIP8gKFxY6t; PHPSESSID=q0rppv97k6am29o2a286a8ugk7; a7273_pages=1; a7273_times=2; __tins__19217273=%7B%22sid%22%3A%201515574020528%2C%20%22vd%22%3A%201%2C%20%22expires%22%3A%201515575820528%7D; __51cke__=; __51laig__=1',
  'host' => 'www.zhangheteng.com',
  'referer' => 'http://www.zhangheteng.com/blog/login/',
  'upgrade-insecure-requests' => '1',
  'user-agent' => 'Mozilla/5.0 (Windows NT 6.1; Win64; x64) AppleWebKit/537.36 (KHTML, like Gecko) Chrome/63.0.3239.132 Safari/537.36',
)
[ info ] [ PARAM ] array (
)
[ info ] [ RUN ] app\index\controller\User->chart[ /data/home/qxu1141810136/htdocs/blog/application/index/controller/User.php ]
[ info ] [ VIEW ] /data/home/qxu1141810136/htdocs/blog/application/index/view/user/chart.html [ array (
) ]
[ info ] [ SESSION ] INIT array (
  'id' => '',
  'var_session_id' => '',
  'prefix' => 'think',
  'type' => '',
  'auto_start' => true,
  'SESSION_EXPIRE' => 60,
)
[ info ] [ LOG ] INIT File
---------------------------------------------------------------
[ 2018-01-10T16:45:34+08:00 ] 121.42.77.167 116.54.93.251 POST /blog/index/user/chart
[ info ] www.zhangheteng.com/blog/index/user/chart [运行时间：0.051916s][吞吐率：19.26req/s] [内存消耗：3,282.59kb] [文件加载：52]
[ info ] [ LANG ] /data/home/qxu1141810136/htdocs/blog/thinkphp/lang/zh-cn.php
[ info ] [ ROUTE ] array (
  'type' => 'module',
  'module' => 
  array (
    0 => 'index',
    1 => 'user',
    2 => 'chart',
  ),
)
[ info ] [ HEADER ] array (
  'content-length' => '0',
  'accept' => 'application/json, text/javascript, */*; q=0.01',
  'accept-encoding' => 'gzip, deflate',
  'accept-language' => 'zh-CN,zh;q=0.9',
  'connection' => 'keep-alive',
  'cookie' => 'opensns_OX_LOGGED_USER=WOc-ASSR%3D5duBmThg7cCd7b0ZNhcTQh%3DYpaJkdEA1pTVXbgWRv0guObyRnBJhzo%3DvtZS5GeVQhcSquDGGuGVHR%3DZfwxA%3D8kIpHdlh-VIP8gKFxY6t; PHPSESSID=q0rppv97k6am29o2a286a8ugk7; a7273_times=2; __51cke__=; a7273_pages=2; __tins__19217273=%7B%22sid%22%3A%201515574020528%2C%20%22vd%22%3A%202%2C%20%22expires%22%3A%201515575833963%7D; __51laig__=2',
  'host' => 'www.zhangheteng.com',
  'origin' => 'http://www.zhangheteng.com',
  'referer' => 'http://www.zhangheteng.com/blog/index/user/chart',
  'user-agent' => 'Mozilla/5.0 (Windows NT 6.1; Win64; x64) AppleWebKit/537.36 (KHTML, like Gecko) Chrome/63.0.3239.132 Safari/537.36',
  'x-requested-with' => 'XMLHttpRequest',
)
[ info ] [ PARAM ] array (
)
[ info ] [ RUN ] app\index\controller\User->chart[ /data/home/qxu1141810136/htdocs/blog/application/index/controller/User.php ]
[ info ] [ DB ] INIT mysql
[ info ] [ LOG ] INIT File
[ sql ] [ DB ] CONNECT:[ UseTime:0.004059s ] mysql:host=qdm191867626.my3w.com;port=3306;dbname=qdm191867626_db;charset=utf8
[ sql ] [ SQL ] SHOW COLUMNS FROM `summary_look` [ RunTime:0.002010s ]
[ sql ] [ SQL ] SELECT * FROM `summary_look` [ RunTime:0.002118s ]
---------------------------------------------------------------
[ 2018-01-10T16:53:24+08:00 ] 121.42.77.167 116.54.93.251 POST /blog/index/user/chart
[ info ] www.zhangheteng.com/blog/index/user/chart [运行时间：0.052783s][吞吐率：18.95req/s] [内存消耗：3,282.59kb] [文件加载：52]
[ info ] [ LANG ] /data/home/qxu1141810136/htdocs/blog/thinkphp/lang/zh-cn.php
[ info ] [ ROUTE ] array (
  'type' => 'module',
  'module' => 
  array (
    0 => 'index',
    1 => 'user',
    2 => 'chart',
  ),
)
[ info ] [ HEADER ] array (
  'content-length' => '0',
  'accept' => 'application/json, text/javascript, */*; q=0.01',
  'accept-encoding' => 'gzip, deflate',
  'accept-language' => 'zh-CN,zh;q=0.9',
  'connection' => 'keep-alive',
  'cookie' => 'opensns_OX_LOGGED_USER=WOc-ASSR%3D5duBmThg7cCd7b0ZNhcTQh%3DYpaJkdEA1pTVXbgWRv0guObyRnBJhzo%3DvtZS5GeVQhcSquDGGuGVHR%3DZfwxA%3D8kIpHdlh-VIP8gKFxY6t; PHPSESSID=q0rppv97k6am29o2a286a8ugk7; a7273_times=2; __51cke__=; a7273_pages=2; __tins__19217273=%7B%22sid%22%3A%201515574020528%2C%20%22vd%22%3A%202%2C%20%22expires%22%3A%201515575833963%7D; __51laig__=2',
  'host' => 'www.zhangheteng.com',
  'origin' => 'http://www.zhangheteng.com',
  'referer' => 'http://www.zhangheteng.com/blog/index/user/chart',
  'user-agent' => 'Mozilla/5.0 (Windows NT 6.1; Win64; x64) AppleWebKit/537.36 (KHTML, like Gecko) Chrome/63.0.3239.132 Safari/537.36',
  'x-requested-with' => 'XMLHttpRequest',
)
[ info ] [ PARAM ] array (
)
[ info ] [ RUN ] app\index\controller\User->chart[ /data/home/qxu1141810136/htdocs/blog/application/index/controller/User.php ]
[ info ] [ DB ] INIT mysql
[ info ] [ LOG ] INIT File
[ sql ] [ DB ] CONNECT:[ UseTime:0.003862s ] mysql:host=qdm191867626.my3w.com;port=3306;dbname=qdm191867626_db;charset=utf8
[ sql ] [ SQL ] SHOW COLUMNS FROM `summary_look` [ RunTime:0.001992s ]
[ sql ] [ SQL ] SELECT * FROM `summary_look` [ RunTime:0.001948s ]
---------------------------------------------------------------
[ 2018-01-10T16:53:48+08:00 ] 121.42.77.167 116.54.93.251 POST /blog/index/user/chart
[ info ] www.zhangheteng.com/blog/index/user/chart [运行时间：0.051097s][吞吐率：19.57req/s] [内存消耗：3,282.59kb] [文件加载：52]
[ info ] [ LANG ] /data/home/qxu1141810136/htdocs/blog/thinkphp/lang/zh-cn.php
[ info ] [ ROUTE ] array (
  'type' => 'module',
  'module' => 
  array (
    0 => 'index',
    1 => 'user',
    2 => 'chart',
  ),
)
[ info ] [ HEADER ] array (
  'content-length' => '0',
  'accept' => 'application/json, text/javascript, */*; q=0.01',
  'accept-encoding' => 'gzip, deflate',
  'accept-language' => 'zh-CN,zh;q=0.9',
  'connection' => 'keep-alive',
  'cookie' => 'opensns_OX_LOGGED_USER=WOc-ASSR%3D5duBmThg7cCd7b0ZNhcTQh%3DYpaJkdEA1pTVXbgWRv0guObyRnBJhzo%3DvtZS5GeVQhcSquDGGuGVHR%3DZfwxA%3D8kIpHdlh-VIP8gKFxY6t; PHPSESSID=q0rppv97k6am29o2a286a8ugk7; a7273_times=2; __51cke__=; a7273_pages=2; __tins__19217273=%7B%22sid%22%3A%201515574020528%2C%20%22vd%22%3A%202%2C%20%22expires%22%3A%201515575833963%7D; __51laig__=2',
  'host' => 'www.zhangheteng.com',
  'origin' => 'http://www.zhangheteng.com',
  'referer' => 'http://www.zhangheteng.com/blog/index/user/chart',
  'user-agent' => 'Mozilla/5.0 (Windows NT 6.1; Win64; x64) AppleWebKit/537.36 (KHTML, like Gecko) Chrome/63.0.3239.132 Safari/537.36',
  'x-requested-with' => 'XMLHttpRequest',
)
[ info ] [ PARAM ] array (
)
[ info ] [ RUN ] app\index\controller\User->chart[ /data/home/qxu1141810136/htdocs/blog/application/index/controller/User.php ]
[ info ] [ DB ] INIT mysql
[ info ] [ LOG ] INIT File
[ sql ] [ DB ] CONNECT:[ UseTime:0.004246s ] mysql:host=qdm191867626.my3w.com;port=3306;dbname=qdm191867626_db;charset=utf8
[ sql ] [ SQL ] SHOW COLUMNS FROM `summary_look` [ RunTime:0.001968s ]
[ sql ] [ SQL ] SELECT * FROM `summary_look` [ RunTime:0.002068s ]
