---------------------------------------------------------------
[ 2018-01-31T17:32:15+08:00 ] 121.42.77.167 157.55.39.237 GET /blog/home/editor/article_list/sign/20
[ info ] www.zhangheteng.com/blog/home/editor/article_list/sign/20 [运行时间：0.104093s][吞吐率：9.61req/s] [内存消耗：3,444.45kb] [文件加载：56]
[ info ] [ LANG ] /data/home/qxu1141810136/htdocs/blog/thinkphp/lang/zh-cn.php
[ info ] [ ROUTE ] array (
  'type' => 'module',
  'module' => 
  array (
    0 => 'home',
    1 => 'editor',
    2 => 'article_list',
  ),
)
[ info ] [ HEADER ] array (
  'accept' => '*/*',
  'accept-encoding' => 'gzip, deflate',
  'cache-control' => 'no-cache',
  'connection' => 'Keep-Alive',
  'host' => 'www.zhangheteng.com',
  'pragma' => 'no-cache',
  'user-agent' => 'Mozilla/5.0 (compatible; bingbot/2.0; +http://www.bing.com/bingbot.htm)',
)
[ info ] [ PARAM ] array (
  'sign' => '20',
)
[ info ] [ RUN ] app\home\controller\Editor->article_list[ /data/home/qxu1141810136/htdocs/blog/application/home/controller/Editor.php ]
[ info ] [ DB ] INIT mysql
[ info ] [ CACHE ] INIT File
[ info ] [ VIEW ] /data/home/qxu1141810136/htdocs/blog/application/home/view/editor/article_list.html [ array (
  0 => 'list',
) ]
[ info ] [ LOG ] INIT File
[ sql ] [ DB ] CONNECT:[ UseTime:0.003955s ] mysql:host=qdm191867626.my3w.com;port=3306;dbname=qdm191867626_db;charset=utf8
[ sql ] [ SQL ] SHOW COLUMNS FROM `summary_editor` [ RunTime:0.002162s ]
[ sql ] [ SQL ] SELECT * FROM `summary_editor` WHERE  `id` = 20 LIMIT 1 [ RunTime:0.002984s ]
[ sql ] [ SQL ] UPDATE `summary_editor`  SET `page_view`=240  WHERE  `id` = 20 [ RunTime:0.026049s ]
---------------------------------------------------------------
[ 2018-01-31T17:32:16+08:00 ] 121.42.77.167 157.55.39.237 GET /blog/home/editor/article_list/sign/20
[ info ] www.zhangheteng.com/blog/home/editor/article_list/sign/20 [运行时间：0.061975s][吞吐率：16.14req/s] [内存消耗：3,444.46kb] [文件加载：56]
[ info ] [ LANG ] /data/home/qxu1141810136/htdocs/blog/thinkphp/lang/zh-cn.php
[ info ] [ ROUTE ] array (
  'type' => 'module',
  'module' => 
  array (
    0 => 'home',
    1 => 'editor',
    2 => 'article_list',
  ),
)
[ info ] [ HEADER ] array (
  'accept' => '*/*',
  'accept-encoding' => 'gzip, deflate',
  'cache-control' => 'no-cache',
  'connection' => 'Keep-Alive',
  'host' => 'www.zhangheteng.com',
  'pragma' => 'no-cache',
  'user-agent' => 'Mozilla/5.0 (compatible; bingbot/2.0; +http://www.bing.com/bingbot.htm)',
)
[ info ] [ PARAM ] array (
  'sign' => '20',
)
[ info ] [ RUN ] app\home\controller\Editor->article_list[ /data/home/qxu1141810136/htdocs/blog/application/home/controller/Editor.php ]
[ info ] [ DB ] INIT mysql
[ info ] [ CACHE ] INIT File
[ info ] [ VIEW ] /data/home/qxu1141810136/htdocs/blog/application/home/view/editor/article_list.html [ array (
  0 => 'list',
) ]
[ info ] [ LOG ] INIT File
[ sql ] [ DB ] CONNECT:[ UseTime:0.004098s ] mysql:host=qdm191867626.my3w.com;port=3306;dbname=qdm191867626_db;charset=utf8
[ sql ] [ SQL ] SHOW COLUMNS FROM `summary_editor` [ RunTime:0.002101s ]
[ sql ] [ SQL ] SELECT * FROM `summary_editor` WHERE  `id` = 20 LIMIT 1 [ RunTime:0.002199s ]
[ sql ] [ SQL ] UPDATE `summary_editor`  SET `page_view`=241  WHERE  `id` = 20 [ RunTime:0.006506s ]
