---------------------------------------------------------------
[ 2017-11-09T15:10:27+08:00 ] 121.42.77.167 116.54.93.251 GET /blog/
[ info ] www.zhangheteng.com/blog/ [运行时间：0.034108s][吞吐率：29.32req/s] [内存消耗：2,254.97kb] [文件加载：46]
[ info ] [ LANG ] /data/home/qxu1141810136/htdocs/blog/thinkphp/lang/zh-cn.php
[ info ] [ ROUTE ] array (
  'type' => 'module',
  'module' => 
  array (
    0 => '',
    1 => NULL,
    2 => NULL,
  ),
)
[ info ] [ HEADER ] array (
  'accept' => 'text/html,application/xhtml+xml,application/xml;q=0.9,image/webp,image/apng,*/*;q=0.8',
  'accept-encoding' => 'gzip, deflate',
  'accept-language' => 'zh-CN,zh;q=0.8',
  'connection' => 'keep-alive',
  'cookie' => 'UM_distinctid=15ebbf818f3575-0a7ef7cf74138c-1781c36-144000-15ebbf818f448a; CNZZDATA5791305=cnzz_eid%3D1947250497-1506391295-http%253A%252F%252Fwww.zhangheteng.com%252F%26ntime%3D1506391295; bdshare_firstime=1506392181003; a7273_times=4; Hm_lvt_080836300300be57b7f34f4b3e97d911=1509961721,1510018002',
  'host' => 'www.zhangheteng.com',
  'upgrade-insecure-requests' => '1',
  'user-agent' => 'Mozilla/5.0 (Windows NT 10.0; Win64; x64) AppleWebKit/537.36 (KHTML, like Gecko) Chrome/61.0.3163.100 Safari/537.36',
)
[ info ] [ PARAM ] array (
)
[ info ] [ RUN ] app\index\controller\Index->index[ /data/home/qxu1141810136/htdocs/blog/application/index/controller/Index.php ]
[ info ] [ VIEW ] /data/home/qxu1141810136/htdocs/blog/application/index/view/index/index.html [ array (
) ]
[ info ] [ LOG ] INIT File
---------------------------------------------------------------
[ 2017-11-09T15:10:34+08:00 ] 121.42.77.167 116.54.93.251 GET /blog/home
[ info ] www.zhangheteng.com/blog/home [运行时间：0.035609s][吞吐率：28.08req/s] [内存消耗：2,310.76kb] [文件加载：44]
[ info ] [ LANG ] /data/home/qxu1141810136/htdocs/blog/thinkphp/lang/zh-cn.php
[ info ] [ ROUTE ] array (
  'type' => 'module',
  'module' => 
  array (
    0 => 'home',
    1 => NULL,
    2 => NULL,
  ),
)
[ info ] [ HEADER ] array (
  'accept' => 'text/html,application/xhtml+xml,application/xml;q=0.9,image/webp,image/apng,*/*;q=0.8',
  'accept-encoding' => 'gzip, deflate',
  'accept-language' => 'zh-CN,zh;q=0.8',
  'connection' => 'keep-alive',
  'cookie' => 'UM_distinctid=15ebbf818f3575-0a7ef7cf74138c-1781c36-144000-15ebbf818f448a; CNZZDATA5791305=cnzz_eid%3D1947250497-1506391295-http%253A%252F%252Fwww.zhangheteng.com%252F%26ntime%3D1506391295; bdshare_firstime=1506392181003; Hm_lvt_080836300300be57b7f34f4b3e97d911=1509961721,1510018002; a7273_pages=1; a7273_times=5',
  'host' => 'www.zhangheteng.com',
  'upgrade-insecure-requests' => '1',
  'user-agent' => 'Mozilla/5.0 (Windows NT 10.0; Win64; x64) AppleWebKit/537.36 (KHTML, like Gecko) Chrome/61.0.3163.100 Safari/537.36',
)
[ info ] [ PARAM ] array (
)
[ info ] [ RUN ] app\home\controller\Index->index[ /data/home/qxu1141810136/htdocs/blog/application/home/controller/Index.php ]
[ info ] [ SESSION ] INIT array (
  'id' => '',
  'var_session_id' => '',
  'prefix' => 'think',
  'type' => '',
  'auto_start' => true,
  'SESSION_EXPIRE' => 60,
)
[ info ] [ LOG ] INIT File
---------------------------------------------------------------
[ 2017-11-09T15:10:34+08:00 ] 121.42.77.167 116.54.93.251 GET /blog/login.html
[ info ] www.zhangheteng.com/blog/login.html [运行时间：0.035177s][吞吐率：28.43req/s] [内存消耗：2,435.12kb] [文件加载：47]
[ info ] [ LANG ] /data/home/qxu1141810136/htdocs/blog/thinkphp/lang/zh-cn.php
[ info ] [ ROUTE ] array (
  'type' => 'module',
  'module' => 
  array (
    0 => 'login',
    1 => NULL,
    2 => NULL,
  ),
)
[ info ] [ HEADER ] array (
  'accept' => 'text/html,application/xhtml+xml,application/xml;q=0.9,image/webp,image/apng,*/*;q=0.8',
  'accept-encoding' => 'gzip, deflate',
  'accept-language' => 'zh-CN,zh;q=0.8',
  'connection' => 'keep-alive',
  'cookie' => 'UM_distinctid=15ebbf818f3575-0a7ef7cf74138c-1781c36-144000-15ebbf818f448a; CNZZDATA5791305=cnzz_eid%3D1947250497-1506391295-http%253A%252F%252Fwww.zhangheteng.com%252F%26ntime%3D1506391295; bdshare_firstime=1506392181003; Hm_lvt_080836300300be57b7f34f4b3e97d911=1509961721,1510018002; a7273_pages=1; a7273_times=5; PHPSESSID=fc0s8r460744mn2t36n3qhqep2',
  'host' => 'www.zhangheteng.com',
  'upgrade-insecure-requests' => '1',
  'user-agent' => 'Mozilla/5.0 (Windows NT 10.0; Win64; x64) AppleWebKit/537.36 (KHTML, like Gecko) Chrome/61.0.3163.100 Safari/537.36',
)
[ info ] [ PARAM ] array (
)
[ info ] [ RUN ] app\login\controller\Index->index[ /data/home/qxu1141810136/htdocs/blog/application/login/controller/Index.php ]
[ info ] [ VIEW ] /data/home/qxu1141810136/htdocs/blog/application/login/view/index/index.html [ array (
) ]
[ info ] [ LOG ] INIT File
---------------------------------------------------------------
[ 2017-11-09T15:10:34+08:00 ] 121.42.77.167 116.54.93.251 POST /blog/login/index/proving.html
[ info ] www.zhangheteng.com/blog/login/index/proving.html [运行时间：0.080991s][吞吐率：12.35req/s] [内存消耗：3,304.90kb] [文件加载：52]
[ info ] [ LANG ] /data/home/qxu1141810136/htdocs/blog/thinkphp/lang/zh-cn.php
[ info ] [ ROUTE ] array (
  'type' => 'module',
  'module' => 
  array (
    0 => 'login',
    1 => 'index',
    2 => 'proving',
  ),
)
[ info ] [ HEADER ] array (
  'content-length' => '19',
  'content-type' => 'application/x-www-form-urlencoded; charset=UTF-8',
  'accept' => 'application/json, text/javascript, */*; q=0.01',
  'accept-encoding' => 'gzip, deflate',
  'accept-language' => 'zh-CN,zh;q=0.8',
  'connection' => 'keep-alive',
  'cookie' => 'UM_distinctid=15ebbf818f3575-0a7ef7cf74138c-1781c36-144000-15ebbf818f448a; CNZZDATA5791305=cnzz_eid%3D1947250497-1506391295-http%253A%252F%252Fwww.zhangheteng.com%252F%26ntime%3D1506391295; bdshare_firstime=1506392181003; Hm_lvt_080836300300be57b7f34f4b3e97d911=1509961721,1510018002; a7273_pages=1; a7273_times=5; PHPSESSID=fc0s8r460744mn2t36n3qhqep2',
  'host' => 'www.zhangheteng.com',
  'origin' => 'http://www.zhangheteng.com',
  'referer' => 'http://www.zhangheteng.com/blog/login.html',
  'user-agent' => 'Mozilla/5.0 (Windows NT 10.0; Win64; x64) AppleWebKit/537.36 (KHTML, like Gecko) Chrome/61.0.3163.100 Safari/537.36',
  'x-requested-with' => 'XMLHttpRequest',
)
[ info ] [ PARAM ] array (
  'type' => '1',
  'data' => 'zhanght',
)
[ info ] [ RUN ] app\login\controller\Index->proving[ /data/home/qxu1141810136/htdocs/blog/application/login/controller/Index.php ]
[ info ] [ DB ] INIT mysql
[ info ] [ LOG ] INIT File
[ sql ] [ DB ] CONNECT:[ UseTime:0.029550s ] mysql:host=qdm191867626.my3w.com;port=3306;dbname=qdm191867626_db;charset=utf8
[ sql ] [ SQL ] SHOW COLUMNS FROM `summary_user` [ RunTime:0.002324s ]
[ sql ] [ SQL ] SELECT * FROM `summary_user` WHERE  `user_name` = 'zhanght' LIMIT 1 [ RunTime:0.001761s ]
---------------------------------------------------------------
[ 2017-11-09T15:10:34+08:00 ] 121.42.77.167 116.54.93.251 POST /blog/login/index/proving.html
[ info ] www.zhangheteng.com/blog/login/index/proving.html [运行时间：0.081922s][吞吐率：12.21req/s] [内存消耗：3,304.90kb] [文件加载：52]
[ info ] [ LANG ] /data/home/qxu1141810136/htdocs/blog/thinkphp/lang/zh-cn.php
[ info ] [ ROUTE ] array (
  'type' => 'module',
  'module' => 
  array (
    0 => 'login',
    1 => 'index',
    2 => 'proving',
  ),
)
[ info ] [ HEADER ] array (
  'content-length' => '19',
  'content-type' => 'application/x-www-form-urlencoded; charset=UTF-8',
  'accept' => 'application/json, text/javascript, */*; q=0.01',
  'accept-encoding' => 'gzip, deflate',
  'accept-language' => 'zh-CN,zh;q=0.8',
  'connection' => 'keep-alive',
  'cookie' => 'UM_distinctid=15ebbf818f3575-0a7ef7cf74138c-1781c36-144000-15ebbf818f448a; CNZZDATA5791305=cnzz_eid%3D1947250497-1506391295-http%253A%252F%252Fwww.zhangheteng.com%252F%26ntime%3D1506391295; bdshare_firstime=1506392181003; Hm_lvt_080836300300be57b7f34f4b3e97d911=1509961721,1510018002; a7273_pages=1; a7273_times=5; PHPSESSID=fc0s8r460744mn2t36n3qhqep2',
  'host' => 'www.zhangheteng.com',
  'origin' => 'http://www.zhangheteng.com',
  'referer' => 'http://www.zhangheteng.com/blog/login.html',
  'user-agent' => 'Mozilla/5.0 (Windows NT 10.0; Win64; x64) AppleWebKit/537.36 (KHTML, like Gecko) Chrome/61.0.3163.100 Safari/537.36',
  'x-requested-with' => 'XMLHttpRequest',
)
[ info ] [ PARAM ] array (
  'type' => '1',
  'data' => 'zhanght',
)
[ info ] [ RUN ] app\login\controller\Index->proving[ /data/home/qxu1141810136/htdocs/blog/application/login/controller/Index.php ]
[ info ] [ DB ] INIT mysql
[ info ] [ LOG ] INIT File
[ sql ] [ DB ] CONNECT:[ UseTime:0.030400s ] mysql:host=qdm191867626.my3w.com;port=3306;dbname=qdm191867626_db;charset=utf8
[ sql ] [ SQL ] SHOW COLUMNS FROM `summary_user` [ RunTime:0.002137s ]
[ sql ] [ SQL ] SELECT * FROM `summary_user` WHERE  `user_name` = 'zhanght' LIMIT 1 [ RunTime:0.002179s ]
---------------------------------------------------------------
[ 2017-11-09T15:11:02+08:00 ] 121.42.77.167 116.54.93.251 POST /blog/login/index/index.html
[ info ] www.zhangheteng.com/blog/login/index/index.html [运行时间：0.080745s][吞吐率：12.38req/s] [内存消耗：3,422.85kb] [文件加载：55]
[ info ] [ LANG ] /data/home/qxu1141810136/htdocs/blog/thinkphp/lang/zh-cn.php
[ info ] [ ROUTE ] array (
  'type' => 'module',
  'module' => 
  array (
    0 => 'login',
    1 => 'index',
    2 => 'index',
  ),
)
[ info ] [ HEADER ] array (
  'content-length' => '44',
  'content-type' => 'application/x-www-form-urlencoded; charset=UTF-8',
  'accept' => 'application/json, text/javascript, */*; q=0.01',
  'accept-encoding' => 'gzip, deflate',
  'accept-language' => 'zh-CN,zh;q=0.8',
  'connection' => 'keep-alive',
  'cookie' => 'UM_distinctid=15ebbf818f3575-0a7ef7cf74138c-1781c36-144000-15ebbf818f448a; CNZZDATA5791305=cnzz_eid%3D1947250497-1506391295-http%253A%252F%252Fwww.zhangheteng.com%252F%26ntime%3D1506391295; bdshare_firstime=1506392181003; Hm_lvt_080836300300be57b7f34f4b3e97d911=1509961721,1510018002; a7273_pages=1; a7273_times=5; PHPSESSID=fc0s8r460744mn2t36n3qhqep2',
  'host' => 'www.zhangheteng.com',
  'origin' => 'http://www.zhangheteng.com',
  'referer' => 'http://www.zhangheteng.com/blog/login.html',
  'user-agent' => 'Mozilla/5.0 (Windows NT 10.0; Win64; x64) AppleWebKit/537.36 (KHTML, like Gecko) Chrome/61.0.3163.100 Safari/537.36',
  'x-requested-with' => 'XMLHttpRequest',
)
[ info ] [ PARAM ] array (
  'user_name' => 'zhanght',
  'pass_word' => 'zhang13759427003',
)
[ info ] [ RUN ] app\login\controller\Index->index[ /data/home/qxu1141810136/htdocs/blog/application/login/controller/Index.php ]
[ info ] [ DB ] INIT mysql
[ info ] [ SESSION ] INIT array (
  'id' => '',
  'var_session_id' => '',
  'prefix' => 'think',
  'type' => '',
  'auto_start' => true,
  'SESSION_EXPIRE' => 60,
)
[ info ] [ CACHE ] INIT File
[ info ] [ LOG ] INIT File
[ sql ] [ DB ] CONNECT:[ UseTime:0.004101s ] mysql:host=qdm191867626.my3w.com;port=3306;dbname=qdm191867626_db;charset=utf8
[ sql ] [ SQL ] SHOW COLUMNS FROM `summary_user` [ RunTime:0.002143s ]
[ sql ] [ SQL ] SELECT * FROM `summary_user` WHERE  `user_name` = 'zhanght'  AND `pass_word` = '234d329c10672128cb194ea63b4e4d50' LIMIT 1 [ RunTime:0.001467s ]
[ sql ] [ SQL ] UPDATE `summary_user`  SET `land`=5,`ip_next`='116.54.93.251',`login_time`=1510211462  WHERE  `id` = 30 [ RunTime:0.024830s ]
---------------------------------------------------------------
[ 2017-11-09T15:11:04+08:00 ] 121.42.77.167 116.54.93.251 GET /blog/home
[ info ] www.zhangheteng.com/blog/home [运行时间：0.064608s][吞吐率：15.48req/s] [内存消耗：3,379.11kb] [文件加载：54]
[ info ] [ LANG ] /data/home/qxu1141810136/htdocs/blog/thinkphp/lang/zh-cn.php
[ info ] [ ROUTE ] array (
  'type' => 'module',
  'module' => 
  array (
    0 => 'home',
    1 => NULL,
    2 => NULL,
  ),
)
[ info ] [ HEADER ] array (
  'accept' => 'text/html,application/xhtml+xml,application/xml;q=0.9,image/webp,image/apng,*/*;q=0.8',
  'accept-encoding' => 'gzip, deflate',
  'accept-language' => 'zh-CN,zh;q=0.8',
  'connection' => 'keep-alive',
  'cookie' => 'UM_distinctid=15ebbf818f3575-0a7ef7cf74138c-1781c36-144000-15ebbf818f448a; CNZZDATA5791305=cnzz_eid%3D1947250497-1506391295-http%253A%252F%252Fwww.zhangheteng.com%252F%26ntime%3D1506391295; bdshare_firstime=1506392181003; Hm_lvt_080836300300be57b7f34f4b3e97d911=1509961721,1510018002; a7273_pages=1; a7273_times=5; PHPSESSID=fc0s8r460744mn2t36n3qhqep2',
  'host' => 'www.zhangheteng.com',
  'referer' => 'http://www.zhangheteng.com/blog/login.html',
  'upgrade-insecure-requests' => '1',
  'user-agent' => 'Mozilla/5.0 (Windows NT 10.0; Win64; x64) AppleWebKit/537.36 (KHTML, like Gecko) Chrome/61.0.3163.100 Safari/537.36',
)
[ info ] [ PARAM ] array (
)
[ info ] [ RUN ] app\home\controller\Index->index[ /data/home/qxu1141810136/htdocs/blog/application/home/controller/Index.php ]
[ info ] [ SESSION ] INIT array (
  'id' => '',
  'var_session_id' => '',
  'prefix' => 'think',
  'type' => '',
  'auto_start' => true,
  'SESSION_EXPIRE' => 60,
)
[ info ] [ DB ] INIT mysql
[ info ] [ VIEW ] /data/home/qxu1141810136/htdocs/blog/application/home/view/index/index.html [ array (
  0 => 'data_menu',
  1 => 'theme',
) ]
[ info ] [ LOG ] INIT File
[ sql ] [ DB ] CONNECT:[ UseTime:0.004086s ] mysql:host=qdm191867626.my3w.com;port=3306;dbname=qdm191867626_db;charset=utf8
[ sql ] [ SQL ] SHOW COLUMNS FROM `summary_menu` [ RunTime:0.006054s ]
[ sql ] [ SQL ] SELECT * FROM `summary_menu` WHERE  `pid` = 0  AND `power` = 1 [ RunTime:0.001646s ]
[ sql ] [ SQL ] SELECT * FROM `summary_menu` WHERE  `type` = 1  AND `power` = 1 ORDER BY rank asc [ RunTime:0.001333s ]
[ sql ] [ SQL ] SHOW COLUMNS FROM `summary_user` [ RunTime:0.001723s ]
[ sql ] [ SQL ] SELECT `theme`,`set_time` FROM `summary_user` WHERE  `id` = 30 LIMIT 1 [ RunTime:0.001320s ]
---------------------------------------------------------------
[ 2017-11-09T15:11:04+08:00 ] 121.42.77.167 116.54.93.251 GET /blog/home/index/welcome.html
[ info ] www.zhangheteng.com/blog/home/index/welcome.html [运行时间：0.051188s][吞吐率：19.54req/s] [内存消耗：2,302.28kb] [文件加载：46]
[ info ] [ LANG ] /data/home/qxu1141810136/htdocs/blog/thinkphp/lang/zh-cn.php
[ info ] [ ROUTE ] array (
  'type' => 'module',
  'module' => 
  array (
    0 => 'home',
    1 => 'index',
    2 => 'welcome',
  ),
)
[ info ] [ HEADER ] array (
  'accept' => 'text/html,application/xhtml+xml,application/xml;q=0.9,image/webp,image/apng,*/*;q=0.8',
  'accept-encoding' => 'gzip, deflate',
  'accept-language' => 'zh-CN,zh;q=0.8',
  'connection' => 'keep-alive',
  'cookie' => 'UM_distinctid=15ebbf818f3575-0a7ef7cf74138c-1781c36-144000-15ebbf818f448a; CNZZDATA5791305=cnzz_eid%3D1947250497-1506391295-http%253A%252F%252Fwww.zhangheteng.com%252F%26ntime%3D1506391295; bdshare_firstime=1506392181003; Hm_lvt_080836300300be57b7f34f4b3e97d911=1509961721,1510018002; a7273_pages=1; a7273_times=5; PHPSESSID=fc0s8r460744mn2t36n3qhqep2',
  'host' => 'www.zhangheteng.com',
  'referer' => 'http://www.zhangheteng.com/blog/home',
  'upgrade-insecure-requests' => '1',
  'user-agent' => 'Mozilla/5.0 (Windows NT 10.0; Win64; x64) AppleWebKit/537.36 (KHTML, like Gecko) Chrome/61.0.3163.100 Safari/537.36',
)
[ info ] [ PARAM ] array (
)
[ info ] [ RUN ] app\home\controller\Index->welcome[ /data/home/qxu1141810136/htdocs/blog/application/home/controller/Index.php ]
[ info ] [ VIEW ] /data/home/qxu1141810136/htdocs/blog/application/home/view/index/welcome.html [ array (
  0 => 'info',
) ]
[ info ] [ SESSION ] INIT array (
  'id' => '',
  'var_session_id' => '',
  'prefix' => 'think',
  'type' => '',
  'auto_start' => true,
  'SESSION_EXPIRE' => 60,
)
[ info ] [ LOG ] INIT File
---------------------------------------------------------------
[ 2017-11-09T16:00:29+08:00 ] 121.42.77.167 116.54.93.251 GET /blog/
[ info ] www.zhangheteng.com/blog/ [运行时间：0.033526s][吞吐率：29.83req/s] [内存消耗：2,255.63kb] [文件加载：46]
[ info ] [ LANG ] /data/home/qxu1141810136/htdocs/blog/thinkphp/lang/zh-cn.php
[ info ] [ ROUTE ] array (
  'type' => 'module',
  'module' => 
  array (
    0 => '',
    1 => NULL,
    2 => NULL,
  ),
)
[ info ] [ HEADER ] array (
  'accept' => 'text/html,application/xhtml+xml,application/xml;q=0.9,image/webp,image/apng,*/*;q=0.8',
  'accept-encoding' => 'gzip, deflate',
  'accept-language' => 'zh-CN,zh;q=0.8',
  'connection' => 'keep-alive',
  'cookie' => 'UM_distinctid=15ebbf818f3575-0a7ef7cf74138c-1781c36-144000-15ebbf818f448a; CNZZDATA5791305=cnzz_eid%3D1947250497-1506391295-http%253A%252F%252Fwww.zhangheteng.com%252F%26ntime%3D1506391295; bdshare_firstime=1506392181003; a7273_pages=1; a7273_times=5; PHPSESSID=fc0s8r460744mn2t36n3qhqep2; Hm_lvt_080836300300be57b7f34f4b3e97d911=1509961721,1510018002,1510211466; Hm_lpvt_080836300300be57b7f34f4b3e97d911=1510211466',
  'host' => 'www.zhangheteng.com',
  'upgrade-insecure-requests' => '1',
  'user-agent' => 'Mozilla/5.0 (Windows NT 10.0; Win64; x64) AppleWebKit/537.36 (KHTML, like Gecko) Chrome/61.0.3163.100 Safari/537.36',
)
[ info ] [ PARAM ] array (
)
[ info ] [ RUN ] app\index\controller\Index->index[ /data/home/qxu1141810136/htdocs/blog/application/index/controller/Index.php ]
[ info ] [ VIEW ] /data/home/qxu1141810136/htdocs/blog/application/index/view/index/index.html [ array (
) ]
[ info ] [ LOG ] INIT File
