---------------------------------------------------------------
[ 2017-11-25T00:19:49+08:00 ] 121.42.77.167 146.185.223.12 GET /blog/wp-includes/wlwmanifest.xml
[ info ] www.zhangheteng.com/blog/wp-includes/wlwmanifest.xml [运行时间：0.027707s][吞吐率：36.09req/s] [内存消耗：1,943.52kb] [文件加载：40]
[ info ] [ LANG ] /data/home/qxu1141810136/htdocs/blog/thinkphp/lang/zh-cn.php
[ info ] [ ROUTE ] array (
  'type' => 'module',
  'module' => 
  array (
    0 => 'wp-includes',
    1 => 'wlwmanifest.xml',
    2 => NULL,
  ),
)
[ info ] [ HEADER ] array (
  'connection' => 'keep-alive',
  'cookie' => 'PHPSESSID=vovq40r850867093mso5243675',
  'host' => 'www.zhangheteng.com',
  'keep-alive' => '300',
  'user-agent' => 'Mozilla/5.0 (Windows NT 10.0; Win64; x64) AppleWebKit/537.36 (KHTML, like Gecko) Chrome/61.0.3163.100 Safari/537.36',
)
[ info ] [ PARAM ] array (
)
[ info ] [ LOG ] INIT File
