---------------------------------------------------------------
[ 2018-02-14T08:34:28+08:00 ] 121.42.77.167 37.115.185.236 GET /blog/wp-includes/wlwmanifest.xml
[ info ] www.zhangheteng.com/blog/wp-includes/wlwmanifest.xml [运行时间：0.057015s][吞吐率：17.54req/s] [内存消耗：1,955.35kb] [文件加载：40]
[ info ] [ LANG ] /data/home/qxu1141810136/htdocs/blog/thinkphp/lang/zh-cn.php
[ info ] [ ROUTE ] array (
  'type' => 'module',
  'module' => 
  array (
    0 => 'wp-includes',
    1 => 'wlwmanifest.xml',
    2 => NULL,
  ),
)
[ info ] [ HEADER ] array (
  'accept' => 'text/html,application/xhtml+xml,application/xml;q=0.9,*/*;q=0.8',
  'accept-language' => 'en-US,en;q=0.5',
  'connection' => 'keep-alive',
  'cookie' => 'PHPSESSID=55aiks3ctm153bnqhhhb6jm1s5',
  'host' => 'www.zhangheteng.com',
  'keep-alive' => '300',
  'user-agent' => 'Mozilla/5.0 (Windows NT 10.0; Win64; x64) AppleWebKit/537.36 (KHTML, like Gecko) Chrome/63.0.3239.132 Safari/537.36',
)
[ info ] [ PARAM ] array (
)
[ info ] [ LOG ] INIT File
