---------------------------------------------------------------
[ 2018-02-28T06:40:46+08:00 ] 121.42.77.167 203.208.60.199 GET /blog/login/index/forgot.html
[ info ] www.zhangheteng.com/blog/login/index/forgot.html [运行时间：0.132782s][吞吐率：7.53req/s] [内存消耗：3,326.88kb] [文件加载：54]
[ info ] [ LANG ] /data/home/qxu1141810136/htdocs/blog/thinkphp/lang/zh-cn.php
[ info ] [ ROUTE ] array (
  'type' => 'module',
  'module' => 
  array (
    0 => 'login',
    1 => 'index',
    2 => 'forgot',
  ),
)
[ info ] [ HEADER ] array (
  'accept' => 'text/html,application/xhtml+xml,application/xml;q=0.9,*/*;q=0.8',
  'accept-encoding' => 'gzip,deflate,br',
  'connection' => 'keep-alive',
  'from' => 'googlebot(at)googlebot.com',
  'host' => 'www.zhangheteng.com',
  'user-agent' => 'Mozilla/5.0 (compatible; Googlebot/2.1; +http://www.google.com/bot.html)',
)
[ info ] [ PARAM ] array (
)
[ info ] [ RUN ] app\login\controller\Index->forgot[ /data/home/qxu1141810136/htdocs/blog/application/login/controller/Index.php ]
[ info ] [ DB ] INIT mysql
[ info ] [ LOG ] INIT File
[ error ] [8]未定义数组索引: email[/data/home/qxu1141810136/htdocs/blog/application/login/controller/Index.php:92]
---------------------------------------------------------------
[ 2018-02-28T09:06:18+08:00 ] 121.42.77.167 101.132.48.32 GET /blog/login/
[ info ] www.zhangheteng.com/blog/login/ [运行时间：0.037059s][吞吐率：26.98req/s] [内存消耗：2,472.82kb] [文件加载：47]
[ info ] [ LANG ] /data/home/qxu1141810136/htdocs/blog/thinkphp/lang/zh-cn.php
[ info ] [ ROUTE ] array (
  'type' => 'module',
  'module' => 
  array (
    0 => 'login',
    1 => NULL,
    2 => NULL,
  ),
)
[ info ] [ HEADER ] array (
  'accept' => 'text/html, image/gif, image/jpeg, *; q=.2, */*; q=.2',
  'cache-control' => 'no-cache',
  'connection' => 'keep-alive',
  'host' => 'www.zhangheteng.com',
  'pragma' => 'no-cache',
  'user-agent' => 'Mozilla/5.0 (X11; Ubuntu; Linux x86_64; rv:36.0) Gecko/20100101 Firefox/36.0',
)
[ info ] [ PARAM ] array (
)
[ info ] [ RUN ] app\login\controller\Index->index[ /data/home/qxu1141810136/htdocs/blog/application/login/controller/Index.php ]
[ info ] [ VIEW ] /data/home/qxu1141810136/htdocs/blog/application/login/view/index/index.html [ array (
  0 => 'href',
) ]
[ info ] [ LOG ] INIT File
---------------------------------------------------------------
[ 2018-02-28T10:20:50+08:00 ] 121.42.77.167 101.132.48.183 GET /blog/
[ info ] www.zhangheteng.com/blog/ [运行时间：0.083924s][吞吐率：11.92req/s] [内存消耗：3,335.88kb] [文件加载：53]
[ info ] [ LANG ] /data/home/qxu1141810136/htdocs/blog/thinkphp/lang/zh-cn.php
[ info ] [ ROUTE ] array (
  'type' => 'module',
  'module' => 
  array (
    0 => '',
    1 => NULL,
    2 => NULL,
  ),
)
[ info ] [ HEADER ] array (
  'accept' => 'text/html, image/gif, image/jpeg, *; q=.2, */*; q=.2',
  'cache-control' => 'no-cache',
  'connection' => 'keep-alive',
  'host' => 'www.zhangheteng.com',
  'pragma' => 'no-cache',
  'user-agent' => 'Mozilla/5.0 (X11; Ubuntu; Linux x86_64; rv:36.0) Gecko/20100101 Firefox/36.0',
)
[ info ] [ PARAM ] array (
)
[ info ] [ RUN ] app\index\controller\Index->index[ /data/home/qxu1141810136/htdocs/blog/application/index/controller/Index.php ]
[ info ] [ DB ] INIT mysql
[ info ] [ VIEW ] /data/home/qxu1141810136/htdocs/blog/application/index/view/index/index.html [ array (
  0 => 'banner',
  1 => 'changeTime',
  2 => 'propose',
  3 => 'new',
  4 => 'hot',
) ]
[ info ] [ SESSION ] INIT array (
  'id' => '',
  'var_session_id' => '',
  'prefix' => 'think',
  'type' => '',
  'auto_start' => true,
  'SESSION_EXPIRE' => 60,
)
[ info ] [ LOG ] INIT File
[ sql ] [ DB ] CONNECT:[ UseTime:0.025029s ] mysql:host=qdm191867626.my3w.com;port=3306;dbname=qdm191867626_db;charset=utf8
[ sql ] [ SQL ] SHOW COLUMNS FROM `summary_banner` [ RunTime:0.002394s ]
[ sql ] [ SQL ] SELECT * FROM `summary_banner` WHERE  `id` <> 1  AND `is_finish` = 1 ORDER BY sort desc [ RunTime:0.001585s ]
[ sql ] [ SQL ] SELECT `changeTime` FROM `summary_banner` WHERE  `id` = 1 LIMIT 1 [ RunTime:0.001234s ]
[ sql ] [ SQL ] SHOW COLUMNS FROM `summary_editor` [ RunTime:0.001868s ]
[ sql ] [ SQL ] SELECT `e`.`id`,`e`.`user_name`,`e`.`set_time`,`e`.`title`,`e`.`category`,`e`.`wrap`,`e`.`status`,`e`.`show`,`u`.`head_portrait` FROM `summary_editor` `e` LEFT JOIN `summary_propose` `p` ON `p`.`index_id`=`e`.`id` LEFT JOIN `summary_user` `u` ON `u`.`id`=`e`.`user_id` WHERE  `p`.`type` = 1 [ RunTime:0.001913s ]
[ sql ] [ SQL ] SELECT `e`.`id`,`e`.`user_name`,`e`.`set_time`,`e`.`title`,`e`.`category`,`e`.`wrap`,`u`.`head_portrait` FROM `summary_editor` `e` LEFT JOIN `summary_user` `u` ON `u`.`id`=`e`.`user_id` WHERE  `status` = 1 ORDER BY set_time desc LIMIT 3 [ RunTime:0.001440s ]
[ sql ] [ SQL ] SELECT `e`.`id`,`e`.`user_name`,`e`.`set_time`,`e`.`title`,`e`.`category`,`e`.`wrap`,`e`.`page_view`,`u`.`head_portrait` FROM `summary_editor` `e` LEFT JOIN `summary_user` `u` ON `u`.`id`=`e`.`user_id` WHERE  `status` = 1 ORDER BY page_view desc LIMIT 3 [ RunTime:0.001328s ]
---------------------------------------------------------------
[ 2018-02-28T10:55:50+08:00 ] 121.42.77.167 116.54.93.251 GET /blog/
[ info ] www.zhangheteng.com/blog/ [运行时间：0.074718s][吞吐率：13.38req/s] [内存消耗：3,337.29kb] [文件加载：53]
[ info ] [ LANG ] /data/home/qxu1141810136/htdocs/blog/thinkphp/lang/zh-cn.php
[ info ] [ ROUTE ] array (
  'type' => 'module',
  'module' => 
  array (
    0 => '',
    1 => NULL,
    2 => NULL,
  ),
)
[ info ] [ HEADER ] array (
  'accept' => 'text/html,application/xhtml+xml,application/xml;q=0.9,image/webp,image/apng,*/*;q=0.8',
  'accept-encoding' => 'gzip, deflate',
  'accept-language' => 'zh-CN,zh;q=0.9',
  'connection' => 'keep-alive',
  'cookie' => 'bdshare_firstime=1512720403272; opensns_OX_LOGGED_USER=NGqcrAx1ZgkopdL%3Du%3D5kUf1b6H75LIvdP9RT-qLuPgLN%3Df9EwFOtBI1pJfPN-h5jjG6MTx8N4l5A7ErTNouMzJn38ecKZjrCdy7dvcMqug6XMrMXl; Hm_lvt_080836300300be57b7f34f4b3e97d911=1519369279; a7273_times=8; Hm_lvt_244ff9d4fa95dcc8d7e59d2dfaf5b2c4=1519725167; s_fid=06935D3E83661A36-3EA7997D24CF7B2D; s_vnum_n2_us=1%7C1',
  'host' => 'www.zhangheteng.com',
  'upgrade-insecure-requests' => '1',
  'user-agent' => 'Mozilla/5.0 (Windows NT 10.0; Win64; x64) AppleWebKit/537.36 (KHTML, like Gecko) Chrome/64.0.3282.167 Safari/537.36',
)
[ info ] [ PARAM ] array (
)
[ info ] [ RUN ] app\index\controller\Index->index[ /data/home/qxu1141810136/htdocs/blog/application/index/controller/Index.php ]
[ info ] [ DB ] INIT mysql
[ info ] [ VIEW ] /data/home/qxu1141810136/htdocs/blog/application/index/view/index/index.html [ array (
  0 => 'banner',
  1 => 'changeTime',
  2 => 'propose',
  3 => 'new',
  4 => 'hot',
) ]
[ info ] [ SESSION ] INIT array (
  'id' => '',
  'var_session_id' => '',
  'prefix' => 'think',
  'type' => '',
  'auto_start' => true,
  'SESSION_EXPIRE' => 60,
)
[ info ] [ LOG ] INIT File
[ sql ] [ DB ] CONNECT:[ UseTime:0.005989s ] mysql:host=qdm191867626.my3w.com;port=3306;dbname=qdm191867626_db;charset=utf8
[ sql ] [ SQL ] SHOW COLUMNS FROM `summary_banner` [ RunTime:0.002239s ]
[ sql ] [ SQL ] SELECT * FROM `summary_banner` WHERE  `id` <> 1  AND `is_finish` = 1 ORDER BY sort desc [ RunTime:0.001536s ]
[ sql ] [ SQL ] SELECT `changeTime` FROM `summary_banner` WHERE  `id` = 1 LIMIT 1 [ RunTime:0.001208s ]
[ sql ] [ SQL ] SHOW COLUMNS FROM `summary_editor` [ RunTime:0.001816s ]
[ sql ] [ SQL ] SELECT `e`.`id`,`e`.`user_name`,`e`.`set_time`,`e`.`title`,`e`.`category`,`e`.`wrap`,`e`.`status`,`e`.`show`,`u`.`head_portrait` FROM `summary_editor` `e` LEFT JOIN `summary_propose` `p` ON `p`.`index_id`=`e`.`id` LEFT JOIN `summary_user` `u` ON `u`.`id`=`e`.`user_id` WHERE  `p`.`type` = 1 [ RunTime:0.001592s ]
[ sql ] [ SQL ] SELECT `e`.`id`,`e`.`user_name`,`e`.`set_time`,`e`.`title`,`e`.`category`,`e`.`wrap`,`u`.`head_portrait` FROM `summary_editor` `e` LEFT JOIN `summary_user` `u` ON `u`.`id`=`e`.`user_id` WHERE  `status` = 1 ORDER BY set_time desc LIMIT 3 [ RunTime:0.001465s ]
[ sql ] [ SQL ] SELECT `e`.`id`,`e`.`user_name`,`e`.`set_time`,`e`.`title`,`e`.`category`,`e`.`wrap`,`e`.`page_view`,`u`.`head_portrait` FROM `summary_editor` `e` LEFT JOIN `summary_user` `u` ON `u`.`id`=`e`.`user_id` WHERE  `status` = 1 ORDER BY page_view desc LIMIT 3 [ RunTime:0.001448s ]
---------------------------------------------------------------
[ 2018-02-28T10:55:51+08:00 ] 121.42.77.167 116.54.93.251 GET /blog/
[ info ] www.zhangheteng.com/blog/ [运行时间：0.402456s][吞吐率：2.48req/s] [内存消耗：3,337.55kb] [文件加载：53]
[ info ] [ LANG ] /data/home/qxu1141810136/htdocs/blog/thinkphp/lang/zh-cn.php
[ info ] [ ROUTE ] array (
  'type' => 'module',
  'module' => 
  array (
    0 => '',
    1 => NULL,
    2 => NULL,
  ),
)
[ info ] [ HEADER ] array (
  'accept' => 'text/html,application/xhtml+xml,application/xml;q=0.9,image/webp,image/apng,*/*;q=0.8',
  'accept-encoding' => 'gzip, deflate',
  'accept-language' => 'zh-CN,zh;q=0.9',
  'connection' => 'keep-alive',
  'cookie' => 'bdshare_firstime=1512720403272; opensns_OX_LOGGED_USER=NGqcrAx1ZgkopdL%3Du%3D5kUf1b6H75LIvdP9RT-qLuPgLN%3Df9EwFOtBI1pJfPN-h5jjG6MTx8N4l5A7ErTNouMzJn38ecKZjrCdy7dvcMqug6XMrMXl; Hm_lvt_080836300300be57b7f34f4b3e97d911=1519369279; a7273_times=8; Hm_lvt_244ff9d4fa95dcc8d7e59d2dfaf5b2c4=1519725167; s_fid=06935D3E83661A36-3EA7997D24CF7B2D; s_vnum_n2_us=1%7C1; PHPSESSID=th26g82kiq80i6tfc7nr3hevn1',
  'host' => 'www.zhangheteng.com',
  'upgrade-insecure-requests' => '1',
  'user-agent' => 'Mozilla/5.0 (Windows NT 10.0; Win64; x64) AppleWebKit/537.36 (KHTML, like Gecko) Chrome/64.0.3282.167 Safari/537.36',
)
[ info ] [ PARAM ] array (
)
[ info ] [ RUN ] app\index\controller\Index->index[ /data/home/qxu1141810136/htdocs/blog/application/index/controller/Index.php ]
[ info ] [ DB ] INIT mysql
[ info ] [ VIEW ] /data/home/qxu1141810136/htdocs/blog/application/index/view/index/index.html [ array (
  0 => 'banner',
  1 => 'changeTime',
  2 => 'propose',
  3 => 'new',
  4 => 'hot',
) ]
[ info ] [ SESSION ] INIT array (
  'id' => '',
  'var_session_id' => '',
  'prefix' => 'think',
  'type' => '',
  'auto_start' => true,
  'SESSION_EXPIRE' => 60,
)
[ info ] [ LOG ] INIT File
[ sql ] [ DB ] CONNECT:[ UseTime:0.004298s ] mysql:host=qdm191867626.my3w.com;port=3306;dbname=qdm191867626_db;charset=utf8
[ sql ] [ SQL ] SHOW COLUMNS FROM `summary_banner` [ RunTime:0.002251s ]
[ sql ] [ SQL ] SELECT * FROM `summary_banner` WHERE  `id` <> 1  AND `is_finish` = 1 ORDER BY sort desc [ RunTime:0.001510s ]
[ sql ] [ SQL ] SELECT `changeTime` FROM `summary_banner` WHERE  `id` = 1 LIMIT 1 [ RunTime:0.001418s ]
[ sql ] [ SQL ] SHOW COLUMNS FROM `summary_editor` [ RunTime:0.001976s ]
[ sql ] [ SQL ] SELECT `e`.`id`,`e`.`user_name`,`e`.`set_time`,`e`.`title`,`e`.`category`,`e`.`wrap`,`e`.`status`,`e`.`show`,`u`.`head_portrait` FROM `summary_editor` `e` LEFT JOIN `summary_propose` `p` ON `p`.`index_id`=`e`.`id` LEFT JOIN `summary_user` `u` ON `u`.`id`=`e`.`user_id` WHERE  `p`.`type` = 1 [ RunTime:0.001420s ]
[ sql ] [ SQL ] SELECT `e`.`id`,`e`.`user_name`,`e`.`set_time`,`e`.`title`,`e`.`category`,`e`.`wrap`,`u`.`head_portrait` FROM `summary_editor` `e` LEFT JOIN `summary_user` `u` ON `u`.`id`=`e`.`user_id` WHERE  `status` = 1 ORDER BY set_time desc LIMIT 3 [ RunTime:0.001410s ]
[ sql ] [ SQL ] SELECT `e`.`id`,`e`.`user_name`,`e`.`set_time`,`e`.`title`,`e`.`category`,`e`.`wrap`,`e`.`page_view`,`u`.`head_portrait` FROM `summary_editor` `e` LEFT JOIN `summary_user` `u` ON `u`.`id`=`e`.`user_id` WHERE  `status` = 1 ORDER BY page_view desc LIMIT 3 [ RunTime:0.001304s ]
---------------------------------------------------------------
[ 2018-02-28T10:55:53+08:00 ] 121.42.77.167 116.54.93.251 GET /blog/login/
[ info ] www.zhangheteng.com/blog/login/ [运行时间：0.036688s][吞吐率：27.26req/s] [内存消耗：2,477.47kb] [文件加载：47]
[ info ] [ LANG ] /data/home/qxu1141810136/htdocs/blog/thinkphp/lang/zh-cn.php
[ info ] [ ROUTE ] array (
  'type' => 'module',
  'module' => 
  array (
    0 => 'login',
    1 => NULL,
    2 => NULL,
  ),
)
[ info ] [ HEADER ] array (
  'accept' => 'text/html,application/xhtml+xml,application/xml;q=0.9,image/webp,image/apng,*/*;q=0.8',
  'accept-encoding' => 'gzip, deflate',
  'accept-language' => 'zh-CN,zh;q=0.9',
  'connection' => 'keep-alive',
  'cookie' => 'bdshare_firstime=1512720403272; opensns_OX_LOGGED_USER=NGqcrAx1ZgkopdL%3Du%3D5kUf1b6H75LIvdP9RT-qLuPgLN%3Df9EwFOtBI1pJfPN-h5jjG6MTx8N4l5A7ErTNouMzJn38ecKZjrCdy7dvcMqug6XMrMXl; Hm_lvt_080836300300be57b7f34f4b3e97d911=1519369279; Hm_lvt_244ff9d4fa95dcc8d7e59d2dfaf5b2c4=1519725167; s_fid=06935D3E83661A36-3EA7997D24CF7B2D; s_vnum_n2_us=1%7C1; PHPSESSID=th26g82kiq80i6tfc7nr3hevn1; a7273_pages=1; a7273_times=9; __tins__19217273=%7B%22sid%22%3A%201519786547329%2C%20%22vd%22%3A%201%2C%20%22expires%22%3A%201519788347329%7D; __51cke__=; __51laig__=1',
  'host' => 'www.zhangheteng.com',
  'referer' => 'http://www.zhangheteng.com/blog/',
  'upgrade-insecure-requests' => '1',
  'user-agent' => 'Mozilla/5.0 (Windows NT 10.0; Win64; x64) AppleWebKit/537.36 (KHTML, like Gecko) Chrome/64.0.3282.167 Safari/537.36',
)
[ info ] [ PARAM ] array (
)
[ info ] [ RUN ] app\login\controller\Index->index[ /data/home/qxu1141810136/htdocs/blog/application/login/controller/Index.php ]
[ info ] [ VIEW ] /data/home/qxu1141810136/htdocs/blog/application/login/view/index/index.html [ array (
  0 => 'href',
) ]
[ info ] [ LOG ] INIT File
---------------------------------------------------------------
[ 2018-02-28T10:55:53+08:00 ] 121.42.77.167 116.54.93.251 POST /blog/login/index/proving.html
[ info ] www.zhangheteng.com/blog/login/index/proving.html [运行时间：0.054595s][吞吐率：18.32req/s] [内存消耗：3,357.77kb] [文件加载：52]
[ info ] [ LANG ] /data/home/qxu1141810136/htdocs/blog/thinkphp/lang/zh-cn.php
[ info ] [ ROUTE ] array (
  'type' => 'module',
  'module' => 
  array (
    0 => 'login',
    1 => 'index',
    2 => 'proving',
  ),
)
[ info ] [ HEADER ] array (
  'content-length' => '17',
  'content-type' => 'application/x-www-form-urlencoded; charset=UTF-8',
  'accept' => 'application/json, text/javascript, */*; q=0.01',
  'accept-encoding' => 'gzip, deflate',
  'accept-language' => 'zh-CN,zh;q=0.9',
  'connection' => 'keep-alive',
  'cookie' => 'bdshare_firstime=1512720403272; opensns_OX_LOGGED_USER=NGqcrAx1ZgkopdL%3Du%3D5kUf1b6H75LIvdP9RT-qLuPgLN%3Df9EwFOtBI1pJfPN-h5jjG6MTx8N4l5A7ErTNouMzJn38ecKZjrCdy7dvcMqug6XMrMXl; Hm_lvt_080836300300be57b7f34f4b3e97d911=1519369279; Hm_lvt_244ff9d4fa95dcc8d7e59d2dfaf5b2c4=1519725167; s_fid=06935D3E83661A36-3EA7997D24CF7B2D; s_vnum_n2_us=1%7C1; PHPSESSID=th26g82kiq80i6tfc7nr3hevn1; a7273_pages=1; a7273_times=9; __tins__19217273=%7B%22sid%22%3A%201519786547329%2C%20%22vd%22%3A%201%2C%20%22expires%22%3A%201519788347329%7D; __51cke__=; __51laig__=1',
  'host' => 'www.zhangheteng.com',
  'origin' => 'http://www.zhangheteng.com',
  'referer' => 'http://www.zhangheteng.com/blog/login/',
  'user-agent' => 'Mozilla/5.0 (Windows NT 10.0; Win64; x64) AppleWebKit/537.36 (KHTML, like Gecko) Chrome/64.0.3282.167 Safari/537.36',
  'x-requested-with' => 'XMLHttpRequest',
)
[ info ] [ PARAM ] array (
  'type' => '1',
  'data' => 'admin',
)
[ info ] [ RUN ] app\login\controller\Index->proving[ /data/home/qxu1141810136/htdocs/blog/application/login/controller/Index.php ]
[ info ] [ DB ] INIT mysql
[ info ] [ LOG ] INIT File
[ sql ] [ DB ] CONNECT:[ UseTime:0.004318s ] mysql:host=qdm191867626.my3w.com;port=3306;dbname=qdm191867626_db;charset=utf8
[ sql ] [ SQL ] SHOW COLUMNS FROM `summary_user` [ RunTime:0.002433s ]
[ sql ] [ SQL ] SELECT * FROM `summary_user` WHERE  `user_name` = 'admin' LIMIT 1 [ RunTime:0.001546s ]
---------------------------------------------------------------
[ 2018-02-28T10:55:55+08:00 ] 121.42.77.167 116.54.93.251 POST /blog/login/index/index.html
[ info ] www.zhangheteng.com/blog/login/index/index.html [运行时间：0.120661s][吞吐率：8.29req/s] [内存消耗：3,487.77kb] [文件加载：55]
[ info ] [ LANG ] /data/home/qxu1141810136/htdocs/blog/thinkphp/lang/zh-cn.php
[ info ] [ ROUTE ] array (
  'type' => 'module',
  'module' => 
  array (
    0 => 'login',
    1 => 'index',
    2 => 'index',
  ),
)
[ info ] [ HEADER ] array (
  'content-length' => '32',
  'content-type' => 'application/x-www-form-urlencoded; charset=UTF-8',
  'accept' => 'application/json, text/javascript, */*; q=0.01',
  'accept-encoding' => 'gzip, deflate',
  'accept-language' => 'zh-CN,zh;q=0.9',
  'connection' => 'keep-alive',
  'cookie' => 'bdshare_firstime=1512720403272; opensns_OX_LOGGED_USER=NGqcrAx1ZgkopdL%3Du%3D5kUf1b6H75LIvdP9RT-qLuPgLN%3Df9EwFOtBI1pJfPN-h5jjG6MTx8N4l5A7ErTNouMzJn38ecKZjrCdy7dvcMqug6XMrMXl; Hm_lvt_080836300300be57b7f34f4b3e97d911=1519369279; Hm_lvt_244ff9d4fa95dcc8d7e59d2dfaf5b2c4=1519725167; s_fid=06935D3E83661A36-3EA7997D24CF7B2D; s_vnum_n2_us=1%7C1; PHPSESSID=th26g82kiq80i6tfc7nr3hevn1; a7273_pages=1; a7273_times=9; __tins__19217273=%7B%22sid%22%3A%201519786547329%2C%20%22vd%22%3A%201%2C%20%22expires%22%3A%201519788347329%7D; __51cke__=; __51laig__=1',
  'host' => 'www.zhangheteng.com',
  'origin' => 'http://www.zhangheteng.com',
  'referer' => 'http://www.zhangheteng.com/blog/login/',
  'user-agent' => 'Mozilla/5.0 (Windows NT 10.0; Win64; x64) AppleWebKit/537.36 (KHTML, like Gecko) Chrome/64.0.3282.167 Safari/537.36',
  'x-requested-with' => 'XMLHttpRequest',
)
[ info ] [ PARAM ] array (
  'user_name' => 'admin',
  'pass_word' => '123456',
)
[ info ] [ RUN ] app\login\controller\Index->index[ /data/home/qxu1141810136/htdocs/blog/application/login/controller/Index.php ]
[ info ] [ DB ] INIT mysql
[ info ] [ SESSION ] INIT array (
  'id' => '',
  'var_session_id' => '',
  'prefix' => 'think',
  'type' => '',
  'auto_start' => true,
  'SESSION_EXPIRE' => 60,
)
[ info ] [ CACHE ] INIT File
[ info ] [ LOG ] INIT File
[ sql ] [ DB ] CONNECT:[ UseTime:0.003902s ] mysql:host=qdm191867626.my3w.com;port=3306;dbname=qdm191867626_db;charset=utf8
[ sql ] [ SQL ] SHOW COLUMNS FROM `summary_user` [ RunTime:0.002397s ]
[ sql ] [ SQL ] SELECT * FROM `summary_user` WHERE  `user_name` = 'admin'  AND `pass_word` = 'e10adc3949ba59abbe56e057f20f883e' LIMIT 1 [ RunTime:0.001788s ]
[ sql ] [ SQL ] SHOW COLUMNS FROM `summary_editor` [ RunTime:0.001766s ]
[ sql ] [ SQL ] SELECT * FROM `summary_editor` WHERE  `user_name` = 'admin' [ RunTime:0.011972s ]
[ sql ] [ SQL ] SHOW COLUMNS FROM `summary_follow` [ RunTime:0.002004s ]
[ sql ] [ SQL ] SELECT COUNT(*) AS tp_count FROM `summary_follow` WHERE  `floow_who` = 1 LIMIT 1 [ RunTime:0.001192s ]
[ sql ] [ SQL ] SELECT COUNT(*) AS tp_count FROM `summary_follow` WHERE  `who_floow` = 1 LIMIT 1 [ RunTime:0.001143s ]
[ sql ] [ SQL ] UPDATE `summary_user`  SET `land`=204,`ip_next`='116.54.93.251',`login_time`=1519786555,`experience`=27  WHERE  `id` = 1 [ RunTime:0.044534s ]
---------------------------------------------------------------
[ 2018-02-28T10:55:57+08:00 ] 121.42.77.167 116.54.93.251 GET /blog/
[ info ] www.zhangheteng.com/blog/ [运行时间：0.063074s][吞吐率：15.85req/s] [内存消耗：3,341.60kb] [文件加载：53]
[ info ] [ LANG ] /data/home/qxu1141810136/htdocs/blog/thinkphp/lang/zh-cn.php
[ info ] [ ROUTE ] array (
  'type' => 'module',
  'module' => 
  array (
    0 => '',
    1 => NULL,
    2 => NULL,
  ),
)
[ info ] [ HEADER ] array (
  'accept' => 'text/html,application/xhtml+xml,application/xml;q=0.9,image/webp,image/apng,*/*;q=0.8',
  'accept-encoding' => 'gzip, deflate',
  'accept-language' => 'zh-CN,zh;q=0.9',
  'connection' => 'keep-alive',
  'cookie' => 'bdshare_firstime=1512720403272; opensns_OX_LOGGED_USER=NGqcrAx1ZgkopdL%3Du%3D5kUf1b6H75LIvdP9RT-qLuPgLN%3Df9EwFOtBI1pJfPN-h5jjG6MTx8N4l5A7ErTNouMzJn38ecKZjrCdy7dvcMqug6XMrMXl; Hm_lvt_080836300300be57b7f34f4b3e97d911=1519369279; Hm_lvt_244ff9d4fa95dcc8d7e59d2dfaf5b2c4=1519725167; s_fid=06935D3E83661A36-3EA7997D24CF7B2D; s_vnum_n2_us=1%7C1; PHPSESSID=th26g82kiq80i6tfc7nr3hevn1; a7273_pages=1; a7273_times=9; __tins__19217273=%7B%22sid%22%3A%201519786547329%2C%20%22vd%22%3A%201%2C%20%22expires%22%3A%201519788347329%7D; __51cke__=; __51laig__=1',
  'host' => 'www.zhangheteng.com',
  'referer' => 'http://www.zhangheteng.com/blog/login/',
  'upgrade-insecure-requests' => '1',
  'user-agent' => 'Mozilla/5.0 (Windows NT 10.0; Win64; x64) AppleWebKit/537.36 (KHTML, like Gecko) Chrome/64.0.3282.167 Safari/537.36',
)
[ info ] [ PARAM ] array (
)
[ info ] [ RUN ] app\index\controller\Index->index[ /data/home/qxu1141810136/htdocs/blog/application/index/controller/Index.php ]
[ info ] [ DB ] INIT mysql
[ info ] [ VIEW ] /data/home/qxu1141810136/htdocs/blog/application/index/view/index/index.html [ array (
  0 => 'banner',
  1 => 'changeTime',
  2 => 'propose',
  3 => 'new',
  4 => 'hot',
) ]
[ info ] [ SESSION ] INIT array (
  'id' => '',
  'var_session_id' => '',
  'prefix' => 'think',
  'type' => '',
  'auto_start' => true,
  'SESSION_EXPIRE' => 60,
)
[ info ] [ LOG ] INIT File
[ sql ] [ DB ] CONNECT:[ UseTime:0.004259s ] mysql:host=qdm191867626.my3w.com;port=3306;dbname=qdm191867626_db;charset=utf8
[ sql ] [ SQL ] SHOW COLUMNS FROM `summary_banner` [ RunTime:0.002145s ]
[ sql ] [ SQL ] SELECT * FROM `summary_banner` WHERE  `id` <> 1  AND `is_finish` = 1 ORDER BY sort desc [ RunTime:0.001363s ]
[ sql ] [ SQL ] SELECT `changeTime` FROM `summary_banner` WHERE  `id` = 1 LIMIT 1 [ RunTime:0.001250s ]
[ sql ] [ SQL ] SHOW COLUMNS FROM `summary_editor` [ RunTime:0.001910s ]
[ sql ] [ SQL ] SELECT `e`.`id`,`e`.`user_name`,`e`.`set_time`,`e`.`title`,`e`.`category`,`e`.`wrap`,`e`.`status`,`e`.`show`,`u`.`head_portrait` FROM `summary_editor` `e` LEFT JOIN `summary_propose` `p` ON `p`.`index_id`=`e`.`id` LEFT JOIN `summary_user` `u` ON `u`.`id`=`e`.`user_id` WHERE  `p`.`type` = 1 [ RunTime:0.001493s ]
[ sql ] [ SQL ] SELECT `e`.`id`,`e`.`user_name`,`e`.`set_time`,`e`.`title`,`e`.`category`,`e`.`wrap`,`u`.`head_portrait` FROM `summary_editor` `e` LEFT JOIN `summary_user` `u` ON `u`.`id`=`e`.`user_id` WHERE  `status` = 1 ORDER BY set_time desc LIMIT 3 [ RunTime:0.001555s ]
[ sql ] [ SQL ] SELECT `e`.`id`,`e`.`user_name`,`e`.`set_time`,`e`.`title`,`e`.`category`,`e`.`wrap`,`e`.`page_view`,`u`.`head_portrait` FROM `summary_editor` `e` LEFT JOIN `summary_user` `u` ON `u`.`id`=`e`.`user_id` WHERE  `status` = 1 ORDER BY page_view desc LIMIT 3 [ RunTime:0.001397s ]
---------------------------------------------------------------
[ 2018-02-28T10:56:04+08:00 ] 121.42.77.167 116.54.93.251 GET /blog/home
[ info ] www.zhangheteng.com/blog/home [运行时间：0.060295s][吞吐率：16.59req/s] [内存消耗：3,521.92kb] [文件加载：55]
[ info ] [ LANG ] /data/home/qxu1141810136/htdocs/blog/thinkphp/lang/zh-cn.php
[ info ] [ ROUTE ] array (
  'type' => 'module',
  'module' => 
  array (
    0 => 'home',
    1 => NULL,
    2 => NULL,
  ),
)
[ info ] [ HEADER ] array (
  'accept' => 'text/html,application/xhtml+xml,application/xml;q=0.9,image/webp,image/apng,*/*;q=0.8',
  'accept-encoding' => 'gzip, deflate',
  'accept-language' => 'zh-CN,zh;q=0.9',
  'connection' => 'keep-alive',
  'cookie' => 'bdshare_firstime=1512720403272; opensns_OX_LOGGED_USER=NGqcrAx1ZgkopdL%3Du%3D5kUf1b6H75LIvdP9RT-qLuPgLN%3Df9EwFOtBI1pJfPN-h5jjG6MTx8N4l5A7ErTNouMzJn38ecKZjrCdy7dvcMqug6XMrMXl; Hm_lvt_080836300300be57b7f34f4b3e97d911=1519369279; Hm_lvt_244ff9d4fa95dcc8d7e59d2dfaf5b2c4=1519725167; s_fid=06935D3E83661A36-3EA7997D24CF7B2D; s_vnum_n2_us=1%7C1; PHPSESSID=th26g82kiq80i6tfc7nr3hevn1; a7273_times=9; __51cke__=; a7273_pages=2; __tins__19217273=%7B%22sid%22%3A%201519786547329%2C%20%22vd%22%3A%202%2C%20%22expires%22%3A%201519788353650%7D; __51laig__=2',
  'host' => 'www.zhangheteng.com',
  'referer' => 'http://www.zhangheteng.com/blog/',
  'upgrade-insecure-requests' => '1',
  'user-agent' => 'Mozilla/5.0 (Windows NT 10.0; Win64; x64) AppleWebKit/537.36 (KHTML, like Gecko) Chrome/64.0.3282.167 Safari/537.36',
)
[ info ] [ PARAM ] array (
)
[ info ] [ RUN ] app\home\controller\Index->index[ /data/home/qxu1141810136/htdocs/blog/application/home/controller/Index.php ]
[ info ] [ SESSION ] INIT array (
  'id' => '',
  'var_session_id' => '',
  'prefix' => 'think',
  'type' => '',
  'auto_start' => true,
  'SESSION_EXPIRE' => 60,
)
[ info ] [ DB ] INIT mysql
[ info ] [ VIEW ] /data/home/qxu1141810136/htdocs/blog/application/home/view/index/index.html [ array (
  0 => 'data_menu',
  1 => 'theme',
) ]
[ info ] [ LOG ] INIT File
[ sql ] [ DB ] CONNECT:[ UseTime:0.004005s ] mysql:host=qdm191867626.my3w.com;port=3306;dbname=qdm191867626_db;charset=utf8
[ sql ] [ SQL ] SHOW COLUMNS FROM `summary_menu` [ RunTime:0.002411s ]
[ sql ] [ SQL ] SELECT * FROM `summary_menu` WHERE  `type` = 0 [ RunTime:0.001503s ]
[ sql ] [ SQL ] SELECT * FROM `summary_menu` WHERE  `type` = 1 ORDER BY rank asc [ RunTime:0.001434s ]
[ sql ] [ SQL ] SHOW COLUMNS FROM `summary_user` [ RunTime:0.002188s ]
[ sql ] [ SQL ] SELECT `theme`,`set_time` FROM `summary_user` WHERE  `id` = 1 LIMIT 1 [ RunTime:0.001282s ]
---------------------------------------------------------------
[ 2018-02-28T10:56:04+08:00 ] 121.42.77.167 116.54.93.251 GET /blog/home/index/welcome.html
[ info ] www.zhangheteng.com/blog/home/index/welcome.html [运行时间：0.123395s][吞吐率：8.10req/s] [内存消耗：2,392.02kb] [文件加载：47]
[ info ] [ LANG ] /data/home/qxu1141810136/htdocs/blog/thinkphp/lang/zh-cn.php
[ info ] [ ROUTE ] array (
  'type' => 'module',
  'module' => 
  array (
    0 => 'home',
    1 => 'index',
    2 => 'welcome',
  ),
)
[ info ] [ HEADER ] array (
  'accept' => 'text/html,application/xhtml+xml,application/xml;q=0.9,image/webp,image/apng,*/*;q=0.8',
  'accept-encoding' => 'gzip, deflate',
  'accept-language' => 'zh-CN,zh;q=0.9',
  'connection' => 'keep-alive',
  'cookie' => 'bdshare_firstime=1512720403272; opensns_OX_LOGGED_USER=NGqcrAx1ZgkopdL%3Du%3D5kUf1b6H75LIvdP9RT-qLuPgLN%3Df9EwFOtBI1pJfPN-h5jjG6MTx8N4l5A7ErTNouMzJn38ecKZjrCdy7dvcMqug6XMrMXl; Hm_lvt_080836300300be57b7f34f4b3e97d911=1519369279; Hm_lvt_244ff9d4fa95dcc8d7e59d2dfaf5b2c4=1519725167; s_fid=06935D3E83661A36-3EA7997D24CF7B2D; s_vnum_n2_us=1%7C1; PHPSESSID=th26g82kiq80i6tfc7nr3hevn1; a7273_times=9; __51cke__=; a7273_pages=2; __tins__19217273=%7B%22sid%22%3A%201519786547329%2C%20%22vd%22%3A%202%2C%20%22expires%22%3A%201519788353650%7D; __51laig__=2',
  'host' => 'www.zhangheteng.com',
  'referer' => 'http://www.zhangheteng.com/blog/home',
  'upgrade-insecure-requests' => '1',
  'user-agent' => 'Mozilla/5.0 (Windows NT 10.0; Win64; x64) AppleWebKit/537.36 (KHTML, like Gecko) Chrome/64.0.3282.167 Safari/537.36',
)
[ info ] [ PARAM ] array (
)
[ info ] [ RUN ] app\home\controller\Index->welcome[ /data/home/qxu1141810136/htdocs/blog/application/home/controller/Index.php ]
[ info ] [ SESSION ] INIT array (
  'id' => '',
  'var_session_id' => '',
  'prefix' => 'think',
  'type' => '',
  'auto_start' => true,
  'SESSION_EXPIRE' => 60,
)
[ info ] [ VIEW ] /data/home/qxu1141810136/htdocs/blog/application/home/view/index/welcome.html [ array (
  0 => 'info',
  1 => 'ip_address',
) ]
[ info ] [ LOG ] INIT File
---------------------------------------------------------------
[ 2018-02-28T10:56:08+08:00 ] 121.42.77.167 116.54.93.251 GET /blog/home/editor/publisher
[ info ] www.zhangheteng.com/blog/home/editor/publisher [运行时间：0.063399s][吞吐率：15.77req/s] [内存消耗：4,812.10kb] [文件加载：58]
[ info ] [ LANG ] /data/home/qxu1141810136/htdocs/blog/thinkphp/lang/zh-cn.php
[ info ] [ ROUTE ] array (
  'type' => 'module',
  'module' => 
  array (
    0 => 'home',
    1 => 'editor',
    2 => 'publisher',
  ),
)
[ info ] [ HEADER ] array (
  'accept' => 'text/html,application/xhtml+xml,application/xml;q=0.9,image/webp,image/apng,*/*;q=0.8',
  'accept-encoding' => 'gzip, deflate',
  'accept-language' => 'zh-CN,zh;q=0.9',
  'connection' => 'keep-alive',
  'cookie' => 'bdshare_firstime=1512720403272; opensns_OX_LOGGED_USER=NGqcrAx1ZgkopdL%3Du%3D5kUf1b6H75LIvdP9RT-qLuPgLN%3Df9EwFOtBI1pJfPN-h5jjG6MTx8N4l5A7ErTNouMzJn38ecKZjrCdy7dvcMqug6XMrMXl; Hm_lvt_244ff9d4fa95dcc8d7e59d2dfaf5b2c4=1519725167; s_fid=06935D3E83661A36-3EA7997D24CF7B2D; s_vnum_n2_us=1%7C1; PHPSESSID=th26g82kiq80i6tfc7nr3hevn1; a7273_times=9; __51cke__=; a7273_pages=2; __tins__19217273=%7B%22sid%22%3A%201519786547329%2C%20%22vd%22%3A%202%2C%20%22expires%22%3A%201519788353650%7D; __51laig__=2; Hm_lvt_080836300300be57b7f34f4b3e97d911=1519369279,1519786560; Hm_lpvt_080836300300be57b7f34f4b3e97d911=1519786560',
  'host' => 'www.zhangheteng.com',
  'referer' => 'http://www.zhangheteng.com/blog/home',
  'upgrade-insecure-requests' => '1',
  'user-agent' => 'Mozilla/5.0 (Windows NT 10.0; Win64; x64) AppleWebKit/537.36 (KHTML, like Gecko) Chrome/64.0.3282.167 Safari/537.36',
)
[ info ] [ PARAM ] array (
)
[ info ] [ RUN ] app\home\controller\Editor->publisher[ /data/home/qxu1141810136/htdocs/blog/application/home/controller/Editor.php ]
[ info ] [ SESSION ] INIT array (
  'id' => '',
  'var_session_id' => '',
  'prefix' => 'think',
  'type' => '',
  'auto_start' => true,
  'SESSION_EXPIRE' => 60,
)
[ info ] [ DB ] INIT mysql
[ info ] [ VIEW ] /data/home/qxu1141810136/htdocs/blog/application/home/view/editor/publisher.html [ array (
  0 => 'content',
  1 => 'list',
  2 => 'page_num',
) ]
[ info ] [ LOG ] INIT File
[ sql ] [ DB ] CONNECT:[ UseTime:0.004105s ] mysql:host=qdm191867626.my3w.com;port=3306;dbname=qdm191867626_db;charset=utf8
[ sql ] [ SQL ] SHOW COLUMNS FROM `summary_editor` [ RunTime:0.002049s ]
[ sql ] [ SQL ] SELECT COUNT(*) AS tp_count FROM `summary_editor` WHERE  (  status <> 1 ) LIMIT 1 [ RunTime:0.001206s ]
[ sql ] [ SQL ] SELECT * FROM `summary_editor` WHERE  (  status <> 1 ) ORDER BY set_time desc LIMIT 0,10 [ RunTime:0.004843s ]
---------------------------------------------------------------
[ 2018-02-28T10:56:21+08:00 ] 121.42.77.167 116.54.93.251 GET /blog/home/editor/article
[ info ] www.zhangheteng.com/blog/home/editor/article [运行时间：0.073947s][吞吐率：13.52req/s] [内存消耗：4,847.07kb] [文件加载：57]
[ info ] [ LANG ] /data/home/qxu1141810136/htdocs/blog/thinkphp/lang/zh-cn.php
[ info ] [ ROUTE ] array (
  'type' => 'module',
  'module' => 
  array (
    0 => 'home',
    1 => 'editor',
    2 => 'article',
  ),
)
[ info ] [ HEADER ] array (
  'accept' => 'text/html,application/xhtml+xml,application/xml;q=0.9,image/webp,image/apng,*/*;q=0.8',
  'accept-encoding' => 'gzip, deflate',
  'accept-language' => 'zh-CN,zh;q=0.9',
  'connection' => 'keep-alive',
  'cookie' => 'bdshare_firstime=1512720403272; opensns_OX_LOGGED_USER=NGqcrAx1ZgkopdL%3Du%3D5kUf1b6H75LIvdP9RT-qLuPgLN%3Df9EwFOtBI1pJfPN-h5jjG6MTx8N4l5A7ErTNouMzJn38ecKZjrCdy7dvcMqug6XMrMXl; Hm_lvt_244ff9d4fa95dcc8d7e59d2dfaf5b2c4=1519725167; s_fid=06935D3E83661A36-3EA7997D24CF7B2D; s_vnum_n2_us=1%7C1; PHPSESSID=th26g82kiq80i6tfc7nr3hevn1; a7273_times=9; __51cke__=; Hm_lvt_080836300300be57b7f34f4b3e97d911=1519369279,1519786560; Hm_lpvt_080836300300be57b7f34f4b3e97d911=1519786560; a7273_pages=3; __tins__19217273=%7B%22sid%22%3A%201519786547329%2C%20%22vd%22%3A%203%2C%20%22expires%22%3A%201519788363793%7D; __51laig__=3',
  'host' => 'www.zhangheteng.com',
  'referer' => 'http://www.zhangheteng.com/blog/home',
  'upgrade-insecure-requests' => '1',
  'user-agent' => 'Mozilla/5.0 (Windows NT 10.0; Win64; x64) AppleWebKit/537.36 (KHTML, like Gecko) Chrome/64.0.3282.167 Safari/537.36',
)
[ info ] [ PARAM ] array (
)
[ info ] [ RUN ] app\home\controller\Editor->article[ /data/home/qxu1141810136/htdocs/blog/application/home/controller/Editor.php ]
[ info ] [ SESSION ] INIT array (
  'id' => '',
  'var_session_id' => '',
  'prefix' => 'think',
  'type' => '',
  'auto_start' => true,
  'SESSION_EXPIRE' => 60,
)
[ info ] [ DB ] INIT mysql
[ info ] [ VIEW ] /data/home/qxu1141810136/htdocs/blog/application/home/view/editor/article.html [ array (
  0 => 'content',
  1 => 'list',
  2 => 'page_num',
) ]
[ info ] [ LOG ] INIT File
[ sql ] [ DB ] CONNECT:[ UseTime:0.003894s ] mysql:host=qdm191867626.my3w.com;port=3306;dbname=qdm191867626_db;charset=utf8
[ sql ] [ SQL ] SHOW COLUMNS FROM `summary_editor` [ RunTime:0.002092s ]
[ sql ] [ SQL ] SELECT COUNT(*) AS tp_count FROM `summary_editor` WHERE  `status` = 1 LIMIT 1 [ RunTime:0.001293s ]
[ sql ] [ SQL ] SELECT * FROM `summary_editor` WHERE  `status` = 1 ORDER BY set_time desc LIMIT 0,10 [ RunTime:0.009363s ]
---------------------------------------------------------------
[ 2018-02-28T11:01:31+08:00 ] 121.42.77.167 116.54.93.251 GET /blog/home/editor/publisher
[ info ] www.zhangheteng.com/blog/home/editor/publisher [运行时间：0.060529s][吞吐率：16.52req/s] [内存消耗：4,594.96kb] [文件加载：56]
[ info ] [ LANG ] /data/home/qxu1141810136/htdocs/blog/thinkphp/lang/zh-cn.php
[ info ] [ ROUTE ] array (
  'type' => 'module',
  'module' => 
  array (
    0 => 'home',
    1 => 'editor',
    2 => 'publisher',
  ),
)
[ info ] [ HEADER ] array (
  'accept' => 'text/html,application/xhtml+xml,application/xml;q=0.9,image/webp,image/apng,*/*;q=0.8',
  'accept-encoding' => 'gzip, deflate',
  'accept-language' => 'zh-CN,zh;q=0.9',
  'connection' => 'keep-alive',
  'cookie' => 'bdshare_firstime=1512720403272; opensns_OX_LOGGED_USER=NGqcrAx1ZgkopdL%3Du%3D5kUf1b6H75LIvdP9RT-qLuPgLN%3Df9EwFOtBI1pJfPN-h5jjG6MTx8N4l5A7ErTNouMzJn38ecKZjrCdy7dvcMqug6XMrMXl; Hm_lvt_244ff9d4fa95dcc8d7e59d2dfaf5b2c4=1519725167; s_fid=06935D3E83661A36-3EA7997D24CF7B2D; s_vnum_n2_us=1%7C1; PHPSESSID=th26g82kiq80i6tfc7nr3hevn1; a7273_times=9; __51cke__=; Hm_lvt_080836300300be57b7f34f4b3e97d911=1519369279,1519786560; Hm_lpvt_080836300300be57b7f34f4b3e97d911=1519786560; a7273_pages=4; __tins__19217273=%7B%22sid%22%3A%201519786547329%2C%20%22vd%22%3A%204%2C%20%22expires%22%3A%201519788377428%7D; __51laig__=4',
  'host' => 'www.zhangheteng.com',
  'referer' => 'http://www.zhangheteng.com/blog/home',
  'upgrade-insecure-requests' => '1',
  'user-agent' => 'Mozilla/5.0 (Windows NT 10.0; Win64; x64) AppleWebKit/537.36 (KHTML, like Gecko) Chrome/64.0.3282.167 Safari/537.36',
)
[ info ] [ PARAM ] array (
)
[ info ] [ RUN ] app\home\controller\Editor->publisher[ /data/home/qxu1141810136/htdocs/blog/application/home/controller/Editor.php ]
[ info ] [ SESSION ] INIT array (
  'id' => '',
  'var_session_id' => '',
  'prefix' => 'think',
  'type' => '',
  'auto_start' => true,
  'SESSION_EXPIRE' => 60,
)
[ info ] [ DB ] INIT mysql
[ info ] [ VIEW ] /data/home/qxu1141810136/htdocs/blog/application/home/view/editor/publisher.html [ array (
  0 => 'content',
  1 => 'list',
  2 => 'page_num',
) ]
[ info ] [ LOG ] INIT File
[ sql ] [ DB ] CONNECT:[ UseTime:0.004163s ] mysql:host=qdm191867626.my3w.com;port=3306;dbname=qdm191867626_db;charset=utf8
[ sql ] [ SQL ] SHOW COLUMNS FROM `summary_editor` [ RunTime:0.002210s ]
[ sql ] [ SQL ] SELECT COUNT(*) AS tp_count FROM `summary_editor` WHERE  (  status <> 1 ) LIMIT 1 [ RunTime:0.001138s ]
[ sql ] [ SQL ] SELECT * FROM `summary_editor` WHERE  (  status <> 1 ) ORDER BY set_time desc LIMIT 0,10 [ RunTime:0.004667s ]
---------------------------------------------------------------
[ 2018-02-28T11:29:22+08:00 ] 121.42.77.167 121.42.241.54 GET /blog/login.html
[ info ] www.zhangheteng.com/blog/login.html [运行时间：0.033996s][吞吐率：29.42req/s] [内存消耗：2,472.88kb] [文件加载：47]
[ info ] [ LANG ] /data/home/qxu1141810136/htdocs/blog/thinkphp/lang/zh-cn.php
[ info ] [ ROUTE ] array (
  'type' => 'module',
  'module' => 
  array (
    0 => 'login',
    1 => NULL,
    2 => NULL,
  ),
)
[ info ] [ HEADER ] array (
  'accept' => 'text/html, image/gif, image/jpeg, *; q=.2, */*; q=.2',
  'cache-control' => 'no-cache',
  'connection' => 'keep-alive',
  'host' => 'www.zhangheteng.com',
  'pragma' => 'no-cache',
  'user-agent' => 'Mozilla/5.0 (X11; Ubuntu; Linux x86_64; rv:36.0) Gecko/20100101 Firefox/36.0',
)
[ info ] [ PARAM ] array (
)
[ info ] [ RUN ] app\login\controller\Index->index[ /data/home/qxu1141810136/htdocs/blog/application/login/controller/Index.php ]
[ info ] [ VIEW ] /data/home/qxu1141810136/htdocs/blog/application/login/view/index/index.html [ array (
  0 => 'href',
) ]
[ info ] [ LOG ] INIT File
---------------------------------------------------------------
[ 2018-02-28T12:25:45+08:00 ] 121.42.77.167 203.208.60.200 GET /blog/login/index/forgot.html
[ info ] www.zhangheteng.com/blog/login/index/forgot.html [运行时间：0.044289s][吞吐率：22.58req/s] [内存消耗：3,326.89kb] [文件加载：54]
[ info ] [ LANG ] /data/home/qxu1141810136/htdocs/blog/thinkphp/lang/zh-cn.php
[ info ] [ ROUTE ] array (
  'type' => 'module',
  'module' => 
  array (
    0 => 'login',
    1 => 'index',
    2 => 'forgot',
  ),
)
[ info ] [ HEADER ] array (
  'accept' => 'text/html,application/xhtml+xml,application/xml;q=0.9,*/*;q=0.8',
  'accept-encoding' => 'gzip,deflate,br',
  'connection' => 'keep-alive',
  'from' => 'googlebot(at)googlebot.com',
  'host' => 'www.zhangheteng.com',
  'user-agent' => 'Mozilla/5.0 (compatible; Googlebot/2.1; +http://www.google.com/bot.html)',
)
[ info ] [ PARAM ] array (
)
[ info ] [ RUN ] app\login\controller\Index->forgot[ /data/home/qxu1141810136/htdocs/blog/application/login/controller/Index.php ]
[ info ] [ DB ] INIT mysql
[ info ] [ LOG ] INIT File
[ error ] [8]未定义数组索引: email[/data/home/qxu1141810136/htdocs/blog/application/login/controller/Index.php:92]
---------------------------------------------------------------
[ 2018-02-28T15:56:58+08:00 ] 121.42.77.167 203.208.60.198 GET /blog/home/editor/article_show/sign/19
[ info ] www.zhangheteng.com/blog/home/editor/article_show/sign/19 [运行时间：0.109984s][吞吐率：9.09req/s] [内存消耗：3,892.86kb] [文件加载：56]
[ info ] [ LANG ] /data/home/qxu1141810136/htdocs/blog/thinkphp/lang/zh-cn.php
[ info ] [ ROUTE ] array (
  'type' => 'module',
  'module' => 
  array (
    0 => 'home',
    1 => 'editor',
    2 => 'article_show',
  ),
)
[ info ] [ HEADER ] array (
  'accept' => 'text/html,application/xhtml+xml,application/xml;q=0.9,*/*;q=0.8',
  'accept-encoding' => 'gzip,deflate,br',
  'connection' => 'keep-alive',
  'from' => 'googlebot(at)googlebot.com',
  'host' => 'www.zhangheteng.com',
  'user-agent' => 'Mozilla/5.0 (compatible; Googlebot/2.1; +http://www.google.com/bot.html)',
)
[ info ] [ PARAM ] array (
  'sign' => '19',
)
[ info ] [ RUN ] app\home\controller\Editor->article_show[ /data/home/qxu1141810136/htdocs/blog/application/home/controller/Editor.php ]
[ info ] [ DB ] INIT mysql
[ info ] [ CACHE ] INIT File
[ info ] [ VIEW ] /data/home/qxu1141810136/htdocs/blog/application/home/view/editor/article_show.html [ array (
  0 => 'list',
  1 => 'user_info',
  2 => 'title',
) ]
[ info ] [ SESSION ] INIT array (
  'id' => '',
  'var_session_id' => '',
  'prefix' => 'think',
  'type' => '',
  'auto_start' => true,
  'SESSION_EXPIRE' => 60,
)
[ info ] [ LOG ] INIT File
[ sql ] [ DB ] CONNECT:[ UseTime:0.025069s ] mysql:host=qdm191867626.my3w.com;port=3306;dbname=qdm191867626_db;charset=utf8
[ sql ] [ SQL ] SHOW COLUMNS FROM `summary_editor` [ RunTime:0.002260s ]
[ sql ] [ SQL ] SELECT * FROM `summary_editor` WHERE  `id` = 19 LIMIT 1 [ RunTime:0.010133s ]
[ sql ] [ SQL ] UPDATE `summary_editor`  SET `page_view`=116  WHERE  `id` = 19 [ RunTime:0.011359s ]
[ sql ] [ SQL ] SHOW COLUMNS FROM `summary_user` [ RunTime:0.002072s ]
[ sql ] [ SQL ] SELECT `u`.*,COUNT(e.user_id) as editor_num FROM `summary_user` `u` LEFT JOIN `summary_editor` `e` ON `u`.`id`=`e`.`user_id` WHERE  `u`.`id` = '1' LIMIT 1 [ RunTime:0.001706s ]
[ sql ] [ SQL ] SHOW COLUMNS FROM `summary_follow` [ RunTime:0.001710s ]
[ sql ] [ SQL ] SELECT COUNT(*) AS tp_count FROM `summary_follow` WHERE  `who_floow` = 1 LIMIT 1 [ RunTime:0.001228s ]
[ sql ] [ SQL ] SELECT COUNT(*) AS tp_count FROM `summary_follow` WHERE  `floow_who` = 1 LIMIT 1 [ RunTime:0.001140s ]
---------------------------------------------------------------
[ 2018-02-28T15:57:16+08:00 ] 121.42.77.167 203.208.60.199 GET /blog/captcha.html
[ info ] www.zhangheteng.com/blog/captcha.html [运行时间：0.136725s][吞吐率：7.31req/s] [内存消耗：1,982.08kb] [文件加载：39]
[ info ] [ LANG ] /data/home/qxu1141810136/htdocs/blog/thinkphp/lang/zh-cn.php
[ info ] [ ROUTE ] array (
  'type' => 'method',
  'method' => 
  array (
    0 => '\\think\\captcha\\CaptchaController',
    1 => 'index',
  ),
  'var' => 
  array (
  ),
)
[ info ] [ HEADER ] array (
  'accept' => 'text/html,application/xhtml+xml,application/xml;q=0.9,*/*;q=0.8',
  'accept-encoding' => 'gzip,deflate,br',
  'connection' => 'keep-alive',
  'from' => 'googlebot(at)googlebot.com',
  'host' => 'www.zhangheteng.com',
  'user-agent' => 'Mozilla/5.0 (compatible; Googlebot/2.1; +http://www.google.com/bot.html)',
)
[ info ] [ PARAM ] array (
  'id' => NULL,
)
[ info ] [ RUN ] think\captcha\CaptchaController->index[ /data/home/qxu1141810136/htdocs/blog/vendor/topthink/think-captcha/src/CaptchaController.php ]
[ info ] [ SESSION ] INIT array (
  'id' => '',
  'var_session_id' => '',
  'prefix' => 'think',
  'type' => '',
  'auto_start' => true,
  'SESSION_EXPIRE' => 60,
)
[ info ] [ LOG ] INIT File
---------------------------------------------------------------
[ 2018-02-28T15:58:51+08:00 ] 121.42.77.167 203.208.60.199 GET /blog/login/index/add.html
[ info ] www.zhangheteng.com/blog/login/index/add.html [运行时间：0.036624s][吞吐率：27.30req/s] [内存消耗：2,422.48kb] [文件加载：48]
[ info ] [ LANG ] /data/home/qxu1141810136/htdocs/blog/thinkphp/lang/zh-cn.php
[ info ] [ ROUTE ] array (
  'type' => 'module',
  'module' => 
  array (
    0 => 'login',
    1 => 'index',
    2 => 'add',
  ),
)
[ info ] [ HEADER ] array (
  'accept' => 'text/html,application/xhtml+xml,application/xml;q=0.9,*/*;q=0.8',
  'accept-encoding' => 'gzip,deflate,br',
  'connection' => 'keep-alive',
  'from' => 'googlebot(at)googlebot.com',
  'host' => 'www.zhangheteng.com',
  'user-agent' => 'Mozilla/5.0 (compatible; Googlebot/2.1; +http://www.google.com/bot.html)',
)
[ info ] [ PARAM ] array (
)
[ info ] [ RUN ] app\login\controller\Index->add[ /data/home/qxu1141810136/htdocs/blog/application/login/controller/Index.php ]
[ info ] [ LOG ] INIT File
[ error ] [8]未定义数组索引: user_name[/data/home/qxu1141810136/htdocs/blog/application/login/controller/Index.php:208]
---------------------------------------------------------------
[ 2018-02-28T15:59:23+08:00 ] 121.42.77.167 203.208.60.202 GET /blog/login/index/index.html
[ info ] www.zhangheteng.com/blog/login/index/index.html [运行时间：0.034741s][吞吐率：28.78req/s] [内存消耗：2,473.38kb] [文件加载：47]
[ info ] [ LANG ] /data/home/qxu1141810136/htdocs/blog/thinkphp/lang/zh-cn.php
[ info ] [ ROUTE ] array (
  'type' => 'module',
  'module' => 
  array (
    0 => 'login',
    1 => 'index',
    2 => 'index',
  ),
)
[ info ] [ HEADER ] array (
  'accept' => 'text/html,application/xhtml+xml,application/xml;q=0.9,*/*;q=0.8',
  'accept-encoding' => 'gzip,deflate,br',
  'connection' => 'keep-alive',
  'from' => 'googlebot(at)googlebot.com',
  'host' => 'www.zhangheteng.com',
  'user-agent' => 'Mozilla/5.0 (compatible; Googlebot/2.1; +http://www.google.com/bot.html)',
)
[ info ] [ PARAM ] array (
)
[ info ] [ RUN ] app\login\controller\Index->index[ /data/home/qxu1141810136/htdocs/blog/application/login/controller/Index.php ]
[ info ] [ VIEW ] /data/home/qxu1141810136/htdocs/blog/application/login/view/index/index.html [ array (
  0 => 'href',
) ]
[ info ] [ LOG ] INIT File
---------------------------------------------------------------
[ 2018-02-28T15:59:55+08:00 ] 121.42.77.167 203.208.60.202 GET /blog/login/index/proving.html
[ info ] www.zhangheteng.com/blog/login/index/proving.html [运行时间：0.035143s][吞吐率：28.46req/s] [内存消耗：2,419.07kb] [文件加载：48]
[ info ] [ LANG ] /data/home/qxu1141810136/htdocs/blog/thinkphp/lang/zh-cn.php
[ info ] [ ROUTE ] array (
  'type' => 'module',
  'module' => 
  array (
    0 => 'login',
    1 => 'index',
    2 => 'proving',
  ),
)
[ info ] [ HEADER ] array (
  'accept' => 'text/html,application/xhtml+xml,application/xml;q=0.9,*/*;q=0.8',
  'accept-encoding' => 'gzip,deflate,br',
  'connection' => 'keep-alive',
  'from' => 'googlebot(at)googlebot.com',
  'host' => 'www.zhangheteng.com',
  'user-agent' => 'Mozilla/5.0 (compatible; Googlebot/2.1; +http://www.google.com/bot.html)',
)
[ info ] [ PARAM ] array (
)
[ info ] [ RUN ] app\login\controller\Index->proving[ /data/home/qxu1141810136/htdocs/blog/application/login/controller/Index.php ]
[ info ] [ LOG ] INIT File
[ error ] [8]未定义数组索引: type[/data/home/qxu1141810136/htdocs/blog/application/login/controller/Index.php:296]
---------------------------------------------------------------
[ 2018-02-28T16:00:27+08:00 ] 121.42.77.167 203.208.60.201 GET /blog/index/user/index/id/1
[ info ] www.zhangheteng.com/blog/index/user/index/id/1 [运行时间：0.035737s][吞吐率：27.98req/s] [内存消耗：2,410.80kb] [文件加载：49]
[ info ] [ LANG ] /data/home/qxu1141810136/htdocs/blog/thinkphp/lang/zh-cn.php
[ info ] [ ROUTE ] array (
  'type' => 'module',
  'module' => 
  array (
    0 => 'index',
    1 => 'user',
    2 => 'index',
  ),
)
[ info ] [ HEADER ] array (
  'accept' => 'text/html,application/xhtml+xml,application/xml;q=0.9,*/*;q=0.8',
  'accept-encoding' => 'gzip,deflate,br',
  'connection' => 'keep-alive',
  'from' => 'googlebot(at)googlebot.com',
  'host' => 'www.zhangheteng.com',
  'user-agent' => 'Mozilla/5.0 (compatible; Googlebot/2.1; +http://www.google.com/bot.html)',
)
[ info ] [ PARAM ] array (
  'id' => '1',
)
[ info ] [ RUN ] app\index\controller\User->index[ /data/home/qxu1141810136/htdocs/blog/application/index/controller/User.php ]
[ info ] [ SESSION ] INIT array (
  'id' => '',
  'var_session_id' => '',
  'prefix' => 'think',
  'type' => '',
  'auto_start' => true,
  'SESSION_EXPIRE' => 60,
)
[ info ] [ LOG ] INIT File
[ error ] [8]未定义变量: list[/data/home/qxu1141810136/htdocs/blog/application/index/controller/User.php:39]
---------------------------------------------------------------
[ 2018-02-28T16:01:01+08:00 ] 121.42.77.167 203.208.60.200 GET /blog/home/editor/article_show/sign/www.zhangheteng.com
[ info ] www.zhangheteng.com/blog/home/editor/article_show/sign/www.zhangheteng.com [运行时间：0.066215s][吞吐率：15.10req/s] [内存消耗：3,357.34kb] [文件加载：53]
[ info ] [ LANG ] /data/home/qxu1141810136/htdocs/blog/thinkphp/lang/zh-cn.php
[ info ] [ ROUTE ] array (
  'type' => 'module',
  'module' => 
  array (
    0 => 'home',
    1 => 'editor',
    2 => 'article_show',
  ),
)
[ info ] [ HEADER ] array (
  'accept' => 'text/html,application/xhtml+xml,application/xml;q=0.9,*/*;q=0.8',
  'accept-encoding' => 'gzip,deflate,br',
  'connection' => 'keep-alive',
  'from' => 'googlebot(at)googlebot.com',
  'host' => 'www.zhangheteng.com',
  'user-agent' => 'Mozilla/5.0 (compatible; Googlebot/2.1; +http://www.google.com/bot.html)',
)
[ info ] [ PARAM ] array (
  'sign' => 'www.zhangheteng.com',
)
[ info ] [ RUN ] app\home\controller\Editor->article_show[ /data/home/qxu1141810136/htdocs/blog/application/home/controller/Editor.php ]
[ info ] [ DB ] INIT mysql
[ info ] [ VIEW ] /data/home/qxu1141810136/htdocs/blog/application/home/view/editor/article_show.html [ array (
  0 => 'list',
  1 => 'user_info',
  2 => 'title',
) ]
[ info ] [ SESSION ] INIT array (
  'id' => '',
  'var_session_id' => '',
  'prefix' => 'think',
  'type' => '',
  'auto_start' => true,
  'SESSION_EXPIRE' => 60,
)
[ info ] [ LOG ] INIT File
[ sql ] [ DB ] CONNECT:[ UseTime:0.004182s ] mysql:host=qdm191867626.my3w.com;port=3306;dbname=qdm191867626_db;charset=utf8
[ sql ] [ SQL ] SHOW COLUMNS FROM `summary_editor` [ RunTime:0.002207s ]
[ sql ] [ SQL ] SELECT * FROM `summary_editor` WHERE  `id` = 0 LIMIT 1 [ RunTime:0.001470s ]
[ sql ] [ SQL ] SHOW COLUMNS FROM `summary_user` [ RunTime:0.001981s ]
[ sql ] [ SQL ] SELECT `u`.*,COUNT(e.user_id) as editor_num FROM `summary_user` `u` LEFT JOIN `summary_editor` `e` ON `u`.`id`=`e`.`user_id` WHERE  `u`.`id` IS NULL LIMIT 1 [ RunTime:0.001424s ]
[ sql ] [ SQL ] SHOW COLUMNS FROM `summary_follow` [ RunTime:0.001588s ]
[ sql ] [ SQL ] SELECT COUNT(*) AS tp_count FROM `summary_follow` WHERE  `who_floow` IS NULL LIMIT 1 [ RunTime:0.003460s ]
[ sql ] [ SQL ] SELECT COUNT(*) AS tp_count FROM `summary_follow` WHERE  `floow_who` IS NULL LIMIT 1 [ RunTime:0.001153s ]
---------------------------------------------------------------
[ 2018-02-28T16:01:39+08:00 ] 121.42.77.167 203.208.60.201 GET /blog/home/editor/article_show/sign/*.html
[ info ] www.zhangheteng.com/blog/home/editor/article_show/sign/*.html [运行时间：0.062569s][吞吐率：15.98req/s] [内存消耗：3,357.09kb] [文件加载：53]
[ info ] [ LANG ] /data/home/qxu1141810136/htdocs/blog/thinkphp/lang/zh-cn.php
[ info ] [ ROUTE ] array (
  'type' => 'module',
  'module' => 
  array (
    0 => 'home',
    1 => 'editor',
    2 => 'article_show',
  ),
)
[ info ] [ HEADER ] array (
  'accept' => 'text/html,application/xhtml+xml,application/xml;q=0.9,*/*;q=0.8',
  'accept-encoding' => 'gzip,deflate,br',
  'connection' => 'keep-alive',
  'from' => 'googlebot(at)googlebot.com',
  'host' => 'www.zhangheteng.com',
  'user-agent' => 'Mozilla/5.0 (compatible; Googlebot/2.1; +http://www.google.com/bot.html)',
)
[ info ] [ PARAM ] array (
  'sign' => '*',
)
[ info ] [ RUN ] app\home\controller\Editor->article_show[ /data/home/qxu1141810136/htdocs/blog/application/home/controller/Editor.php ]
[ info ] [ DB ] INIT mysql
[ info ] [ VIEW ] /data/home/qxu1141810136/htdocs/blog/application/home/view/editor/article_show.html [ array (
  0 => 'list',
  1 => 'user_info',
  2 => 'title',
) ]
[ info ] [ SESSION ] INIT array (
  'id' => '',
  'var_session_id' => '',
  'prefix' => 'think',
  'type' => '',
  'auto_start' => true,
  'SESSION_EXPIRE' => 60,
)
[ info ] [ LOG ] INIT File
[ sql ] [ DB ] CONNECT:[ UseTime:0.004043s ] mysql:host=qdm191867626.my3w.com;port=3306;dbname=qdm191867626_db;charset=utf8
[ sql ] [ SQL ] SHOW COLUMNS FROM `summary_editor` [ RunTime:0.002352s ]
[ sql ] [ SQL ] SELECT * FROM `summary_editor` WHERE  `id` = 0 LIMIT 1 [ RunTime:0.001529s ]
[ sql ] [ SQL ] SHOW COLUMNS FROM `summary_user` [ RunTime:0.002059s ]
[ sql ] [ SQL ] SELECT `u`.*,COUNT(e.user_id) as editor_num FROM `summary_user` `u` LEFT JOIN `summary_editor` `e` ON `u`.`id`=`e`.`user_id` WHERE  `u`.`id` IS NULL LIMIT 1 [ RunTime:0.001444s ]
[ sql ] [ SQL ] SHOW COLUMNS FROM `summary_follow` [ RunTime:0.001615s ]
[ sql ] [ SQL ] SELECT COUNT(*) AS tp_count FROM `summary_follow` WHERE  `who_floow` IS NULL LIMIT 1 [ RunTime:0.001045s ]
[ sql ] [ SQL ] SELECT COUNT(*) AS tp_count FROM `summary_follow` WHERE  `floow_who` IS NULL LIMIT 1 [ RunTime:0.001095s ]
---------------------------------------------------------------
[ 2018-02-28T16:55:44+08:00 ] 121.42.77.167 47.92.22.210 GET /blog/index/index/search
[ info ] www.zhangheteng.com/blog/index/index/search [运行时间：0.030776s][吞吐率：32.49req/s] [内存消耗：2,281.78kb] [文件加载：44]
[ info ] [ LANG ] /data/home/qxu1141810136/htdocs/blog/thinkphp/lang/zh-cn.php
[ info ] [ ROUTE ] array (
  'type' => 'module',
  'module' => 
  array (
    0 => 'index',
    1 => 'index',
    2 => 'search',
  ),
)
[ info ] [ HEADER ] array (
  'accept' => 'text/html, image/gif, image/jpeg, *; q=.2, */*; q=.2',
  'cache-control' => 'no-cache',
  'connection' => 'keep-alive',
  'host' => 'www.zhangheteng.com',
  'pragma' => 'no-cache',
  'user-agent' => 'Mozilla/5.0 (X11; Ubuntu; Linux x86_64; rv:36.0) Gecko/20100101 Firefox/36.0',
)
[ info ] [ PARAM ] array (
)
[ info ] [ RUN ] app\index\controller\Index->search[ /data/home/qxu1141810136/htdocs/blog/application/index/controller/Index.php ]
[ info ] [ LOG ] INIT File
---------------------------------------------------------------
[ 2018-02-28T17:10:39+08:00 ] 121.42.77.167 39.104.29.35 GET /blog/home/editor/article_show/sign/20
[ info ] www.zhangheteng.com/blog/home/editor/article_show/sign/20 [运行时间：0.104553s][吞吐率：9.56req/s] [内存消耗：3,502.27kb] [文件加载：56]
[ info ] [ LANG ] /data/home/qxu1141810136/htdocs/blog/thinkphp/lang/zh-cn.php
[ info ] [ ROUTE ] array (
  'type' => 'module',
  'module' => 
  array (
    0 => 'home',
    1 => 'editor',
    2 => 'article_show',
  ),
)
[ info ] [ HEADER ] array (
  'accept' => 'text/html, image/gif, image/jpeg, *; q=.2, */*; q=.2',
  'cache-control' => 'no-cache',
  'connection' => 'keep-alive',
  'host' => 'www.zhangheteng.com',
  'pragma' => 'no-cache',
  'user-agent' => 'Mozilla/5.0 (X11; Ubuntu; Linux x86_64; rv:36.0) Gecko/20100101 Firefox/36.0',
)
[ info ] [ PARAM ] array (
  'sign' => '20',
)
[ info ] [ RUN ] app\home\controller\Editor->article_show[ /data/home/qxu1141810136/htdocs/blog/application/home/controller/Editor.php ]
[ info ] [ DB ] INIT mysql
[ info ] [ CACHE ] INIT File
[ info ] [ VIEW ] /data/home/qxu1141810136/htdocs/blog/application/home/view/editor/article_show.html [ array (
  0 => 'list',
  1 => 'user_info',
  2 => 'title',
) ]
[ info ] [ SESSION ] INIT array (
  'id' => '',
  'var_session_id' => '',
  'prefix' => 'think',
  'type' => '',
  'auto_start' => true,
  'SESSION_EXPIRE' => 60,
)
[ info ] [ LOG ] INIT File
[ sql ] [ DB ] CONNECT:[ UseTime:0.023050s ] mysql:host=qdm191867626.my3w.com;port=3306;dbname=qdm191867626_db;charset=utf8
[ sql ] [ SQL ] SHOW COLUMNS FROM `summary_editor` [ RunTime:0.002155s ]
[ sql ] [ SQL ] SELECT * FROM `summary_editor` WHERE  `id` = 20 LIMIT 1 [ RunTime:0.002770s ]
[ sql ] [ SQL ] UPDATE `summary_editor`  SET `page_view`=326  WHERE  `id` = 20 [ RunTime:0.020343s ]
[ sql ] [ SQL ] SHOW COLUMNS FROM `summary_user` [ RunTime:0.002242s ]
[ sql ] [ SQL ] SELECT `u`.*,COUNT(e.user_id) as editor_num FROM `summary_user` `u` LEFT JOIN `summary_editor` `e` ON `u`.`id`=`e`.`user_id` WHERE  `u`.`id` = '1' LIMIT 1 [ RunTime:0.001649s ]
[ sql ] [ SQL ] SHOW COLUMNS FROM `summary_follow` [ RunTime:0.001631s ]
[ sql ] [ SQL ] SELECT COUNT(*) AS tp_count FROM `summary_follow` WHERE  `who_floow` = 1 LIMIT 1 [ RunTime:0.001116s ]
[ sql ] [ SQL ] SELECT COUNT(*) AS tp_count FROM `summary_follow` WHERE  `floow_who` = 1 LIMIT 1 [ RunTime:0.001152s ]
---------------------------------------------------------------
[ 2018-02-28T18:16:35+08:00 ] 121.42.77.167 203.208.60.202 GET /blog/login/index/forgot.html
[ info ] www.zhangheteng.com/blog/login/index/forgot.html [运行时间：0.045654s][吞吐率：21.90req/s] [内存消耗：3,326.89kb] [文件加载：54]
[ info ] [ LANG ] /data/home/qxu1141810136/htdocs/blog/thinkphp/lang/zh-cn.php
[ info ] [ ROUTE ] array (
  'type' => 'module',
  'module' => 
  array (
    0 => 'login',
    1 => 'index',
    2 => 'forgot',
  ),
)
[ info ] [ HEADER ] array (
  'accept' => 'text/html,application/xhtml+xml,application/xml;q=0.9,*/*;q=0.8',
  'accept-encoding' => 'gzip,deflate,br',
  'connection' => 'keep-alive',
  'from' => 'googlebot(at)googlebot.com',
  'host' => 'www.zhangheteng.com',
  'user-agent' => 'Mozilla/5.0 (compatible; Googlebot/2.1; +http://www.google.com/bot.html)',
)
[ info ] [ PARAM ] array (
)
[ info ] [ RUN ] app\login\controller\Index->forgot[ /data/home/qxu1141810136/htdocs/blog/application/login/controller/Index.php ]
[ info ] [ DB ] INIT mysql
[ info ] [ LOG ] INIT File
[ error ] [8]未定义数组索引: email[/data/home/qxu1141810136/htdocs/blog/application/login/controller/Index.php:92]
---------------------------------------------------------------
[ 2018-02-28T18:39:18+08:00 ] 121.42.77.167 203.208.60.200 GET /blog/home/editor/article_show/sign/20
[ info ] www.zhangheteng.com/blog/home/editor/article_show/sign/20 [运行时间：0.513634s][吞吐率：1.95req/s] [内存消耗：3,503.04kb] [文件加载：56]
[ info ] [ LANG ] /data/home/qxu1141810136/htdocs/blog/thinkphp/lang/zh-cn.php
[ info ] [ ROUTE ] array (
  'type' => 'module',
  'module' => 
  array (
    0 => 'home',
    1 => 'editor',
    2 => 'article_show',
  ),
)
[ info ] [ HEADER ] array (
  'accept' => 'text/html,application/xhtml+xml,application/xml;q=0.9,*/*;q=0.8',
  'accept-encoding' => 'gzip,deflate,br',
  'connection' => 'keep-alive',
  'from' => 'googlebot(at)googlebot.com',
  'host' => 'www.zhangheteng.com',
  'user-agent' => 'Mozilla/5.0 (Linux; Android 6.0.1; Nexus 5X Build/MMB29P) AppleWebKit/537.36 (KHTML, like Gecko) Chrome/41.0.2272.96 Mobile Safari/537.36 (compatible; Googlebot/2.1; +http://www.google.com/bot.html)',
)
[ info ] [ PARAM ] array (
  'sign' => '20',
)
[ info ] [ RUN ] app\home\controller\Editor->article_show[ /data/home/qxu1141810136/htdocs/blog/application/home/controller/Editor.php ]
[ info ] [ DB ] INIT mysql
[ info ] [ CACHE ] INIT File
[ info ] [ VIEW ] /data/home/qxu1141810136/htdocs/blog/application/home/view/editor/article_show.html [ array (
  0 => 'list',
  1 => 'user_info',
  2 => 'title',
) ]
[ info ] [ SESSION ] INIT array (
  'id' => '',
  'var_session_id' => '',
  'prefix' => 'think',
  'type' => '',
  'auto_start' => true,
  'SESSION_EXPIRE' => 60,
)
[ info ] [ LOG ] INIT File
[ sql ] [ DB ] CONNECT:[ UseTime:0.021251s ] mysql:host=qdm191867626.my3w.com;port=3306;dbname=qdm191867626_db;charset=utf8
[ sql ] [ SQL ] SHOW COLUMNS FROM `summary_editor` [ RunTime:0.013598s ]
[ sql ] [ SQL ] SELECT * FROM `summary_editor` WHERE  `id` = 20 LIMIT 1 [ RunTime:0.002653s ]
[ sql ] [ SQL ] UPDATE `summary_editor`  SET `page_view`=327  WHERE  `id` = 20 [ RunTime:0.416424s ]
[ sql ] [ SQL ] SHOW COLUMNS FROM `summary_user` [ RunTime:0.002656s ]
[ sql ] [ SQL ] SELECT `u`.*,COUNT(e.user_id) as editor_num FROM `summary_user` `u` LEFT JOIN `summary_editor` `e` ON `u`.`id`=`e`.`user_id` WHERE  `u`.`id` = '1' LIMIT 1 [ RunTime:0.001762s ]
[ sql ] [ SQL ] SHOW COLUMNS FROM `summary_follow` [ RunTime:0.001843s ]
[ sql ] [ SQL ] SELECT COUNT(*) AS tp_count FROM `summary_follow` WHERE  `who_floow` = 1 LIMIT 1 [ RunTime:0.001268s ]
[ sql ] [ SQL ] SELECT COUNT(*) AS tp_count FROM `summary_follow` WHERE  `floow_who` = 1 LIMIT 1 [ RunTime:0.001172s ]
---------------------------------------------------------------
[ 2018-02-28T18:59:40+08:00 ] 121.42.77.167 203.208.60.198 GET /blog/home/editor/article_show/sign/18
[ info ] www.zhangheteng.com/blog/home/editor/article_show/sign/18 [运行时间：0.114301s][吞吐率：8.75req/s] [内存消耗：3,494.09kb] [文件加载：56]
[ info ] [ LANG ] /data/home/qxu1141810136/htdocs/blog/thinkphp/lang/zh-cn.php
[ info ] [ ROUTE ] array (
  'type' => 'module',
  'module' => 
  array (
    0 => 'home',
    1 => 'editor',
    2 => 'article_show',
  ),
)
[ info ] [ HEADER ] array (
  'accept' => 'text/html,application/xhtml+xml,application/xml;q=0.9,*/*;q=0.8',
  'accept-encoding' => 'gzip,deflate,br',
  'connection' => 'keep-alive',
  'from' => 'googlebot(at)googlebot.com',
  'host' => 'www.zhangheteng.com',
  'user-agent' => 'Mozilla/5.0 (Linux; Android 6.0.1; Nexus 5X Build/MMB29P) AppleWebKit/537.36 (KHTML, like Gecko) Chrome/41.0.2272.96 Mobile Safari/537.36 (compatible; Googlebot/2.1; +http://www.google.com/bot.html)',
)
[ info ] [ PARAM ] array (
  'sign' => '18',
)
[ info ] [ RUN ] app\home\controller\Editor->article_show[ /data/home/qxu1141810136/htdocs/blog/application/home/controller/Editor.php ]
[ info ] [ DB ] INIT mysql
[ info ] [ CACHE ] INIT File
[ info ] [ VIEW ] /data/home/qxu1141810136/htdocs/blog/application/home/view/editor/article_show.html [ array (
  0 => 'list',
  1 => 'user_info',
  2 => 'title',
) ]
[ info ] [ SESSION ] INIT array (
  'id' => '',
  'var_session_id' => '',
  'prefix' => 'think',
  'type' => '',
  'auto_start' => true,
  'SESSION_EXPIRE' => 60,
)
[ info ] [ LOG ] INIT File
[ sql ] [ DB ] CONNECT:[ UseTime:0.024632s ] mysql:host=qdm191867626.my3w.com;port=3306;dbname=qdm191867626_db;charset=utf8
[ sql ] [ SQL ] SHOW COLUMNS FROM `summary_editor` [ RunTime:0.002235s ]
[ sql ] [ SQL ] SELECT * FROM `summary_editor` WHERE  `id` = 18 LIMIT 1 [ RunTime:0.002346s ]
[ sql ] [ SQL ] UPDATE `summary_editor`  SET `page_view`=113  WHERE  `id` = 18 [ RunTime:0.027062s ]
[ sql ] [ SQL ] SHOW COLUMNS FROM `summary_user` [ RunTime:0.002143s ]
[ sql ] [ SQL ] SELECT `u`.*,COUNT(e.user_id) as editor_num FROM `summary_user` `u` LEFT JOIN `summary_editor` `e` ON `u`.`id`=`e`.`user_id` WHERE  `u`.`id` = '1' LIMIT 1 [ RunTime:0.001641s ]
[ sql ] [ SQL ] SHOW COLUMNS FROM `summary_follow` [ RunTime:0.001708s ]
[ sql ] [ SQL ] SELECT COUNT(*) AS tp_count FROM `summary_follow` WHERE  `who_floow` = 1 LIMIT 1 [ RunTime:0.001133s ]
[ sql ] [ SQL ] SELECT COUNT(*) AS tp_count FROM `summary_follow` WHERE  `floow_who` = 1 LIMIT 1 [ RunTime:0.001136s ]
---------------------------------------------------------------
[ 2018-02-28T19:45:37+08:00 ] 121.42.77.167 203.208.60.229 GET /blog/home
[ info ] www.zhangheteng.com/blog/home [运行时间：0.033721s][吞吐率：29.66req/s] [内存消耗：2,393.91kb] [文件加载：45]
[ info ] [ LANG ] /data/home/qxu1141810136/htdocs/blog/thinkphp/lang/zh-cn.php
[ info ] [ ROUTE ] array (
  'type' => 'module',
  'module' => 
  array (
    0 => 'home',
    1 => NULL,
    2 => NULL,
  ),
)
[ info ] [ HEADER ] array (
  'accept' => 'text/html,application/xhtml+xml,application/xml;q=0.9,*/*;q=0.8',
  'accept-encoding' => 'gzip,deflate,br',
  'connection' => 'keep-alive',
  'from' => 'googlebot(at)googlebot.com',
  'host' => 'www.zhangheteng.com',
  'user-agent' => 'Mozilla/5.0 (Linux; Android 6.0.1; Nexus 5X Build/MMB29P) AppleWebKit/537.36 (KHTML, like Gecko) Chrome/41.0.2272.96 Mobile Safari/537.36 (compatible; Googlebot/2.1; +http://www.google.com/bot.html)',
)
[ info ] [ PARAM ] array (
)
[ info ] [ RUN ] app\home\controller\Index->index[ /data/home/qxu1141810136/htdocs/blog/application/home/controller/Index.php ]
[ info ] [ SESSION ] INIT array (
  'id' => '',
  'var_session_id' => '',
  'prefix' => 'think',
  'type' => '',
  'auto_start' => true,
  'SESSION_EXPIRE' => 60,
)
[ info ] [ LOG ] INIT File
---------------------------------------------------------------
[ 2018-02-28T19:45:38+08:00 ] 121.42.77.167 203.208.60.135 GET /blog/login.html
[ info ] www.zhangheteng.com/blog/login.html [运行时间：0.032814s][吞吐率：30.47req/s] [内存消耗：2,474.16kb] [文件加载：47]
[ info ] [ LANG ] /data/home/qxu1141810136/htdocs/blog/thinkphp/lang/zh-cn.php
[ info ] [ ROUTE ] array (
  'type' => 'module',
  'module' => 
  array (
    0 => 'login',
    1 => NULL,
    2 => NULL,
  ),
)
[ info ] [ HEADER ] array (
  'accept' => 'text/html,application/xhtml+xml,application/xml;q=0.9,*/*;q=0.8',
  'accept-encoding' => 'gzip,deflate,br',
  'connection' => 'keep-alive',
  'cookie' => 'PHPSESSID=ol650gaahek0np9l69boikb9l4',
  'from' => 'googlebot(at)googlebot.com',
  'host' => 'www.zhangheteng.com',
  'user-agent' => 'Mozilla/5.0 (Linux; Android 6.0.1; Nexus 5X Build/MMB29P) AppleWebKit/537.36 (KHTML, like Gecko) Chrome/41.0.2272.96 Mobile Safari/537.36 (compatible; Googlebot/2.1; +http://www.google.com/bot.html)',
)
[ info ] [ PARAM ] array (
)
[ info ] [ RUN ] app\login\controller\Index->index[ /data/home/qxu1141810136/htdocs/blog/application/login/controller/Index.php ]
[ info ] [ VIEW ] /data/home/qxu1141810136/htdocs/blog/application/login/view/index/index.html [ array (
  0 => 'href',
) ]
[ info ] [ LOG ] INIT File
---------------------------------------------------------------
[ 2018-02-28T21:34:33+08:00 ] 121.42.77.167 203.208.60.201 GET /blog/index/user/index/id/1
[ info ] www.zhangheteng.com/blog/index/user/index/id/1 [运行时间：0.038618s][吞吐率：25.89req/s] [内存消耗：2,410.80kb] [文件加载：49]
[ info ] [ LANG ] /data/home/qxu1141810136/htdocs/blog/thinkphp/lang/zh-cn.php
[ info ] [ ROUTE ] array (
  'type' => 'module',
  'module' => 
  array (
    0 => 'index',
    1 => 'user',
    2 => 'index',
  ),
)
[ info ] [ HEADER ] array (
  'accept' => 'text/html,application/xhtml+xml,application/xml;q=0.9,*/*;q=0.8',
  'accept-encoding' => 'gzip,deflate,br',
  'connection' => 'keep-alive',
  'from' => 'googlebot(at)googlebot.com',
  'host' => 'www.zhangheteng.com',
  'user-agent' => 'Mozilla/5.0 (compatible; Googlebot/2.1; +http://www.google.com/bot.html)',
)
[ info ] [ PARAM ] array (
  'id' => '1',
)
[ info ] [ RUN ] app\index\controller\User->index[ /data/home/qxu1141810136/htdocs/blog/application/index/controller/User.php ]
[ info ] [ SESSION ] INIT array (
  'id' => '',
  'var_session_id' => '',
  'prefix' => 'think',
  'type' => '',
  'auto_start' => true,
  'SESSION_EXPIRE' => 60,
)
[ info ] [ LOG ] INIT File
[ error ] [8]未定义变量: list[/data/home/qxu1141810136/htdocs/blog/application/index/controller/User.php:39]
---------------------------------------------------------------
[ 2018-02-28T21:34:44+08:00 ] 121.42.77.167 203.208.60.200 GET /blog/login/index/proving.html
[ info ] www.zhangheteng.com/blog/login/index/proving.html [运行时间：0.037253s][吞吐率：26.84req/s] [内存消耗：2,419.09kb] [文件加载：48]
[ info ] [ LANG ] /data/home/qxu1141810136/htdocs/blog/thinkphp/lang/zh-cn.php
[ info ] [ ROUTE ] array (
  'type' => 'module',
  'module' => 
  array (
    0 => 'login',
    1 => 'index',
    2 => 'proving',
  ),
)
[ info ] [ HEADER ] array (
  'accept' => 'text/html,application/xhtml+xml,application/xml;q=0.9,*/*;q=0.8',
  'accept-encoding' => 'gzip,deflate,br',
  'connection' => 'keep-alive',
  'from' => 'googlebot(at)googlebot.com',
  'host' => 'www.zhangheteng.com',
  'user-agent' => 'Mozilla/5.0 (compatible; Googlebot/2.1; +http://www.google.com/bot.html)',
)
[ info ] [ PARAM ] array (
)
[ info ] [ RUN ] app\login\controller\Index->proving[ /data/home/qxu1141810136/htdocs/blog/application/login/controller/Index.php ]
[ info ] [ LOG ] INIT File
[ error ] [8]未定义数组索引: type[/data/home/qxu1141810136/htdocs/blog/application/login/controller/Index.php:296]
---------------------------------------------------------------
[ 2018-02-28T21:34:54+08:00 ] 121.42.77.167 203.208.60.199 GET /blog/login/index/add.html
[ info ] www.zhangheteng.com/blog/login/index/add.html [运行时间：0.035330s][吞吐率：28.30req/s] [内存消耗：2,422.48kb] [文件加载：48]
[ info ] [ LANG ] /data/home/qxu1141810136/htdocs/blog/thinkphp/lang/zh-cn.php
[ info ] [ ROUTE ] array (
  'type' => 'module',
  'module' => 
  array (
    0 => 'login',
    1 => 'index',
    2 => 'add',
  ),
)
[ info ] [ HEADER ] array (
  'accept' => 'text/html,application/xhtml+xml,application/xml;q=0.9,*/*;q=0.8',
  'accept-encoding' => 'gzip,deflate,br',
  'connection' => 'keep-alive',
  'from' => 'googlebot(at)googlebot.com',
  'host' => 'www.zhangheteng.com',
  'user-agent' => 'Mozilla/5.0 (compatible; Googlebot/2.1; +http://www.google.com/bot.html)',
)
[ info ] [ PARAM ] array (
)
[ info ] [ RUN ] app\login\controller\Index->add[ /data/home/qxu1141810136/htdocs/blog/application/login/controller/Index.php ]
[ info ] [ LOG ] INIT File
[ error ] [8]未定义数组索引: user_name[/data/home/qxu1141810136/htdocs/blog/application/login/controller/Index.php:208]
